[0.116s] DEBUG:colcon:Command line arguments: ['/usr/bin/colcon', 'build']
[0.116s] DEBUG:colcon:Parsed command line arguments: Namespace(log_base=None, log_level=None, verb_name='build', build_base='build', install_base='install', merge_install=False, symlink_install=False, test_result_base=None, continue_on_error=False, executor='parallel', parallel_workers=16, event_handlers=None, ignore_user_meta=False, metas=['./colcon.meta'], base_paths=['.'], packages_ignore=None, packages_ignore_regex=None, paths=None, packages_up_to=None, packages_up_to_regex=None, packages_above=None, packages_above_and_dependencies=None, packages_above_depth=None, packages_select_by_dep=None, packages_skip_by_dep=None, packages_skip_up_to=None, packages_select_build_failed=False, packages_skip_build_finished=False, packages_select_test_failures=False, packages_skip_test_passed=False, packages_select=None, packages_skip=None, packages_select_regex=None, packages_skip_regex=None, packages_start=None, packages_end=None, allow_overriding=[], cmake_args=None, cmake_target=None, cmake_target_skip_unavailable=False, cmake_clean_cache=False, cmake_clean_first=False, cmake_force_configure=False, ament_cmake_args=None, catkin_cmake_args=None, catkin_skip_building_tests=False, verb_parser=<colcon_defaults.argument_parser.defaults.DefaultArgumentsDecorator object at 0x7f390fd00b20>, verb_extension=<colcon_core.verb.build.BuildVerb object at 0x7f390fd00070>, main=<bound method BuildVerb.main of <colcon_core.verb.build.BuildVerb object at 0x7f390fd00070>>)
[0.198s] Level 1:colcon.colcon_core.package_discovery:discover_packages(colcon_meta) check parameters
[0.198s] Level 1:colcon.colcon_core.package_discovery:discover_packages(recursive) check parameters
[0.198s] Level 1:colcon.colcon_core.package_discovery:discover_packages(ignore) check parameters
[0.198s] Level 1:colcon.colcon_core.package_discovery:discover_packages(path) check parameters
[0.198s] Level 1:colcon.colcon_core.package_discovery:discover_packages(colcon_meta) discover
[0.198s] Level 1:colcon.colcon_core.package_discovery:discover_packages(recursive) discover
[0.198s] INFO:colcon.colcon_core.package_discovery:Crawling recursively for packages in '/home/ros2/arduinobot_ws'
[0.198s] Level 1:colcon.colcon_core.package_identification:_identify(.) by extensions ['ignore', 'ignore_ament_install']
[0.198s] Level 1:colcon.colcon_core.package_identification:_identify(.) by extension 'ignore'
[0.198s] Level 1:colcon.colcon_core.package_identification:_identify(.) by extension 'ignore_ament_install'
[0.198s] Level 1:colcon.colcon_core.package_identification:_identify(.) by extensions ['colcon_pkg']
[0.198s] Level 1:colcon.colcon_core.package_identification:_identify(.) by extension 'colcon_pkg'
[0.198s] Level 1:colcon.colcon_core.package_identification:_identify(.) by extensions ['colcon_meta']
[0.198s] Level 1:colcon.colcon_core.package_identification:_identify(.) by extension 'colcon_meta'
[0.198s] Level 1:colcon.colcon_core.package_identification:_identify(.) by extensions ['ros']
[0.198s] Level 1:colcon.colcon_core.package_identification:_identify(.) by extension 'ros'
[0.204s] Level 1:colcon.colcon_core.package_identification:_identify(.) by extensions ['cmake', 'python']
[0.204s] Level 1:colcon.colcon_core.package_identification:_identify(.) by extension 'cmake'
[0.204s] Level 1:colcon.colcon_core.package_identification:_identify(.) by extension 'python'
[0.204s] Level 1:colcon.colcon_core.package_identification:_identify(.) by extensions ['python_setup_py']
[0.204s] Level 1:colcon.colcon_core.package_identification:_identify(.) by extension 'python_setup_py'
[0.204s] Level 1:colcon.colcon_core.package_identification:_identify(build) by extensions ['ignore', 'ignore_ament_install']
[0.204s] Level 1:colcon.colcon_core.package_identification:_identify(build) by extension 'ignore'
[0.204s] Level 1:colcon.colcon_core.package_identification:_identify(build) ignored
[0.204s] Level 1:colcon.colcon_core.package_identification:_identify(install) by extensions ['ignore', 'ignore_ament_install']
[0.204s] Level 1:colcon.colcon_core.package_identification:_identify(install) by extension 'ignore'
[0.204s] Level 1:colcon.colcon_core.package_identification:_identify(install) ignored
[0.204s] Level 1:colcon.colcon_core.package_identification:_identify(log) by extensions ['ignore', 'ignore_ament_install']
[0.204s] Level 1:colcon.colcon_core.package_identification:_identify(log) by extension 'ignore'
[0.204s] Level 1:colcon.colcon_core.package_identification:_identify(log) ignored
[0.204s] Level 1:colcon.colcon_core.package_identification:_identify(src) by extensions ['ignore', 'ignore_ament_install']
[0.204s] Level 1:colcon.colcon_core.package_identification:_identify(src) by extension 'ignore'
[0.204s] Level 1:colcon.colcon_core.package_identification:_identify(src) by extension 'ignore_ament_install'
[0.205s] Level 1:colcon.colcon_core.package_identification:_identify(src) by extensions ['colcon_pkg']
[0.205s] Level 1:colcon.colcon_core.package_identification:_identify(src) by extension 'colcon_pkg'
[0.205s] Level 1:colcon.colcon_core.package_identification:_identify(src) by extensions ['colcon_meta']
[0.205s] Level 1:colcon.colcon_core.package_identification:_identify(src) by extension 'colcon_meta'
[0.205s] Level 1:colcon.colcon_core.package_identification:_identify(src) by extensions ['ros']
[0.205s] Level 1:colcon.colcon_core.package_identification:_identify(src) by extension 'ros'
[0.205s] Level 1:colcon.colcon_core.package_identification:_identify(src) by extensions ['cmake', 'python']
[0.205s] Level 1:colcon.colcon_core.package_identification:_identify(src) by extension 'cmake'
[0.205s] Level 1:colcon.colcon_core.package_identification:_identify(src) by extension 'python'
[0.205s] Level 1:colcon.colcon_core.package_identification:_identify(src) by extensions ['python_setup_py']
[0.205s] Level 1:colcon.colcon_core.package_identification:_identify(src) by extension 'python_setup_py'
[0.205s] Level 1:colcon.colcon_core.package_identification:_identify(src/arduinobot_controller) by extensions ['ignore', 'ignore_ament_install']
[0.205s] Level 1:colcon.colcon_core.package_identification:_identify(src/arduinobot_controller) by extension 'ignore'
[0.205s] Level 1:colcon.colcon_core.package_identification:_identify(src/arduinobot_controller) by extension 'ignore_ament_install'
[0.205s] Level 1:colcon.colcon_core.package_identification:_identify(src/arduinobot_controller) by extensions ['colcon_pkg']
[0.205s] Level 1:colcon.colcon_core.package_identification:_identify(src/arduinobot_controller) by extension 'colcon_pkg'
[0.205s] Level 1:colcon.colcon_core.package_identification:_identify(src/arduinobot_controller) by extensions ['colcon_meta']
[0.205s] Level 1:colcon.colcon_core.package_identification:_identify(src/arduinobot_controller) by extension 'colcon_meta'
[0.205s] Level 1:colcon.colcon_core.package_identification:_identify(src/arduinobot_controller) by extensions ['ros']
[0.205s] Level 1:colcon.colcon_core.package_identification:_identify(src/arduinobot_controller) by extension 'ros'
[0.206s] DEBUG:colcon.colcon_core.package_identification:Package 'src/arduinobot_controller' with type 'ros.ament_cmake' and name 'arduinobot_controller'
[0.206s] Level 1:colcon.colcon_core.package_identification:_identify(src/arduinobot_description) by extensions ['ignore', 'ignore_ament_install']
[0.206s] Level 1:colcon.colcon_core.package_identification:_identify(src/arduinobot_description) by extension 'ignore'
[0.206s] Level 1:colcon.colcon_core.package_identification:_identify(src/arduinobot_description) by extension 'ignore_ament_install'
[0.206s] Level 1:colcon.colcon_core.package_identification:_identify(src/arduinobot_description) by extensions ['colcon_pkg']
[0.206s] Level 1:colcon.colcon_core.package_identification:_identify(src/arduinobot_description) by extension 'colcon_pkg'
[0.206s] Level 1:colcon.colcon_core.package_identification:_identify(src/arduinobot_description) by extensions ['colcon_meta']
[0.206s] Level 1:colcon.colcon_core.package_identification:_identify(src/arduinobot_description) by extension 'colcon_meta'
[0.206s] Level 1:colcon.colcon_core.package_identification:_identify(src/arduinobot_description) by extensions ['ros']
[0.206s] Level 1:colcon.colcon_core.package_identification:_identify(src/arduinobot_description) by extension 'ros'
[0.207s] DEBUG:colcon.colcon_core.package_identification:Package 'src/arduinobot_description' with type 'ros.ament_cmake' and name 'arduinobot_description'
[0.207s] Level 1:colcon.colcon_core.package_discovery:discover_packages(recursive) using defaults
[0.207s] Level 1:colcon.colcon_core.package_discovery:discover_packages(ignore) discover
[0.207s] Level 1:colcon.colcon_core.package_discovery:discover_packages(ignore) using defaults
[0.207s] Level 1:colcon.colcon_core.package_discovery:discover_packages(path) discover
[0.207s] Level 1:colcon.colcon_core.package_discovery:discover_packages(path) using defaults
[0.217s] Level 1:colcon.colcon_core.package_discovery:discover_packages(prefix_path) check parameters
[0.217s] Level 1:colcon.colcon_core.package_discovery:discover_packages(prefix_path) discover
[0.219s] DEBUG:colcon.colcon_installed_package_information.package_discovery:Found 2 installed packages in /home/ros2/arduinobot_ws/install
[0.219s] DEBUG:colcon.colcon_installed_package_information.package_discovery:Found 2 installed packages in /home/ros2/manipulation_ws/install
[0.219s] DEBUG:colcon.colcon_installed_package_information.package_discovery:Found 4 installed packages in /home/ros2/ros2_ws/install
[0.220s] DEBUG:colcon.colcon_installed_package_information.package_discovery:Found 38 installed packages in /home/ros2/bookros2_ws/install
[0.221s] DEBUG:colcon.colcon_installed_package_information.package_discovery:Found 417 installed packages in /opt/ros/humble
[0.227s] Level 1:colcon.colcon_core.package_discovery:discover_packages(prefix_path) using defaults
[0.253s] Level 5:colcon.colcon_core.verb:set package 'arduinobot_controller' build argument 'cmake_args' from command line to 'None'
[0.253s] Level 5:colcon.colcon_core.verb:set package 'arduinobot_controller' build argument 'cmake_target' from command line to 'None'
[0.253s] Level 5:colcon.colcon_core.verb:set package 'arduinobot_controller' build argument 'cmake_target_skip_unavailable' from command line to 'False'
[0.253s] Level 5:colcon.colcon_core.verb:set package 'arduinobot_controller' build argument 'cmake_clean_cache' from command line to 'False'
[0.253s] Level 5:colcon.colcon_core.verb:set package 'arduinobot_controller' build argument 'cmake_clean_first' from command line to 'False'
[0.253s] Level 5:colcon.colcon_core.verb:set package 'arduinobot_controller' build argument 'cmake_force_configure' from command line to 'False'
[0.254s] Level 5:colcon.colcon_core.verb:set package 'arduinobot_controller' build argument 'ament_cmake_args' from command line to 'None'
[0.254s] Level 5:colcon.colcon_core.verb:set package 'arduinobot_controller' build argument 'catkin_cmake_args' from command line to 'None'
[0.254s] Level 5:colcon.colcon_core.verb:set package 'arduinobot_controller' build argument 'catkin_skip_building_tests' from command line to 'False'
[0.254s] DEBUG:colcon.colcon_core.verb:Building package 'arduinobot_controller' with the following arguments: {'ament_cmake_args': None, 'build_base': '/home/ros2/arduinobot_ws/build/arduinobot_controller', 'catkin_cmake_args': None, 'catkin_skip_building_tests': False, 'cmake_args': None, 'cmake_clean_cache': False, 'cmake_clean_first': False, 'cmake_force_configure': False, 'cmake_target': None, 'cmake_target_skip_unavailable': False, 'install_base': '/home/ros2/arduinobot_ws/install/arduinobot_controller', 'merge_install': False, 'path': '/home/ros2/arduinobot_ws/src/arduinobot_controller', 'symlink_install': False, 'test_result_base': None}
[0.254s] Level 5:colcon.colcon_core.verb:set package 'arduinobot_description' build argument 'cmake_args' from command line to 'None'
[0.254s] Level 5:colcon.colcon_core.verb:set package 'arduinobot_description' build argument 'cmake_target' from command line to 'None'
[0.254s] Level 5:colcon.colcon_core.verb:set package 'arduinobot_description' build argument 'cmake_target_skip_unavailable' from command line to 'False'
[0.254s] Level 5:colcon.colcon_core.verb:set package 'arduinobot_description' build argument 'cmake_clean_cache' from command line to 'False'
[0.254s] Level 5:colcon.colcon_core.verb:set package 'arduinobot_description' build argument 'cmake_clean_first' from command line to 'False'
[0.254s] Level 5:colcon.colcon_core.verb:set package 'arduinobot_description' build argument 'cmake_force_configure' from command line to 'False'
[0.254s] Level 5:colcon.colcon_core.verb:set package 'arduinobot_description' build argument 'ament_cmake_args' from command line to 'None'
[0.254s] Level 5:colcon.colcon_core.verb:set package 'arduinobot_description' build argument 'catkin_cmake_args' from command line to 'None'
[0.254s] Level 5:colcon.colcon_core.verb:set package 'arduinobot_description' build argument 'catkin_skip_building_tests' from command line to 'False'
[0.254s] DEBUG:colcon.colcon_core.verb:Building package 'arduinobot_description' with the following arguments: {'ament_cmake_args': None, 'build_base': '/home/ros2/arduinobot_ws/build/arduinobot_description', 'catkin_cmake_args': None, 'catkin_skip_building_tests': False, 'cmake_args': None, 'cmake_clean_cache': False, 'cmake_clean_first': False, 'cmake_force_configure': False, 'cmake_target': None, 'cmake_target_skip_unavailable': False, 'install_base': '/home/ros2/arduinobot_ws/install/arduinobot_description', 'merge_install': False, 'path': '/home/ros2/arduinobot_ws/src/arduinobot_description', 'symlink_install': False, 'test_result_base': None}
[0.254s] INFO:colcon.colcon_core.executor:Executing jobs using 'parallel' executor
[0.255s] DEBUG:colcon.colcon_parallel_executor.executor.parallel:run_until_complete
[0.255s] INFO:colcon.colcon_ros.task.ament_cmake.build:Building ROS package in '/home/ros2/arduinobot_ws/src/arduinobot_controller' with build type 'ament_cmake'
[0.255s] INFO:colcon.colcon_cmake.task.cmake.build:Building CMake package in '/home/ros2/arduinobot_ws/src/arduinobot_controller'
[0.256s] INFO:colcon.colcon_core.plugin_system:Skipping extension 'colcon_core.shell.bat': Not used on non-Windows systems
[0.257s] INFO:colcon.colcon_core.shell:Skip shell extension 'powershell' for command environment: Not usable outside of PowerShell
[0.257s] DEBUG:colcon.colcon_core.shell:Skip shell extension 'dsv' for command environment
[0.260s] INFO:colcon.colcon_ros.task.ament_cmake.build:Building ROS package in '/home/ros2/arduinobot_ws/src/arduinobot_description' with build type 'ament_cmake'
[0.260s] INFO:colcon.colcon_cmake.task.cmake.build:Building CMake package in '/home/ros2/arduinobot_ws/src/arduinobot_description'
[0.261s] INFO:colcon.colcon_core.shell:Skip shell extension 'powershell' for command environment: Not usable outside of PowerShell
[0.261s] DEBUG:colcon.colcon_core.shell:Skip shell extension 'dsv' for command environment
[0.269s] DEBUG:colcon.colcon_core.event_handler.log_command:Invoking command in '/home/ros2/arduinobot_ws/build/arduinobot_controller': CMAKE_PREFIX_PATH=${CMAKE_PREFIX_PATH}:/home/ros2/ros2_ws/install/actions_py:/home/ros2/bookros2_ws/install/pmb2_maps:/home/ros2/bookros2_ws/install/pal_gripper_controller_configuration:/home/ros2/bookros2_ws/install/launch_pal:/home/ros2/bookros2_ws/install/br2_fsm_bumpgo_py:/opt/ros/humble /usr/bin/cmake --build /home/ros2/arduinobot_ws/build/arduinobot_controller -- -j16 -l16
[0.272s] DEBUG:colcon.colcon_core.event_handler.log_command:Invoking command in '/home/ros2/arduinobot_ws/build/arduinobot_description': CMAKE_PREFIX_PATH=${CMAKE_PREFIX_PATH}:/home/ros2/ros2_ws/install/actions_py:/home/ros2/bookros2_ws/install/pmb2_maps:/home/ros2/bookros2_ws/install/pal_gripper_controller_configuration:/home/ros2/bookros2_ws/install/launch_pal:/home/ros2/bookros2_ws/install/br2_fsm_bumpgo_py:/opt/ros/humble /usr/bin/cmake --build /home/ros2/arduinobot_ws/build/arduinobot_description -- -j16 -l16
[0.288s] DEBUG:colcon.colcon_core.event_handler.log_command:Invoked command in '/home/ros2/arduinobot_ws/build/arduinobot_controller' returned '0': CMAKE_PREFIX_PATH=${CMAKE_PREFIX_PATH}:/home/ros2/ros2_ws/install/actions_py:/home/ros2/bookros2_ws/install/pmb2_maps:/home/ros2/bookros2_ws/install/pal_gripper_controller_configuration:/home/ros2/bookros2_ws/install/launch_pal:/home/ros2/bookros2_ws/install/br2_fsm_bumpgo_py:/opt/ros/humble /usr/bin/cmake --build /home/ros2/arduinobot_ws/build/arduinobot_controller -- -j16 -l16
[0.291s] DEBUG:colcon.colcon_core.event_handler.log_command:Invoked command in '/home/ros2/arduinobot_ws/build/arduinobot_description' returned '0': CMAKE_PREFIX_PATH=${CMAKE_PREFIX_PATH}:/home/ros2/ros2_ws/install/actions_py:/home/ros2/bookros2_ws/install/pmb2_maps:/home/ros2/bookros2_ws/install/pal_gripper_controller_configuration:/home/ros2/bookros2_ws/install/launch_pal:/home/ros2/bookros2_ws/install/br2_fsm_bumpgo_py:/opt/ros/humble /usr/bin/cmake --build /home/ros2/arduinobot_ws/build/arduinobot_description -- -j16 -l16
[0.307s] DEBUG:colcon.colcon_core.event_handler.log_command:Invoking command in '/home/ros2/arduinobot_ws/build/arduinobot_controller': CMAKE_PREFIX_PATH=${CMAKE_PREFIX_PATH}:/home/ros2/ros2_ws/install/actions_py:/home/ros2/bookros2_ws/install/pmb2_maps:/home/ros2/bookros2_ws/install/pal_gripper_controller_configuration:/home/ros2/bookros2_ws/install/launch_pal:/home/ros2/bookros2_ws/install/br2_fsm_bumpgo_py:/opt/ros/humble /usr/bin/cmake --install /home/ros2/arduinobot_ws/build/arduinobot_controller
[0.309s] DEBUG:colcon.colcon_core.event_handler.log_command:Invoking command in '/home/ros2/arduinobot_ws/build/arduinobot_description': CMAKE_PREFIX_PATH=${CMAKE_PREFIX_PATH}:/home/ros2/ros2_ws/install/actions_py:/home/ros2/bookros2_ws/install/pmb2_maps:/home/ros2/bookros2_ws/install/pal_gripper_controller_configuration:/home/ros2/bookros2_ws/install/launch_pal:/home/ros2/bookros2_ws/install/br2_fsm_bumpgo_py:/opt/ros/humble /usr/bin/cmake --install /home/ros2/arduinobot_ws/build/arduinobot_description
[0.320s] Level 1:colcon.colcon_core.environment:create_environment_scripts_only(arduinobot_controller)
[0.321s] DEBUG:colcon.colcon_core.event_handler.log_command:Invoked command in '/home/ros2/arduinobot_ws/build/arduinobot_controller' returned '0': CMAKE_PREFIX_PATH=${CMAKE_PREFIX_PATH}:/home/ros2/ros2_ws/install/actions_py:/home/ros2/bookros2_ws/install/pmb2_maps:/home/ros2/bookros2_ws/install/pal_gripper_controller_configuration:/home/ros2/bookros2_ws/install/launch_pal:/home/ros2/bookros2_ws/install/br2_fsm_bumpgo_py:/opt/ros/humble /usr/bin/cmake --install /home/ros2/arduinobot_ws/build/arduinobot_controller
[0.322s] Level 1:colcon.colcon_core.environment:checking '/home/ros2/arduinobot_ws/install/arduinobot_controller' for CMake module files
[0.322s] Level 1:colcon.colcon_core.environment:checking '/home/ros2/arduinobot_ws/install/arduinobot_controller' for CMake config files
[0.323s] Level 1:colcon.colcon_core.shell:create_environment_hook('arduinobot_controller', 'cmake_prefix_path')
[0.323s] INFO:colcon.colcon_core.shell:Creating environment hook '/home/ros2/arduinobot_ws/install/arduinobot_controller/share/arduinobot_controller/hook/cmake_prefix_path.ps1'
[0.323s] INFO:colcon.colcon_core.shell:Creating environment descriptor '/home/ros2/arduinobot_ws/install/arduinobot_controller/share/arduinobot_controller/hook/cmake_prefix_path.dsv'
[0.323s] INFO:colcon.colcon_core.shell:Creating environment hook '/home/ros2/arduinobot_ws/install/arduinobot_controller/share/arduinobot_controller/hook/cmake_prefix_path.sh'
[0.324s] Level 1:colcon.colcon_core.environment:checking '/home/ros2/arduinobot_ws/install/arduinobot_controller/bin'
[0.324s] Level 1:colcon.colcon_core.environment:checking '/home/ros2/arduinobot_ws/install/arduinobot_controller/lib/pkgconfig/arduinobot_controller.pc'
[0.324s] Level 1:colcon.colcon_core.environment:checking '/home/ros2/arduinobot_ws/install/arduinobot_controller/lib/python3.10/site-packages'
[0.324s] Level 1:colcon.colcon_core.environment:checking '/home/ros2/arduinobot_ws/install/arduinobot_controller/bin'
[0.324s] INFO:colcon.colcon_core.shell:Creating package script '/home/ros2/arduinobot_ws/install/arduinobot_controller/share/arduinobot_controller/package.ps1'
[0.324s] INFO:colcon.colcon_core.shell:Creating package descriptor '/home/ros2/arduinobot_ws/install/arduinobot_controller/share/arduinobot_controller/package.dsv'
[0.325s] INFO:colcon.colcon_core.shell:Creating package script '/home/ros2/arduinobot_ws/install/arduinobot_controller/share/arduinobot_controller/package.sh'
[0.325s] INFO:colcon.colcon_core.shell:Creating package script '/home/ros2/arduinobot_ws/install/arduinobot_controller/share/arduinobot_controller/package.bash'
[0.326s] INFO:colcon.colcon_core.shell:Creating package script '/home/ros2/arduinobot_ws/install/arduinobot_controller/share/arduinobot_controller/package.zsh'
[0.326s] Level 1:colcon.colcon_core.environment:create_file_with_runtime_dependencies(/home/ros2/arduinobot_ws/install/arduinobot_controller/share/colcon-core/packages/arduinobot_controller)
[0.327s] Level 1:colcon.colcon_core.environment:create_environment_scripts_only(arduinobot_description)
[0.327s] Level 1:colcon.colcon_core.environment:checking '/home/ros2/arduinobot_ws/install/arduinobot_description' for CMake module files
[0.328s] DEBUG:colcon.colcon_core.event_handler.log_command:Invoked command in '/home/ros2/arduinobot_ws/build/arduinobot_description' returned '0': CMAKE_PREFIX_PATH=${CMAKE_PREFIX_PATH}:/home/ros2/ros2_ws/install/actions_py:/home/ros2/bookros2_ws/install/pmb2_maps:/home/ros2/bookros2_ws/install/pal_gripper_controller_configuration:/home/ros2/bookros2_ws/install/launch_pal:/home/ros2/bookros2_ws/install/br2_fsm_bumpgo_py:/opt/ros/humble /usr/bin/cmake --install /home/ros2/arduinobot_ws/build/arduinobot_description
[0.328s] Level 1:colcon.colcon_core.environment:checking '/home/ros2/arduinobot_ws/install/arduinobot_description' for CMake config files
[0.328s] Level 1:colcon.colcon_core.shell:create_environment_hook('arduinobot_description', 'cmake_prefix_path')
[0.328s] INFO:colcon.colcon_core.shell:Creating environment hook '/home/ros2/arduinobot_ws/install/arduinobot_description/share/arduinobot_description/hook/cmake_prefix_path.ps1'
[0.328s] INFO:colcon.colcon_core.shell:Creating environment descriptor '/home/ros2/arduinobot_ws/install/arduinobot_description/share/arduinobot_description/hook/cmake_prefix_path.dsv'
[0.328s] INFO:colcon.colcon_core.shell:Creating environment hook '/home/ros2/arduinobot_ws/install/arduinobot_description/share/arduinobot_description/hook/cmake_prefix_path.sh'
[0.329s] Level 1:colcon.colcon_core.environment:checking '/home/ros2/arduinobot_ws/install/arduinobot_description/bin'
[0.329s] Level 1:colcon.colcon_core.environment:checking '/home/ros2/arduinobot_ws/install/arduinobot_description/lib/pkgconfig/arduinobot_description.pc'
[0.329s] Level 1:colcon.colcon_core.environment:checking '/home/ros2/arduinobot_ws/install/arduinobot_description/lib/python3.10/site-packages'
[0.329s] Level 1:colcon.colcon_core.environment:checking '/home/ros2/arduinobot_ws/install/arduinobot_description/bin'
[0.329s] INFO:colcon.colcon_core.shell:Creating package script '/home/ros2/arduinobot_ws/install/arduinobot_description/share/arduinobot_description/package.ps1'
[0.329s] INFO:colcon.colcon_core.shell:Creating package descriptor '/home/ros2/arduinobot_ws/install/arduinobot_description/share/arduinobot_description/package.dsv'
[0.329s] INFO:colcon.colcon_core.shell:Creating package script '/home/ros2/arduinobot_ws/install/arduinobot_description/share/arduinobot_description/package.sh'
[0.330s] INFO:colcon.colcon_core.shell:Creating package script '/home/ros2/arduinobot_ws/install/arduinobot_description/share/arduinobot_description/package.bash'
[0.330s] INFO:colcon.colcon_core.shell:Creating package script '/home/ros2/arduinobot_ws/install/arduinobot_description/share/arduinobot_description/package.zsh'
[0.330s] Level 1:colcon.colcon_core.environment:create_file_with_runtime_dependencies(/home/ros2/arduinobot_ws/install/arduinobot_description/share/colcon-core/packages/arduinobot_description)
[0.340s] Level 1:colcon.colcon_core.environment:create_environment_scripts_only(arduinobot_controller)
[0.340s] Level 1:colcon.colcon_core.environment:checking '/home/ros2/arduinobot_ws/install/arduinobot_controller' for CMake module files
[0.340s] Level 1:colcon.colcon_core.environment:checking '/home/ros2/arduinobot_ws/install/arduinobot_controller' for CMake config files
[0.340s] Level 1:colcon.colcon_core.shell:create_environment_hook('arduinobot_controller', 'cmake_prefix_path')
[0.341s] INFO:colcon.colcon_core.shell:Creating environment hook '/home/ros2/arduinobot_ws/install/arduinobot_controller/share/arduinobot_controller/hook/cmake_prefix_path.ps1'
[0.341s] INFO:colcon.colcon_core.shell:Creating environment descriptor '/home/ros2/arduinobot_ws/install/arduinobot_controller/share/arduinobot_controller/hook/cmake_prefix_path.dsv'
[0.341s] INFO:colcon.colcon_core.shell:Creating environment hook '/home/ros2/arduinobot_ws/install/arduinobot_controller/share/arduinobot_controller/hook/cmake_prefix_path.sh'
[0.341s] Level 1:colcon.colcon_core.environment:checking '/home/ros2/arduinobot_ws/install/arduinobot_controller/bin'
[0.341s] Level 1:colcon.colcon_core.environment:checking '/home/ros2/arduinobot_ws/install/arduinobot_controller/lib/pkgconfig/arduinobot_controller.pc'
[0.342s] Level 1:colcon.colcon_core.environment:checking '/home/ros2/arduinobot_ws/install/arduinobot_controller/lib/python3.10/site-packages'
[0.342s] Level 1:colcon.colcon_core.environment:checking '/home/ros2/arduinobot_ws/install/arduinobot_controller/bin'
[0.342s] INFO:colcon.colcon_core.shell:Creating package script '/home/ros2/arduinobot_ws/install/arduinobot_controller/share/arduinobot_controller/package.ps1'
[0.342s] INFO:colcon.colcon_core.shell:Creating package descriptor '/home/ros2/arduinobot_ws/install/arduinobot_controller/share/arduinobot_controller/package.dsv'
[0.342s] INFO:colcon.colcon_core.shell:Creating package script '/home/ros2/arduinobot_ws/install/arduinobot_controller/share/arduinobot_controller/package.sh'
[0.343s] INFO:colcon.colcon_core.shell:Creating package script '/home/ros2/arduinobot_ws/install/arduinobot_controller/share/arduinobot_controller/package.bash'
[0.343s] INFO:colcon.colcon_core.shell:Creating package script '/home/ros2/arduinobot_ws/install/arduinobot_controller/share/arduinobot_controller/package.zsh'
[0.343s] Level 1:colcon.colcon_core.environment:create_file_with_runtime_dependencies(/home/ros2/arduinobot_ws/install/arduinobot_controller/share/colcon-core/packages/arduinobot_controller)
[0.344s] Level 1:colcon.colcon_core.environment:create_environment_scripts_only(arduinobot_description)
[0.344s] Level 1:colcon.colcon_core.environment:checking '/home/ros2/arduinobot_ws/install/arduinobot_description' for CMake module files
[0.344s] Level 1:colcon.colcon_core.environment:checking '/home/ros2/arduinobot_ws/install/arduinobot_description' for CMake config files
[0.345s] Level 1:colcon.colcon_core.shell:create_environment_hook('arduinobot_description', 'cmake_prefix_path')
[0.345s] INFO:colcon.colcon_core.shell:Creating environment hook '/home/ros2/arduinobot_ws/install/arduinobot_description/share/arduinobot_description/hook/cmake_prefix_path.ps1'
[0.345s] INFO:colcon.colcon_core.shell:Creating environment descriptor '/home/ros2/arduinobot_ws/install/arduinobot_description/share/arduinobot_description/hook/cmake_prefix_path.dsv'
[0.345s] INFO:colcon.colcon_core.shell:Creating environment hook '/home/ros2/arduinobot_ws/install/arduinobot_description/share/arduinobot_description/hook/cmake_prefix_path.sh'
[0.345s] Level 1:colcon.colcon_core.environment:checking '/home/ros2/arduinobot_ws/install/arduinobot_description/bin'
[0.345s] Level 1:colcon.colcon_core.environment:checking '/home/ros2/arduinobot_ws/install/arduinobot_description/lib/pkgconfig/arduinobot_description.pc'
[0.346s] Level 1:colcon.colcon_core.environment:checking '/home/ros2/arduinobot_ws/install/arduinobot_description/lib/python3.10/site-packages'
[0.346s] Level 1:colcon.colcon_core.environment:checking '/home/ros2/arduinobot_ws/install/arduinobot_description/bin'
[0.346s] INFO:colcon.colcon_core.shell:Creating package script '/home/ros2/arduinobot_ws/install/arduinobot_description/share/arduinobot_description/package.ps1'
[0.346s] INFO:colcon.colcon_core.shell:Creating package descriptor '/home/ros2/arduinobot_ws/install/arduinobot_description/share/arduinobot_description/package.dsv'
[0.346s] INFO:colcon.colcon_core.shell:Creating package script '/home/ros2/arduinobot_ws/install/arduinobot_description/share/arduinobot_description/package.sh'
[0.346s] INFO:colcon.colcon_core.shell:Creating package script '/home/ros2/arduinobot_ws/install/arduinobot_description/share/arduinobot_description/package.bash'
[0.347s] INFO:colcon.colcon_core.shell:Creating package script '/home/ros2/arduinobot_ws/install/arduinobot_description/share/arduinobot_description/package.zsh'
[0.347s] Level 1:colcon.colcon_core.environment:create_file_with_runtime_dependencies(/home/ros2/arduinobot_ws/install/arduinobot_description/share/colcon-core/packages/arduinobot_description)
[0.347s] DEBUG:colcon.colcon_parallel_executor.executor.parallel:closing loop
[0.347s] DEBUG:colcon.colcon_parallel_executor.executor.parallel:loop closed
[0.348s] DEBUG:colcon.colcon_parallel_executor.executor.parallel:run_until_complete finished with '0'
[0.348s] DEBUG:colcon.colcon_core.event_reactor:joining thread
[0.380s] INFO:colcon.colcon_core.plugin_system:Skipping extension 'colcon_notification.desktop_notification.notify_send': Could not find 'notify-send'
[0.380s] INFO:colcon.colcon_core.plugin_system:Skipping extension 'colcon_notification.desktop_notification.terminal_notifier': Not used on non-Darwin systems
[0.380s] INFO:colcon.colcon_core.plugin_system:Skipping extension 'colcon_notification.desktop_notification.win32': Not used on non-Windows systems
[0.380s] INFO:colcon.colcon_notification.desktop_notification:Sending desktop notification using 'notify2'
[0.381s] DEBUG:colcon.colcon_notification.desktop_notification.notify2:Failed to initialize notify2: org.freedesktop.DBus.Error.ServiceUnknown: The name org.freedesktop.Notifications was not provided by any .service files
[0.381s] DEBUG:colcon.colcon_core.event_reactor:joined thread
[0.382s] INFO:colcon.colcon_core.shell:Creating prefix script '/home/ros2/arduinobot_ws/install/local_setup.ps1'
[0.382s] INFO:colcon.colcon_core.shell:Creating prefix util module '/home/ros2/arduinobot_ws/install/_local_setup_util_ps1.py'
[0.383s] INFO:colcon.colcon_core.shell:Creating prefix chain script '/home/ros2/arduinobot_ws/install/setup.ps1'
[0.384s] INFO:colcon.colcon_core.shell:Creating prefix script '/home/ros2/arduinobot_ws/install/local_setup.sh'
[0.385s] INFO:colcon.colcon_core.shell:Creating prefix util module '/home/ros2/arduinobot_ws/install/_local_setup_util_sh.py'
[0.385s] INFO:colcon.colcon_core.shell:Creating prefix chain script '/home/ros2/arduinobot_ws/install/setup.sh'
[0.386s] INFO:colcon.colcon_core.shell:Creating prefix script '/home/ros2/arduinobot_ws/install/local_setup.bash'
[0.386s] INFO:colcon.colcon_core.shell:Creating prefix chain script '/home/ros2/arduinobot_ws/install/setup.bash'
[0.388s] INFO:colcon.colcon_core.shell:Creating prefix script '/home/ros2/arduinobot_ws/install/local_setup.zsh'
[0.388s] INFO:colcon.colcon_core.shell:Creating prefix chain script '/home/ros2/arduinobot_ws/install/setup.zsh'
