[0.019s] Invoking command in '/home/ros2/arduinobot_ws/build/arduinobot_utils': CMAKE_PREFIX_PATH=${CMAKE_PREFIX_PATH}:/home/ros2/ros2_ws/install/actions_py:/home/ros2/bookros2_ws/install/pmb2_maps:/home/ros2/bookros2_ws/install/pal_gripper_controller_configuration:/home/ros2/bookros2_ws/install/launch_pal:/home/ros2/bookros2_ws/install/br2_fsm_bumpgo_py:/opt/ros/humble /usr/bin/cmake --build /home/ros2/arduinobot_ws/build/arduinobot_utils -- -j16 -l16
[0.041s] Invoked command in '/home/ros2/arduinobot_ws/build/arduinobot_utils' returned '0': CMAKE_PREFIX_PATH=${CMAKE_PREFIX_PATH}:/home/ros2/ros2_ws/install/actions_py:/home/ros2/bookros2_ws/install/pmb2_maps:/home/ros2/bookros2_ws/install/pal_gripper_controller_configuration:/home/ros2/bookros2_ws/install/launch_pal:/home/ros2/bookros2_ws/install/br2_fsm_bumpgo_py:/opt/ros/humble /usr/bin/cmake --build /home/ros2/arduinobot_ws/build/arduinobot_utils -- -j16 -l16
[0.058s] Invoking command in '/home/ros2/arduinobot_ws/build/arduinobot_utils': CMAKE_PREFIX_PATH=${CMAKE_PREFIX_PATH}:/home/ros2/ros2_ws/install/actions_py:/home/ros2/bookros2_ws/install/pmb2_maps:/home/ros2/bookros2_ws/install/pal_gripper_controller_configuration:/home/ros2/bookros2_ws/install/launch_pal:/home/ros2/bookros2_ws/install/br2_fsm_bumpgo_py:/opt/ros/humble /usr/bin/cmake --install /home/ros2/arduinobot_ws/build/arduinobot_utils
[0.068s] -- Install configuration: ""
[0.068s] -- Up-to-date: /home/ros2/arduinobot_ws/install/arduinobot_utils/share/ament_index/resource_index/package_run_dependencies/arduinobot_utils
[0.068s] -- Up-to-date: /home/ros2/arduinobot_ws/install/arduinobot_utils/share/ament_index/resource_index/parent_prefix_path/arduinobot_utils
[0.068s] -- Up-to-date: /home/ros2/arduinobot_ws/install/arduinobot_utils/share/arduinobot_utils/environment/ament_prefix_path.sh
[0.068s] -- Up-to-date: /home/ros2/arduinobot_ws/install/arduinobot_utils/share/arduinobot_utils/environment/ament_prefix_path.dsv
[0.068s] -- Up-to-date: /home/ros2/arduinobot_ws/install/arduinobot_utils/share/arduinobot_utils/environment/path.sh
[0.068s] -- Up-to-date: /home/ros2/arduinobot_ws/install/arduinobot_utils/share/arduinobot_utils/environment/path.dsv
[0.068s] -- Up-to-date: /home/ros2/arduinobot_ws/install/arduinobot_utils/share/arduinobot_utils/local_setup.bash
[0.069s] -- Up-to-date: /home/ros2/arduinobot_ws/install/arduinobot_utils/share/arduinobot_utils/local_setup.sh
[0.069s] -- Up-to-date: /home/ros2/arduinobot_ws/install/arduinobot_utils/share/arduinobot_utils/local_setup.zsh
[0.069s] -- Up-to-date: /home/ros2/arduinobot_ws/install/arduinobot_utils/share/arduinobot_utils/local_setup.dsv
[0.069s] -- Up-to-date: /home/ros2/arduinobot_ws/install/arduinobot_utils/share/arduinobot_utils/package.dsv
[0.069s] -- Up-to-date: /home/ros2/arduinobot_ws/install/arduinobot_utils/share/ament_index/resource_index/packages/arduinobot_utils
[0.069s] -- Up-to-date: /home/ros2/arduinobot_ws/install/arduinobot_utils/share/arduinobot_utils/cmake/arduinobot_utilsConfig.cmake
[0.069s] -- Up-to-date: /home/ros2/arduinobot_ws/install/arduinobot_utils/share/arduinobot_utils/cmake/arduinobot_utilsConfig-version.cmake
[0.070s] -- Up-to-date: /home/ros2/arduinobot_ws/install/arduinobot_utils/share/arduinobot_utils/package.xml
[0.077s] Invoked command in '/home/ros2/arduinobot_ws/build/arduinobot_utils' returned '0': CMAKE_PREFIX_PATH=${CMAKE_PREFIX_PATH}:/home/ros2/ros2_ws/install/actions_py:/home/ros2/bookros2_ws/install/pmb2_maps:/home/ros2/bookros2_ws/install/pal_gripper_controller_configuration:/home/ros2/bookros2_ws/install/launch_pal:/home/ros2/bookros2_ws/install/br2_fsm_bumpgo_py:/opt/ros/humble /usr/bin/cmake --install /home/ros2/arduinobot_ws/build/arduinobot_utils
