[0.017s] Invoking command in '/home/ros2/arduinobot_ws/build/arduinobot_moveit': CMAKE_PREFIX_PATH=${CMAKE_PREFIX_PATH}:/home/ros2/ros2_ws/install/actions_py:/home/ros2/bookros2_ws/install/pmb2_maps:/home/ros2/bookros2_ws/install/pal_gripper_controller_configuration:/home/ros2/bookros2_ws/install/launch_pal:/home/ros2/bookros2_ws/install/br2_fsm_bumpgo_py:/opt/ros/humble /usr/bin/cmake /home/ros2/arduinobot_ws/src/arduinobot_moveit -DCMAKE_INSTALL_PREFIX=/home/ros2/arduinobot_ws/install/arduinobot_moveit
[0.140s] -- The C compiler identification is GNU 11.4.0
[0.588s] -- The CXX compiler identification is GNU 11.4.0
[0.948s] -- Detecting C compiler ABI info
[1.062s] -- Detecting C compiler ABI info - done
[1.066s] -- Check for working C compiler: /usr/bin/cc - skipped
[1.067s] -- Detecting C compile features
[1.067s] -- Detecting C compile features - done
[1.068s] -- Detecting CXX compiler ABI info
[1.194s] -- Detecting CXX compiler ABI info - done
[1.198s] -- Check for working CXX compiler: /usr/bin/c++ - skipped
[1.198s] -- Detecting CXX compile features
[1.199s] -- Detecting CXX compile features - done
[1.201s] -- Found ament_cmake: 1.3.8 (/opt/ros/humble/share/ament_cmake/cmake)
[1.298s] -- Found Python3: /usr/bin/python3 (found version "3.10.12") found components: Interpreter 
[1.376s] -- Found ament_lint_auto: 0.12.10 (/opt/ros/humble/share/ament_lint_auto/cmake)
[1.435s] -- Added test 'lint_cmake' to check CMake code style
[1.436s] -- Added test 'xmllint' to check XML markup files
[1.437s] -- Configuring done
[1.439s] -- Generating done
[1.439s] -- Build files have been written to: /home/ros2/arduinobot_ws/build/arduinobot_moveit
[1.442s] Invoked command in '/home/ros2/arduinobot_ws/build/arduinobot_moveit' returned '0': CMAKE_PREFIX_PATH=${CMAKE_PREFIX_PATH}:/home/ros2/ros2_ws/install/actions_py:/home/ros2/bookros2_ws/install/pmb2_maps:/home/ros2/bookros2_ws/install/pal_gripper_controller_configuration:/home/ros2/bookros2_ws/install/launch_pal:/home/ros2/bookros2_ws/install/br2_fsm_bumpgo_py:/opt/ros/humble /usr/bin/cmake /home/ros2/arduinobot_ws/src/arduinobot_moveit -DCMAKE_INSTALL_PREFIX=/home/ros2/arduinobot_ws/install/arduinobot_moveit
[1.443s] Invoking command in '/home/ros2/arduinobot_ws/build/arduinobot_moveit': CMAKE_PREFIX_PATH=${CMAKE_PREFIX_PATH}:/home/ros2/ros2_ws/install/actions_py:/home/ros2/bookros2_ws/install/pmb2_maps:/home/ros2/bookros2_ws/install/pal_gripper_controller_configuration:/home/ros2/bookros2_ws/install/launch_pal:/home/ros2/bookros2_ws/install/br2_fsm_bumpgo_py:/opt/ros/humble /usr/bin/cmake --build /home/ros2/arduinobot_ws/build/arduinobot_moveit -- -j16 -l16
[1.464s] Invoked command in '/home/ros2/arduinobot_ws/build/arduinobot_moveit' returned '0': CMAKE_PREFIX_PATH=${CMAKE_PREFIX_PATH}:/home/ros2/ros2_ws/install/actions_py:/home/ros2/bookros2_ws/install/pmb2_maps:/home/ros2/bookros2_ws/install/pal_gripper_controller_configuration:/home/ros2/bookros2_ws/install/launch_pal:/home/ros2/bookros2_ws/install/br2_fsm_bumpgo_py:/opt/ros/humble /usr/bin/cmake --build /home/ros2/arduinobot_ws/build/arduinobot_moveit -- -j16 -l16
[1.481s] Invoking command in '/home/ros2/arduinobot_ws/build/arduinobot_moveit': CMAKE_PREFIX_PATH=${CMAKE_PREFIX_PATH}:/home/ros2/ros2_ws/install/actions_py:/home/ros2/bookros2_ws/install/pmb2_maps:/home/ros2/bookros2_ws/install/pal_gripper_controller_configuration:/home/ros2/bookros2_ws/install/launch_pal:/home/ros2/bookros2_ws/install/br2_fsm_bumpgo_py:/opt/ros/humble /usr/bin/cmake --install /home/ros2/arduinobot_ws/build/arduinobot_moveit
[1.485s] -- Install configuration: ""
[1.485s] -- Installing: /home/ros2/arduinobot_ws/install/arduinobot_moveit/share/ament_index/resource_index/package_run_dependencies/arduinobot_moveit
[1.485s] -- Installing: /home/ros2/arduinobot_ws/install/arduinobot_moveit/share/ament_index/resource_index/parent_prefix_path/arduinobot_moveit
[1.485s] -- Installing: /home/ros2/arduinobot_ws/install/arduinobot_moveit/share/arduinobot_moveit/environment/ament_prefix_path.sh
[1.485s] -- Installing: /home/ros2/arduinobot_ws/install/arduinobot_moveit/share/arduinobot_moveit/environment/ament_prefix_path.dsv
[1.486s] -- Installing: /home/ros2/arduinobot_ws/install/arduinobot_moveit/share/arduinobot_moveit/environment/path.sh
[1.486s] -- Installing: /home/ros2/arduinobot_ws/install/arduinobot_moveit/share/arduinobot_moveit/environment/path.dsv
[1.486s] -- Installing: /home/ros2/arduinobot_ws/install/arduinobot_moveit/share/arduinobot_moveit/local_setup.bash
[1.486s] -- Installing: /home/ros2/arduinobot_ws/install/arduinobot_moveit/share/arduinobot_moveit/local_setup.sh
[1.486s] -- Installing: /home/ros2/arduinobot_ws/install/arduinobot_moveit/share/arduinobot_moveit/local_setup.zsh
[1.486s] -- Installing: /home/ros2/arduinobot_ws/install/arduinobot_moveit/share/arduinobot_moveit/local_setup.dsv
[1.486s] -- Installing: /home/ros2/arduinobot_ws/install/arduinobot_moveit/share/arduinobot_moveit/package.dsv
[1.486s] -- Installing: /home/ros2/arduinobot_ws/install/arduinobot_moveit/share/ament_index/resource_index/packages/arduinobot_moveit
[1.486s] -- Installing: /home/ros2/arduinobot_ws/install/arduinobot_moveit/share/arduinobot_moveit/cmake/arduinobot_moveitConfig.cmake
[1.486s] -- Installing: /home/ros2/arduinobot_ws/install/arduinobot_moveit/share/arduinobot_moveit/cmake/arduinobot_moveitConfig-version.cmake
[1.486s] -- Installing: /home/ros2/arduinobot_ws/install/arduinobot_moveit/share/arduinobot_moveit/package.xml
[1.488s] Invoked command in '/home/ros2/arduinobot_ws/build/arduinobot_moveit' returned '0': CMAKE_PREFIX_PATH=${CMAKE_PREFIX_PATH}:/home/ros2/ros2_ws/install/actions_py:/home/ros2/bookros2_ws/install/pmb2_maps:/home/ros2/bookros2_ws/install/pal_gripper_controller_configuration:/home/ros2/bookros2_ws/install/launch_pal:/home/ros2/bookros2_ws/install/br2_fsm_bumpgo_py:/opt/ros/humble /usr/bin/cmake --install /home/ros2/arduinobot_ws/build/arduinobot_moveit
