[0.022s] Invoking command in '/home/ros2/arduinobot_ws/build/arduinobot_controller': CMAKE_PREFIX_PATH=${CMAKE_PREFIX_PATH}:/home/ros2/ros2_ws/install/actions_py:/home/ros2/bookros2_ws/install/pmb2_maps:/home/ros2/bookros2_ws/install/pal_gripper_controller_configuration:/home/ros2/bookros2_ws/install/launch_pal:/home/ros2/bookros2_ws/install/br2_fsm_bumpgo_py:/opt/ros/humble /usr/bin/cmake --build /home/ros2/arduinobot_ws/build/arduinobot_controller -- -j16 -l16
[0.035s] -- Found ament_cmake: 1.3.9 (/opt/ros/humble/share/ament_cmake/cmake)
[0.125s] -- Found ament_lint_auto: 0.12.11 (/opt/ros/humble/share/ament_lint_auto/cmake)
[0.188s] -- Added test 'flake8' to check Python code syntax and style conventions
[0.188s] -- Added test 'lint_cmake' to check CMake code style
[0.188s] -- Added test 'pep257' to check Python code against some of the docstring style conventions in PEP 257
[0.190s] -- Added test 'xmllint' to check XML markup files
[0.190s] -- Configuring done
[0.194s] -- Generating done
[0.194s] -- Build files have been written to: /home/ros2/arduinobot_ws/build/arduinobot_controller
[0.210s] Invoked command in '/home/ros2/arduinobot_ws/build/arduinobot_controller' returned '0': CMAKE_PREFIX_PATH=${CMAKE_PREFIX_PATH}:/home/ros2/ros2_ws/install/actions_py:/home/ros2/bookros2_ws/install/pmb2_maps:/home/ros2/bookros2_ws/install/pal_gripper_controller_configuration:/home/ros2/bookros2_ws/install/launch_pal:/home/ros2/bookros2_ws/install/br2_fsm_bumpgo_py:/opt/ros/humble /usr/bin/cmake --build /home/ros2/arduinobot_ws/build/arduinobot_controller -- -j16 -l16
[0.241s] Invoking command in '/home/ros2/arduinobot_ws/build/arduinobot_controller': CMAKE_PREFIX_PATH=${CMAKE_PREFIX_PATH}:/home/ros2/ros2_ws/install/actions_py:/home/ros2/bookros2_ws/install/pmb2_maps:/home/ros2/bookros2_ws/install/pal_gripper_controller_configuration:/home/ros2/bookros2_ws/install/launch_pal:/home/ros2/bookros2_ws/install/br2_fsm_bumpgo_py:/opt/ros/humble /usr/bin/cmake --install /home/ros2/arduinobot_ws/build/arduinobot_controller
[0.245s] -- Install configuration: ""
[0.245s] -- Up-to-date: /home/ros2/arduinobot_ws/install/arduinobot_controller/share/arduinobot_controller/config
[0.245s] -- Up-to-date: /home/ros2/arduinobot_ws/install/arduinobot_controller/share/arduinobot_controller/config/arduinobot_controllers.yaml
[0.245s] -- Up-to-date: /home/ros2/arduinobot_ws/install/arduinobot_controller/share/arduinobot_controller/launch
[0.245s] -- Up-to-date: /home/ros2/arduinobot_ws/install/arduinobot_controller/share/arduinobot_controller/launch/controller.launch.py
[0.245s] -- Up-to-date: /home/ros2/arduinobot_ws/install/arduinobot_controller/share/ament_index/resource_index/package_run_dependencies/arduinobot_controller
[0.245s] -- Installing: /home/ros2/arduinobot_ws/install/arduinobot_controller/share/ament_index/resource_index/parent_prefix_path/arduinobot_controller
[0.245s] -- Installing: /home/ros2/arduinobot_ws/install/arduinobot_controller/share/arduinobot_controller/environment/ament_prefix_path.sh
[0.246s] -- Installing: /home/ros2/arduinobot_ws/install/arduinobot_controller/share/arduinobot_controller/environment/ament_prefix_path.dsv
[0.246s] -- Installing: /home/ros2/arduinobot_ws/install/arduinobot_controller/share/arduinobot_controller/environment/path.sh
[0.246s] -- Installing: /home/ros2/arduinobot_ws/install/arduinobot_controller/share/arduinobot_controller/environment/path.dsv
[0.246s] -- Up-to-date: /home/ros2/arduinobot_ws/install/arduinobot_controller/share/arduinobot_controller/local_setup.bash
[0.246s] -- Up-to-date: /home/ros2/arduinobot_ws/install/arduinobot_controller/share/arduinobot_controller/local_setup.sh
[0.246s] -- Up-to-date: /home/ros2/arduinobot_ws/install/arduinobot_controller/share/arduinobot_controller/local_setup.zsh
[0.246s] -- Installing: /home/ros2/arduinobot_ws/install/arduinobot_controller/share/arduinobot_controller/local_setup.dsv
[0.247s] -- Installing: /home/ros2/arduinobot_ws/install/arduinobot_controller/share/arduinobot_controller/package.dsv
[0.247s] -- Up-to-date: /home/ros2/arduinobot_ws/install/arduinobot_controller/share/ament_index/resource_index/packages/arduinobot_controller
[0.247s] -- Up-to-date: /home/ros2/arduinobot_ws/install/arduinobot_controller/share/arduinobot_controller/cmake/arduinobot_controllerConfig.cmake
[0.247s] -- Up-to-date: /home/ros2/arduinobot_ws/install/arduinobot_controller/share/arduinobot_controller/cmake/arduinobot_controllerConfig-version.cmake
[0.247s] -- Up-to-date: /home/ros2/arduinobot_ws/install/arduinobot_controller/share/arduinobot_controller/package.xml
[0.251s] Invoked command in '/home/ros2/arduinobot_ws/build/arduinobot_controller' returned '0': CMAKE_PREFIX_PATH=${CMAKE_PREFIX_PATH}:/home/ros2/ros2_ws/install/actions_py:/home/ros2/bookros2_ws/install/pmb2_maps:/home/ros2/bookros2_ws/install/pal_gripper_controller_configuration:/home/ros2/bookros2_ws/install/launch_pal:/home/ros2/bookros2_ws/install/br2_fsm_bumpgo_py:/opt/ros/humble /usr/bin/cmake --install /home/ros2/arduinobot_ws/build/arduinobot_controller
