[0.021s] Invoking command in '/home/ros2/arduinobot_ws/build/arduinobot_controller': CMAKE_PREFIX_PATH=${CMAKE_PREFIX_PATH}:/home/ros2/ros2_ws/install/actions_py:/home/ros2/bookros2_ws/install/pmb2_maps:/home/ros2/bookros2_ws/install/pal_gripper_controller_configuration:/home/ros2/bookros2_ws/install/launch_pal:/home/ros2/bookros2_ws/install/br2_fsm_bumpgo_py:/opt/ros/humble /usr/bin/cmake --build /home/ros2/arduinobot_ws/build/arduinobot_controller -- -j16 -l16
[0.061s] -- Found ament_cmake: 1.3.8 (/opt/ros/humble/share/ament_cmake/cmake)
[0.174s] -- Found ament_lint_auto: 0.12.10 (/opt/ros/humble/share/ament_lint_auto/cmake)
[0.226s] -- Added test 'lint_cmake' to check CMake code style
[0.228s] -- Added test 'xmllint' to check XML markup files
[0.229s] -- Configuring done
[0.235s] -- Generating done
[0.236s] -- Build files have been written to: /home/ros2/arduinobot_ws/build/arduinobot_controller
[0.247s] Invoked command in '/home/ros2/arduinobot_ws/build/arduinobot_controller' returned '0': CMAKE_PREFIX_PATH=${CMAKE_PREFIX_PATH}:/home/ros2/ros2_ws/install/actions_py:/home/ros2/bookros2_ws/install/pmb2_maps:/home/ros2/bookros2_ws/install/pal_gripper_controller_configuration:/home/ros2/bookros2_ws/install/launch_pal:/home/ros2/bookros2_ws/install/br2_fsm_bumpgo_py:/opt/ros/humble /usr/bin/cmake --build /home/ros2/arduinobot_ws/build/arduinobot_controller -- -j16 -l16
[0.261s] Invoking command in '/home/ros2/arduinobot_ws/build/arduinobot_controller': CMAKE_PREFIX_PATH=${CMAKE_PREFIX_PATH}:/home/ros2/ros2_ws/install/actions_py:/home/ros2/bookros2_ws/install/pmb2_maps:/home/ros2/bookros2_ws/install/pal_gripper_controller_configuration:/home/ros2/bookros2_ws/install/launch_pal:/home/ros2/bookros2_ws/install/br2_fsm_bumpgo_py:/opt/ros/humble /usr/bin/cmake --install /home/ros2/arduinobot_ws/build/arduinobot_controller
[0.265s] -- Install configuration: ""
[0.265s] -- Installing: /home/ros2/arduinobot_ws/install/arduinobot_controller/share/arduinobot_controller/config
[0.265s] -- Installing: /home/ros2/arduinobot_ws/install/arduinobot_controller/share/arduinobot_controller/config/arduinobot_contorllers.yaml
[0.265s] -- Up-to-date: /home/ros2/arduinobot_ws/install/arduinobot_controller/share/ament_index/resource_index/package_run_dependencies/arduinobot_controller
[0.265s] -- Installing: /home/ros2/arduinobot_ws/install/arduinobot_controller/share/ament_index/resource_index/parent_prefix_path/arduinobot_controller
[0.266s] -- Up-to-date: /home/ros2/arduinobot_ws/install/arduinobot_controller/share/arduinobot_controller/environment/ament_prefix_path.sh
[0.266s] -- Installing: /home/ros2/arduinobot_ws/install/arduinobot_controller/share/arduinobot_controller/environment/ament_prefix_path.dsv
[0.266s] -- Up-to-date: /home/ros2/arduinobot_ws/install/arduinobot_controller/share/arduinobot_controller/environment/path.sh
[0.266s] -- Installing: /home/ros2/arduinobot_ws/install/arduinobot_controller/share/arduinobot_controller/environment/path.dsv
[0.266s] -- Up-to-date: /home/ros2/arduinobot_ws/install/arduinobot_controller/share/arduinobot_controller/local_setup.bash
[0.266s] -- Up-to-date: /home/ros2/arduinobot_ws/install/arduinobot_controller/share/arduinobot_controller/local_setup.sh
[0.266s] -- Up-to-date: /home/ros2/arduinobot_ws/install/arduinobot_controller/share/arduinobot_controller/local_setup.zsh
[0.267s] -- Installing: /home/ros2/arduinobot_ws/install/arduinobot_controller/share/arduinobot_controller/local_setup.dsv
[0.267s] -- Installing: /home/ros2/arduinobot_ws/install/arduinobot_controller/share/arduinobot_controller/package.dsv
[0.267s] -- Up-to-date: /home/ros2/arduinobot_ws/install/arduinobot_controller/share/ament_index/resource_index/packages/arduinobot_controller
[0.267s] -- Up-to-date: /home/ros2/arduinobot_ws/install/arduinobot_controller/share/arduinobot_controller/cmake/arduinobot_controllerConfig.cmake
[0.267s] -- Up-to-date: /home/ros2/arduinobot_ws/install/arduinobot_controller/share/arduinobot_controller/cmake/arduinobot_controllerConfig-version.cmake
[0.267s] -- Up-to-date: /home/ros2/arduinobot_ws/install/arduinobot_controller/share/arduinobot_controller/package.xml
[0.268s] Invoked command in '/home/ros2/arduinobot_ws/build/arduinobot_controller' returned '0': CMAKE_PREFIX_PATH=${CMAKE_PREFIX_PATH}:/home/ros2/ros2_ws/install/actions_py:/home/ros2/bookros2_ws/install/pmb2_maps:/home/ros2/bookros2_ws/install/pal_gripper_controller_configuration:/home/ros2/bookros2_ws/install/launch_pal:/home/ros2/bookros2_ws/install/br2_fsm_bumpgo_py:/opt/ros/humble /usr/bin/cmake --install /home/ros2/arduinobot_ws/build/arduinobot_controller
