[0.136s] DEBUG:colcon:Command line arguments: ['/usr/bin/colcon', 'build']
[0.136s] DEBUG:colcon:Parsed command line arguments: Namespace(log_base=None, log_level=None, verb_name='build', build_base='build', install_base='install', merge_install=False, symlink_install=False, test_result_base=None, continue_on_error=False, executor='parallel', parallel_workers=16, event_handlers=None, ignore_user_meta=False, metas=['./colcon.meta'], base_paths=['.'], packages_ignore=None, packages_ignore_regex=None, paths=None, packages_up_to=None, packages_up_to_regex=None, packages_above=None, packages_above_and_dependencies=None, packages_above_depth=None, packages_select_by_dep=None, packages_skip_by_dep=None, packages_skip_up_to=None, packages_select_build_failed=False, packages_skip_build_finished=False, packages_select_test_failures=False, packages_skip_test_passed=False, packages_select=None, packages_skip=None, packages_select_regex=None, packages_skip_regex=None, packages_start=None, packages_end=None, allow_overriding=[], cmake_args=None, cmake_target=None, cmake_target_skip_unavailable=False, cmake_clean_cache=False, cmake_clean_first=False, cmake_force_configure=False, ament_cmake_args=None, catkin_cmake_args=None, catkin_skip_building_tests=False, verb_parser=<colcon_defaults.argument_parser.defaults.DefaultArgumentsDecorator object at 0x7f85d3bec880>, verb_extension=<colcon_core.verb.build.BuildVerb object at 0x7f85d3bec0a0>, main=<bound method BuildVerb.main of <colcon_core.verb.build.BuildVerb object at 0x7f85d3bec0a0>>)
[0.225s] Level 1:colcon.colcon_core.package_discovery:discover_packages(colcon_meta) check parameters
[0.225s] Level 1:colcon.colcon_core.package_discovery:discover_packages(recursive) check parameters
[0.225s] Level 1:colcon.colcon_core.package_discovery:discover_packages(ignore) check parameters
[0.225s] Level 1:colcon.colcon_core.package_discovery:discover_packages(path) check parameters
[0.225s] Level 1:colcon.colcon_core.package_discovery:discover_packages(colcon_meta) discover
[0.225s] Level 1:colcon.colcon_core.package_discovery:discover_packages(recursive) discover
[0.225s] INFO:colcon.colcon_core.package_discovery:Crawling recursively for packages in '/home/ros2/arduinobot_ws'
[0.225s] Level 1:colcon.colcon_core.package_identification:_identify(.) by extensions ['ignore', 'ignore_ament_install']
[0.225s] Level 1:colcon.colcon_core.package_identification:_identify(.) by extension 'ignore'
[0.226s] Level 1:colcon.colcon_core.package_identification:_identify(.) by extension 'ignore_ament_install'
[0.226s] Level 1:colcon.colcon_core.package_identification:_identify(.) by extensions ['colcon_pkg']
[0.226s] Level 1:colcon.colcon_core.package_identification:_identify(.) by extension 'colcon_pkg'
[0.226s] Level 1:colcon.colcon_core.package_identification:_identify(.) by extensions ['colcon_meta']
[0.226s] Level 1:colcon.colcon_core.package_identification:_identify(.) by extension 'colcon_meta'
[0.226s] Level 1:colcon.colcon_core.package_identification:_identify(.) by extensions ['ros']
[0.226s] Level 1:colcon.colcon_core.package_identification:_identify(.) by extension 'ros'
[0.232s] Level 1:colcon.colcon_core.package_identification:_identify(.) by extensions ['cmake', 'python']
[0.232s] Level 1:colcon.colcon_core.package_identification:_identify(.) by extension 'cmake'
[0.232s] Level 1:colcon.colcon_core.package_identification:_identify(.) by extension 'python'
[0.232s] Level 1:colcon.colcon_core.package_identification:_identify(.) by extensions ['python_setup_py']
[0.232s] Level 1:colcon.colcon_core.package_identification:_identify(.) by extension 'python_setup_py'
[0.232s] Level 1:colcon.colcon_core.package_identification:_identify(build) by extensions ['ignore', 'ignore_ament_install']
[0.232s] Level 1:colcon.colcon_core.package_identification:_identify(build) by extension 'ignore'
[0.233s] Level 1:colcon.colcon_core.package_identification:_identify(build) ignored
[0.233s] Level 1:colcon.colcon_core.package_identification:_identify(install) by extensions ['ignore', 'ignore_ament_install']
[0.233s] Level 1:colcon.colcon_core.package_identification:_identify(install) by extension 'ignore'
[0.233s] Level 1:colcon.colcon_core.package_identification:_identify(install) ignored
[0.233s] Level 1:colcon.colcon_core.package_identification:_identify(log) by extensions ['ignore', 'ignore_ament_install']
[0.233s] Level 1:colcon.colcon_core.package_identification:_identify(log) by extension 'ignore'
[0.233s] Level 1:colcon.colcon_core.package_identification:_identify(log) ignored
[0.233s] Level 1:colcon.colcon_core.package_identification:_identify(src) by extensions ['ignore', 'ignore_ament_install']
[0.233s] Level 1:colcon.colcon_core.package_identification:_identify(src) by extension 'ignore'
[0.233s] Level 1:colcon.colcon_core.package_identification:_identify(src) by extension 'ignore_ament_install'
[0.233s] Level 1:colcon.colcon_core.package_identification:_identify(src) by extensions ['colcon_pkg']
[0.233s] Level 1:colcon.colcon_core.package_identification:_identify(src) by extension 'colcon_pkg'
[0.233s] Level 1:colcon.colcon_core.package_identification:_identify(src) by extensions ['colcon_meta']
[0.233s] Level 1:colcon.colcon_core.package_identification:_identify(src) by extension 'colcon_meta'
[0.233s] Level 1:colcon.colcon_core.package_identification:_identify(src) by extensions ['ros']
[0.233s] Level 1:colcon.colcon_core.package_identification:_identify(src) by extension 'ros'
[0.233s] Level 1:colcon.colcon_core.package_identification:_identify(src) by extensions ['cmake', 'python']
[0.233s] Level 1:colcon.colcon_core.package_identification:_identify(src) by extension 'cmake'
[0.233s] Level 1:colcon.colcon_core.package_identification:_identify(src) by extension 'python'
[0.233s] Level 1:colcon.colcon_core.package_identification:_identify(src) by extensions ['python_setup_py']
[0.233s] Level 1:colcon.colcon_core.package_identification:_identify(src) by extension 'python_setup_py'
[0.233s] Level 1:colcon.colcon_core.package_identification:_identify(src/arduinobot_controller) by extensions ['ignore', 'ignore_ament_install']
[0.233s] Level 1:colcon.colcon_core.package_identification:_identify(src/arduinobot_controller) by extension 'ignore'
[0.233s] Level 1:colcon.colcon_core.package_identification:_identify(src/arduinobot_controller) by extension 'ignore_ament_install'
[0.233s] Level 1:colcon.colcon_core.package_identification:_identify(src/arduinobot_controller) by extensions ['colcon_pkg']
[0.233s] Level 1:colcon.colcon_core.package_identification:_identify(src/arduinobot_controller) by extension 'colcon_pkg'
[0.234s] Level 1:colcon.colcon_core.package_identification:_identify(src/arduinobot_controller) by extensions ['colcon_meta']
[0.234s] Level 1:colcon.colcon_core.package_identification:_identify(src/arduinobot_controller) by extension 'colcon_meta'
[0.234s] Level 1:colcon.colcon_core.package_identification:_identify(src/arduinobot_controller) by extensions ['ros']
[0.234s] Level 1:colcon.colcon_core.package_identification:_identify(src/arduinobot_controller) by extension 'ros'
[0.235s] DEBUG:colcon.colcon_core.package_identification:Package 'src/arduinobot_controller' with type 'ros.ament_cmake' and name 'arduinobot_controller'
[0.235s] Level 1:colcon.colcon_core.package_identification:_identify(src/arduinobot_cpp_examples) by extensions ['ignore', 'ignore_ament_install']
[0.235s] Level 1:colcon.colcon_core.package_identification:_identify(src/arduinobot_cpp_examples) by extension 'ignore'
[0.235s] Level 1:colcon.colcon_core.package_identification:_identify(src/arduinobot_cpp_examples) by extension 'ignore_ament_install'
[0.235s] Level 1:colcon.colcon_core.package_identification:_identify(src/arduinobot_cpp_examples) by extensions ['colcon_pkg']
[0.235s] Level 1:colcon.colcon_core.package_identification:_identify(src/arduinobot_cpp_examples) by extension 'colcon_pkg'
[0.235s] Level 1:colcon.colcon_core.package_identification:_identify(src/arduinobot_cpp_examples) by extensions ['colcon_meta']
[0.235s] Level 1:colcon.colcon_core.package_identification:_identify(src/arduinobot_cpp_examples) by extension 'colcon_meta'
[0.235s] Level 1:colcon.colcon_core.package_identification:_identify(src/arduinobot_cpp_examples) by extensions ['ros']
[0.235s] Level 1:colcon.colcon_core.package_identification:_identify(src/arduinobot_cpp_examples) by extension 'ros'
[0.235s] DEBUG:colcon.colcon_core.package_identification:Package 'src/arduinobot_cpp_examples' with type 'ros.ament_cmake' and name 'arduinobot_cpp_examples'
[0.236s] Level 1:colcon.colcon_core.package_identification:_identify(src/arduinobot_description) by extensions ['ignore', 'ignore_ament_install']
[0.236s] Level 1:colcon.colcon_core.package_identification:_identify(src/arduinobot_description) by extension 'ignore'
[0.236s] Level 1:colcon.colcon_core.package_identification:_identify(src/arduinobot_description) by extension 'ignore_ament_install'
[0.236s] Level 1:colcon.colcon_core.package_identification:_identify(src/arduinobot_description) by extensions ['colcon_pkg']
[0.236s] Level 1:colcon.colcon_core.package_identification:_identify(src/arduinobot_description) by extension 'colcon_pkg'
[0.236s] Level 1:colcon.colcon_core.package_identification:_identify(src/arduinobot_description) by extensions ['colcon_meta']
[0.236s] Level 1:colcon.colcon_core.package_identification:_identify(src/arduinobot_description) by extension 'colcon_meta'
[0.236s] Level 1:colcon.colcon_core.package_identification:_identify(src/arduinobot_description) by extensions ['ros']
[0.236s] Level 1:colcon.colcon_core.package_identification:_identify(src/arduinobot_description) by extension 'ros'
[0.236s] DEBUG:colcon.colcon_core.package_identification:Package 'src/arduinobot_description' with type 'ros.ament_cmake' and name 'arduinobot_description'
[0.236s] Level 1:colcon.colcon_core.package_discovery:discover_packages(recursive) using defaults
[0.236s] Level 1:colcon.colcon_core.package_discovery:discover_packages(ignore) discover
[0.236s] Level 1:colcon.colcon_core.package_discovery:discover_packages(ignore) using defaults
[0.236s] Level 1:colcon.colcon_core.package_discovery:discover_packages(path) discover
[0.236s] Level 1:colcon.colcon_core.package_discovery:discover_packages(path) using defaults
[0.248s] Level 1:colcon.colcon_core.package_discovery:discover_packages(prefix_path) check parameters
[0.248s] Level 1:colcon.colcon_core.package_discovery:discover_packages(prefix_path) discover
[0.253s] DEBUG:colcon.colcon_installed_package_information.package_discovery:Found 2 installed packages in /home/ros2/manipulation_ws/install
[0.253s] DEBUG:colcon.colcon_installed_package_information.package_discovery:Found 5 installed packages in /home/ros2/ros2_ws/install
[0.254s] DEBUG:colcon.colcon_installed_package_information.package_discovery:Found 38 installed packages in /home/ros2/bookros2_ws/install
[0.254s] DEBUG:colcon.colcon_installed_package_information.package_discovery:Found 2 installed packages in /home/ros2/arduinobot_ws/install
[0.255s] DEBUG:colcon.colcon_installed_package_information.package_discovery:Found 417 installed packages in /opt/ros/humble
[0.262s] Level 1:colcon.colcon_core.package_discovery:discover_packages(prefix_path) using defaults
[0.325s] Level 5:colcon.colcon_core.verb:set package 'arduinobot_controller' build argument 'cmake_args' from command line to 'None'
[0.325s] Level 5:colcon.colcon_core.verb:set package 'arduinobot_controller' build argument 'cmake_target' from command line to 'None'
[0.325s] Level 5:colcon.colcon_core.verb:set package 'arduinobot_controller' build argument 'cmake_target_skip_unavailable' from command line to 'False'
[0.325s] Level 5:colcon.colcon_core.verb:set package 'arduinobot_controller' build argument 'cmake_clean_cache' from command line to 'False'
[0.325s] Level 5:colcon.colcon_core.verb:set package 'arduinobot_controller' build argument 'cmake_clean_first' from command line to 'False'
[0.325s] Level 5:colcon.colcon_core.verb:set package 'arduinobot_controller' build argument 'cmake_force_configure' from command line to 'False'
[0.325s] Level 5:colcon.colcon_core.verb:set package 'arduinobot_controller' build argument 'ament_cmake_args' from command line to 'None'
[0.326s] Level 5:colcon.colcon_core.verb:set package 'arduinobot_controller' build argument 'catkin_cmake_args' from command line to 'None'
[0.326s] Level 5:colcon.colcon_core.verb:set package 'arduinobot_controller' build argument 'catkin_skip_building_tests' from command line to 'False'
[0.326s] DEBUG:colcon.colcon_core.verb:Building package 'arduinobot_controller' with the following arguments: {'ament_cmake_args': None, 'build_base': '/home/ros2/arduinobot_ws/build/arduinobot_controller', 'catkin_cmake_args': None, 'catkin_skip_building_tests': False, 'cmake_args': None, 'cmake_clean_cache': False, 'cmake_clean_first': False, 'cmake_force_configure': False, 'cmake_target': None, 'cmake_target_skip_unavailable': False, 'install_base': '/home/ros2/arduinobot_ws/install/arduinobot_controller', 'merge_install': False, 'path': '/home/ros2/arduinobot_ws/src/arduinobot_controller', 'symlink_install': False, 'test_result_base': None}
[0.326s] Level 5:colcon.colcon_core.verb:set package 'arduinobot_cpp_examples' build argument 'cmake_args' from command line to 'None'
[0.326s] Level 5:colcon.colcon_core.verb:set package 'arduinobot_cpp_examples' build argument 'cmake_target' from command line to 'None'
[0.326s] Level 5:colcon.colcon_core.verb:set package 'arduinobot_cpp_examples' build argument 'cmake_target_skip_unavailable' from command line to 'False'
[0.326s] Level 5:colcon.colcon_core.verb:set package 'arduinobot_cpp_examples' build argument 'cmake_clean_cache' from command line to 'False'
[0.326s] Level 5:colcon.colcon_core.verb:set package 'arduinobot_cpp_examples' build argument 'cmake_clean_first' from command line to 'False'
[0.326s] Level 5:colcon.colcon_core.verb:set package 'arduinobot_cpp_examples' build argument 'cmake_force_configure' from command line to 'False'
[0.326s] Level 5:colcon.colcon_core.verb:set package 'arduinobot_cpp_examples' build argument 'ament_cmake_args' from command line to 'None'
[0.326s] Level 5:colcon.colcon_core.verb:set package 'arduinobot_cpp_examples' build argument 'catkin_cmake_args' from command line to 'None'
[0.326s] Level 5:colcon.colcon_core.verb:set package 'arduinobot_cpp_examples' build argument 'catkin_skip_building_tests' from command line to 'False'
[0.326s] DEBUG:colcon.colcon_core.verb:Building package 'arduinobot_cpp_examples' with the following arguments: {'ament_cmake_args': None, 'build_base': '/home/ros2/arduinobot_ws/build/arduinobot_cpp_examples', 'catkin_cmake_args': None, 'catkin_skip_building_tests': False, 'cmake_args': None, 'cmake_clean_cache': False, 'cmake_clean_first': False, 'cmake_force_configure': False, 'cmake_target': None, 'cmake_target_skip_unavailable': False, 'install_base': '/home/ros2/arduinobot_ws/install/arduinobot_cpp_examples', 'merge_install': False, 'path': '/home/ros2/arduinobot_ws/src/arduinobot_cpp_examples', 'symlink_install': False, 'test_result_base': None}
[0.326s] Level 5:colcon.colcon_core.verb:set package 'arduinobot_description' build argument 'cmake_args' from command line to 'None'
[0.326s] Level 5:colcon.colcon_core.verb:set package 'arduinobot_description' build argument 'cmake_target' from command line to 'None'
[0.326s] Level 5:colcon.colcon_core.verb:set package 'arduinobot_description' build argument 'cmake_target_skip_unavailable' from command line to 'False'
[0.326s] Level 5:colcon.colcon_core.verb:set package 'arduinobot_description' build argument 'cmake_clean_cache' from command line to 'False'
[0.326s] Level 5:colcon.colcon_core.verb:set package 'arduinobot_description' build argument 'cmake_clean_first' from command line to 'False'
[0.326s] Level 5:colcon.colcon_core.verb:set package 'arduinobot_description' build argument 'cmake_force_configure' from command line to 'False'
[0.326s] Level 5:colcon.colcon_core.verb:set package 'arduinobot_description' build argument 'ament_cmake_args' from command line to 'None'
[0.326s] Level 5:colcon.colcon_core.verb:set package 'arduinobot_description' build argument 'catkin_cmake_args' from command line to 'None'
[0.326s] Level 5:colcon.colcon_core.verb:set package 'arduinobot_description' build argument 'catkin_skip_building_tests' from command line to 'False'
[0.326s] DEBUG:colcon.colcon_core.verb:Building package 'arduinobot_description' with the following arguments: {'ament_cmake_args': None, 'build_base': '/home/ros2/arduinobot_ws/build/arduinobot_description', 'catkin_cmake_args': None, 'catkin_skip_building_tests': False, 'cmake_args': None, 'cmake_clean_cache': False, 'cmake_clean_first': False, 'cmake_force_configure': False, 'cmake_target': None, 'cmake_target_skip_unavailable': False, 'install_base': '/home/ros2/arduinobot_ws/install/arduinobot_description', 'merge_install': False, 'path': '/home/ros2/arduinobot_ws/src/arduinobot_description', 'symlink_install': False, 'test_result_base': None}
[0.326s] INFO:colcon.colcon_core.executor:Executing jobs using 'parallel' executor
[0.327s] DEBUG:colcon.colcon_parallel_executor.executor.parallel:run_until_complete
[0.327s] INFO:colcon.colcon_ros.task.ament_cmake.build:Building ROS package in '/home/ros2/arduinobot_ws/src/arduinobot_controller' with build type 'ament_cmake'
[0.327s] INFO:colcon.colcon_cmake.task.cmake.build:Building CMake package in '/home/ros2/arduinobot_ws/src/arduinobot_controller'
[0.334s] INFO:colcon.colcon_core.plugin_system:Skipping extension 'colcon_core.shell.bat': Not used on non-Windows systems
[0.334s] INFO:colcon.colcon_core.shell:Skip shell extension 'powershell' for command environment: Not usable outside of PowerShell
[0.334s] DEBUG:colcon.colcon_core.shell:Skip shell extension 'dsv' for command environment
[0.338s] INFO:colcon.colcon_ros.task.ament_cmake.build:Building ROS package in '/home/ros2/arduinobot_ws/src/arduinobot_cpp_examples' with build type 'ament_cmake'
[0.338s] INFO:colcon.colcon_cmake.task.cmake.build:Building CMake package in '/home/ros2/arduinobot_ws/src/arduinobot_cpp_examples'
[0.339s] INFO:colcon.colcon_core.shell:Skip shell extension 'powershell' for command environment: Not usable outside of PowerShell
[0.339s] DEBUG:colcon.colcon_core.shell:Skip shell extension 'dsv' for command environment
[0.343s] INFO:colcon.colcon_ros.task.ament_cmake.build:Building ROS package in '/home/ros2/arduinobot_ws/src/arduinobot_description' with build type 'ament_cmake'
[0.343s] INFO:colcon.colcon_cmake.task.cmake.build:Building CMake package in '/home/ros2/arduinobot_ws/src/arduinobot_description'
[0.343s] INFO:colcon.colcon_core.shell:Skip shell extension 'powershell' for command environment: Not usable outside of PowerShell
[0.343s] DEBUG:colcon.colcon_core.shell:Skip shell extension 'dsv' for command environment
[0.353s] DEBUG:colcon.colcon_core.event_handler.log_command:Invoking command in '/home/ros2/arduinobot_ws/build/arduinobot_controller': CMAKE_PREFIX_PATH=${CMAKE_PREFIX_PATH}:/home/ros2/ros2_ws/install/actions_py:/home/ros2/bookros2_ws/install/pmb2_maps:/home/ros2/bookros2_ws/install/pal_gripper_controller_configuration:/home/ros2/bookros2_ws/install/launch_pal:/home/ros2/bookros2_ws/install/br2_fsm_bumpgo_py:/opt/ros/humble /usr/bin/cmake --build /home/ros2/arduinobot_ws/build/arduinobot_controller -- -j16 -l16
[0.355s] DEBUG:colcon.colcon_core.event_handler.log_command:Invoking command in '/home/ros2/arduinobot_ws/build/arduinobot_cpp_examples': CMAKE_PREFIX_PATH=${CMAKE_PREFIX_PATH}:/home/ros2/ros2_ws/install/actions_py:/home/ros2/bookros2_ws/install/pmb2_maps:/home/ros2/bookros2_ws/install/pal_gripper_controller_configuration:/home/ros2/bookros2_ws/install/launch_pal:/home/ros2/bookros2_ws/install/br2_fsm_bumpgo_py:/opt/ros/humble /usr/bin/cmake /home/ros2/arduinobot_ws/src/arduinobot_cpp_examples -DCMAKE_INSTALL_PREFIX=/home/ros2/arduinobot_ws/install/arduinobot_cpp_examples
[0.360s] DEBUG:colcon.colcon_core.event_handler.log_command:Invoking command in '/home/ros2/arduinobot_ws/build/arduinobot_description': CMAKE_PREFIX_PATH=${CMAKE_PREFIX_PATH}:/home/ros2/ros2_ws/install/actions_py:/home/ros2/bookros2_ws/install/pmb2_maps:/home/ros2/bookros2_ws/install/pal_gripper_controller_configuration:/home/ros2/bookros2_ws/install/launch_pal:/home/ros2/bookros2_ws/install/br2_fsm_bumpgo_py:/opt/ros/humble /usr/bin/cmake --build /home/ros2/arduinobot_ws/build/arduinobot_description -- -j16 -l16
[0.389s] DEBUG:colcon.colcon_core.event_handler.log_command:Invoked command in '/home/ros2/arduinobot_ws/build/arduinobot_controller' returned '0': CMAKE_PREFIX_PATH=${CMAKE_PREFIX_PATH}:/home/ros2/ros2_ws/install/actions_py:/home/ros2/bookros2_ws/install/pmb2_maps:/home/ros2/bookros2_ws/install/pal_gripper_controller_configuration:/home/ros2/bookros2_ws/install/launch_pal:/home/ros2/bookros2_ws/install/br2_fsm_bumpgo_py:/opt/ros/humble /usr/bin/cmake --build /home/ros2/arduinobot_ws/build/arduinobot_controller -- -j16 -l16
[0.390s] DEBUG:colcon.colcon_core.event_handler.log_command:Invoked command in '/home/ros2/arduinobot_ws/build/arduinobot_description' returned '0': CMAKE_PREFIX_PATH=${CMAKE_PREFIX_PATH}:/home/ros2/ros2_ws/install/actions_py:/home/ros2/bookros2_ws/install/pmb2_maps:/home/ros2/bookros2_ws/install/pal_gripper_controller_configuration:/home/ros2/bookros2_ws/install/launch_pal:/home/ros2/bookros2_ws/install/br2_fsm_bumpgo_py:/opt/ros/humble /usr/bin/cmake --build /home/ros2/arduinobot_ws/build/arduinobot_description -- -j16 -l16
[0.407s] DEBUG:colcon.colcon_core.event_handler.log_command:Invoking command in '/home/ros2/arduinobot_ws/build/arduinobot_controller': CMAKE_PREFIX_PATH=${CMAKE_PREFIX_PATH}:/home/ros2/ros2_ws/install/actions_py:/home/ros2/bookros2_ws/install/pmb2_maps:/home/ros2/bookros2_ws/install/pal_gripper_controller_configuration:/home/ros2/bookros2_ws/install/launch_pal:/home/ros2/bookros2_ws/install/br2_fsm_bumpgo_py:/opt/ros/humble /usr/bin/cmake --install /home/ros2/arduinobot_ws/build/arduinobot_controller
[0.409s] DEBUG:colcon.colcon_core.event_handler.log_command:Invoking command in '/home/ros2/arduinobot_ws/build/arduinobot_description': CMAKE_PREFIX_PATH=${CMAKE_PREFIX_PATH}:/home/ros2/ros2_ws/install/actions_py:/home/ros2/bookros2_ws/install/pmb2_maps:/home/ros2/bookros2_ws/install/pal_gripper_controller_configuration:/home/ros2/bookros2_ws/install/launch_pal:/home/ros2/bookros2_ws/install/br2_fsm_bumpgo_py:/opt/ros/humble /usr/bin/cmake --install /home/ros2/arduinobot_ws/build/arduinobot_description
[0.413s] Level 1:colcon.colcon_core.environment:create_environment_scripts_only(arduinobot_controller)
[0.413s] DEBUG:colcon.colcon_core.event_handler.log_command:Invoked command in '/home/ros2/arduinobot_ws/build/arduinobot_controller' returned '0': CMAKE_PREFIX_PATH=${CMAKE_PREFIX_PATH}:/home/ros2/ros2_ws/install/actions_py:/home/ros2/bookros2_ws/install/pmb2_maps:/home/ros2/bookros2_ws/install/pal_gripper_controller_configuration:/home/ros2/bookros2_ws/install/launch_pal:/home/ros2/bookros2_ws/install/br2_fsm_bumpgo_py:/opt/ros/humble /usr/bin/cmake --install /home/ros2/arduinobot_ws/build/arduinobot_controller
[0.424s] Level 1:colcon.colcon_core.environment:checking '/home/ros2/arduinobot_ws/install/arduinobot_controller' for CMake module files
[0.424s] Level 1:colcon.colcon_core.environment:checking '/home/ros2/arduinobot_ws/install/arduinobot_controller' for CMake config files
[0.424s] Level 1:colcon.colcon_core.shell:create_environment_hook('arduinobot_controller', 'cmake_prefix_path')
[0.424s] INFO:colcon.colcon_core.shell:Creating environment hook '/home/ros2/arduinobot_ws/install/arduinobot_controller/share/arduinobot_controller/hook/cmake_prefix_path.ps1'
[0.425s] INFO:colcon.colcon_core.shell:Creating environment descriptor '/home/ros2/arduinobot_ws/install/arduinobot_controller/share/arduinobot_controller/hook/cmake_prefix_path.dsv'
[0.426s] INFO:colcon.colcon_core.shell:Creating environment hook '/home/ros2/arduinobot_ws/install/arduinobot_controller/share/arduinobot_controller/hook/cmake_prefix_path.sh'
[0.427s] Level 1:colcon.colcon_core.environment:checking '/home/ros2/arduinobot_ws/install/arduinobot_controller/bin'
[0.427s] Level 1:colcon.colcon_core.environment:checking '/home/ros2/arduinobot_ws/install/arduinobot_controller/lib/pkgconfig/arduinobot_controller.pc'
[0.427s] Level 1:colcon.colcon_core.environment:checking '/home/ros2/arduinobot_ws/install/arduinobot_controller/lib/python3.10/site-packages'
[0.427s] Level 1:colcon.colcon_core.environment:checking '/home/ros2/arduinobot_ws/install/arduinobot_controller/bin'
[0.427s] INFO:colcon.colcon_core.shell:Creating package script '/home/ros2/arduinobot_ws/install/arduinobot_controller/share/arduinobot_controller/package.ps1'
[0.429s] INFO:colcon.colcon_core.shell:Creating package descriptor '/home/ros2/arduinobot_ws/install/arduinobot_controller/share/arduinobot_controller/package.dsv'
[0.430s] INFO:colcon.colcon_core.shell:Creating package script '/home/ros2/arduinobot_ws/install/arduinobot_controller/share/arduinobot_controller/package.sh'
[0.431s] INFO:colcon.colcon_core.shell:Creating package script '/home/ros2/arduinobot_ws/install/arduinobot_controller/share/arduinobot_controller/package.bash'
[0.432s] INFO:colcon.colcon_core.shell:Creating package script '/home/ros2/arduinobot_ws/install/arduinobot_controller/share/arduinobot_controller/package.zsh'
[0.433s] Level 1:colcon.colcon_core.environment:create_file_with_runtime_dependencies(/home/ros2/arduinobot_ws/install/arduinobot_controller/share/colcon-core/packages/arduinobot_controller)
[0.434s] Level 1:colcon.colcon_core.environment:create_environment_scripts_only(arduinobot_description)
[0.435s] Level 1:colcon.colcon_core.environment:checking '/home/ros2/arduinobot_ws/install/arduinobot_description' for CMake module files
[0.435s] DEBUG:colcon.colcon_core.event_handler.log_command:Invoked command in '/home/ros2/arduinobot_ws/build/arduinobot_description' returned '0': CMAKE_PREFIX_PATH=${CMAKE_PREFIX_PATH}:/home/ros2/ros2_ws/install/actions_py:/home/ros2/bookros2_ws/install/pmb2_maps:/home/ros2/bookros2_ws/install/pal_gripper_controller_configuration:/home/ros2/bookros2_ws/install/launch_pal:/home/ros2/bookros2_ws/install/br2_fsm_bumpgo_py:/opt/ros/humble /usr/bin/cmake --install /home/ros2/arduinobot_ws/build/arduinobot_description
[0.436s] Level 1:colcon.colcon_core.environment:checking '/home/ros2/arduinobot_ws/install/arduinobot_description' for CMake config files
[0.436s] Level 1:colcon.colcon_core.shell:create_environment_hook('arduinobot_description', 'cmake_prefix_path')
[0.436s] INFO:colcon.colcon_core.shell:Creating environment hook '/home/ros2/arduinobot_ws/install/arduinobot_description/share/arduinobot_description/hook/cmake_prefix_path.ps1'
[0.436s] INFO:colcon.colcon_core.shell:Creating environment descriptor '/home/ros2/arduinobot_ws/install/arduinobot_description/share/arduinobot_description/hook/cmake_prefix_path.dsv'
[0.436s] INFO:colcon.colcon_core.shell:Creating environment hook '/home/ros2/arduinobot_ws/install/arduinobot_description/share/arduinobot_description/hook/cmake_prefix_path.sh'
[0.437s] Level 1:colcon.colcon_core.environment:checking '/home/ros2/arduinobot_ws/install/arduinobot_description/bin'
[0.437s] Level 1:colcon.colcon_core.environment:checking '/home/ros2/arduinobot_ws/install/arduinobot_description/lib/pkgconfig/arduinobot_description.pc'
[0.437s] Level 1:colcon.colcon_core.environment:checking '/home/ros2/arduinobot_ws/install/arduinobot_description/lib/python3.10/site-packages'
[0.437s] Level 1:colcon.colcon_core.environment:checking '/home/ros2/arduinobot_ws/install/arduinobot_description/bin'
[0.437s] INFO:colcon.colcon_core.shell:Creating package script '/home/ros2/arduinobot_ws/install/arduinobot_description/share/arduinobot_description/package.ps1'
[0.438s] INFO:colcon.colcon_core.shell:Creating package descriptor '/home/ros2/arduinobot_ws/install/arduinobot_description/share/arduinobot_description/package.dsv'
[0.438s] INFO:colcon.colcon_core.shell:Creating package script '/home/ros2/arduinobot_ws/install/arduinobot_description/share/arduinobot_description/package.sh'
[0.438s] INFO:colcon.colcon_core.shell:Creating package script '/home/ros2/arduinobot_ws/install/arduinobot_description/share/arduinobot_description/package.bash'
[0.438s] INFO:colcon.colcon_core.shell:Creating package script '/home/ros2/arduinobot_ws/install/arduinobot_description/share/arduinobot_description/package.zsh'
[0.438s] Level 1:colcon.colcon_core.environment:create_file_with_runtime_dependencies(/home/ros2/arduinobot_ws/install/arduinobot_description/share/colcon-core/packages/arduinobot_description)
[0.447s] Level 1:colcon.colcon_core.environment:create_environment_scripts_only(arduinobot_controller)
[0.447s] Level 1:colcon.colcon_core.environment:checking '/home/ros2/arduinobot_ws/install/arduinobot_controller' for CMake module files
[0.448s] Level 1:colcon.colcon_core.environment:checking '/home/ros2/arduinobot_ws/install/arduinobot_controller' for CMake config files
[0.448s] Level 1:colcon.colcon_core.shell:create_environment_hook('arduinobot_controller', 'cmake_prefix_path')
[0.448s] INFO:colcon.colcon_core.shell:Creating environment hook '/home/ros2/arduinobot_ws/install/arduinobot_controller/share/arduinobot_controller/hook/cmake_prefix_path.ps1'
[0.448s] INFO:colcon.colcon_core.shell:Creating environment descriptor '/home/ros2/arduinobot_ws/install/arduinobot_controller/share/arduinobot_controller/hook/cmake_prefix_path.dsv'
[0.448s] INFO:colcon.colcon_core.shell:Creating environment hook '/home/ros2/arduinobot_ws/install/arduinobot_controller/share/arduinobot_controller/hook/cmake_prefix_path.sh'
[0.449s] Level 1:colcon.colcon_core.environment:checking '/home/ros2/arduinobot_ws/install/arduinobot_controller/bin'
[0.449s] Level 1:colcon.colcon_core.environment:checking '/home/ros2/arduinobot_ws/install/arduinobot_controller/lib/pkgconfig/arduinobot_controller.pc'
[0.449s] Level 1:colcon.colcon_core.environment:checking '/home/ros2/arduinobot_ws/install/arduinobot_controller/lib/python3.10/site-packages'
[0.449s] Level 1:colcon.colcon_core.environment:checking '/home/ros2/arduinobot_ws/install/arduinobot_controller/bin'
[0.449s] INFO:colcon.colcon_core.shell:Creating package script '/home/ros2/arduinobot_ws/install/arduinobot_controller/share/arduinobot_controller/package.ps1'
[0.449s] INFO:colcon.colcon_core.shell:Creating package descriptor '/home/ros2/arduinobot_ws/install/arduinobot_controller/share/arduinobot_controller/package.dsv'
[0.450s] INFO:colcon.colcon_core.shell:Creating package script '/home/ros2/arduinobot_ws/install/arduinobot_controller/share/arduinobot_controller/package.sh'
[0.450s] INFO:colcon.colcon_core.shell:Creating package script '/home/ros2/arduinobot_ws/install/arduinobot_controller/share/arduinobot_controller/package.bash'
[0.450s] INFO:colcon.colcon_core.shell:Creating package script '/home/ros2/arduinobot_ws/install/arduinobot_controller/share/arduinobot_controller/package.zsh'
[0.450s] Level 1:colcon.colcon_core.environment:create_file_with_runtime_dependencies(/home/ros2/arduinobot_ws/install/arduinobot_controller/share/colcon-core/packages/arduinobot_controller)
[0.452s] Level 1:colcon.colcon_core.environment:create_environment_scripts_only(arduinobot_description)
[0.452s] Level 1:colcon.colcon_core.environment:checking '/home/ros2/arduinobot_ws/install/arduinobot_description' for CMake module files
[0.452s] Level 1:colcon.colcon_core.environment:checking '/home/ros2/arduinobot_ws/install/arduinobot_description' for CMake config files
[0.453s] Level 1:colcon.colcon_core.shell:create_environment_hook('arduinobot_description', 'cmake_prefix_path')
[0.453s] INFO:colcon.colcon_core.shell:Creating environment hook '/home/ros2/arduinobot_ws/install/arduinobot_description/share/arduinobot_description/hook/cmake_prefix_path.ps1'
[0.453s] INFO:colcon.colcon_core.shell:Creating environment descriptor '/home/ros2/arduinobot_ws/install/arduinobot_description/share/arduinobot_description/hook/cmake_prefix_path.dsv'
[0.453s] INFO:colcon.colcon_core.shell:Creating environment hook '/home/ros2/arduinobot_ws/install/arduinobot_description/share/arduinobot_description/hook/cmake_prefix_path.sh'
[0.454s] Level 1:colcon.colcon_core.environment:checking '/home/ros2/arduinobot_ws/install/arduinobot_description/bin'
[0.454s] Level 1:colcon.colcon_core.environment:checking '/home/ros2/arduinobot_ws/install/arduinobot_description/lib/pkgconfig/arduinobot_description.pc'
[0.454s] Level 1:colcon.colcon_core.environment:checking '/home/ros2/arduinobot_ws/install/arduinobot_description/lib/python3.10/site-packages'
[0.454s] Level 1:colcon.colcon_core.environment:checking '/home/ros2/arduinobot_ws/install/arduinobot_description/bin'
[0.455s] INFO:colcon.colcon_core.shell:Creating package script '/home/ros2/arduinobot_ws/install/arduinobot_description/share/arduinobot_description/package.ps1'
[0.455s] INFO:colcon.colcon_core.shell:Creating package descriptor '/home/ros2/arduinobot_ws/install/arduinobot_description/share/arduinobot_description/package.dsv'
[0.455s] INFO:colcon.colcon_core.shell:Creating package script '/home/ros2/arduinobot_ws/install/arduinobot_description/share/arduinobot_description/package.sh'
[0.456s] INFO:colcon.colcon_core.shell:Creating package script '/home/ros2/arduinobot_ws/install/arduinobot_description/share/arduinobot_description/package.bash'
[0.456s] INFO:colcon.colcon_core.shell:Creating package script '/home/ros2/arduinobot_ws/install/arduinobot_description/share/arduinobot_description/package.zsh'
[0.456s] Level 1:colcon.colcon_core.environment:create_file_with_runtime_dependencies(/home/ros2/arduinobot_ws/install/arduinobot_description/share/colcon-core/packages/arduinobot_description)
[1.526s] DEBUG:colcon.colcon_core.event_handler.log_command:Invoked command in '/home/ros2/arduinobot_ws/build/arduinobot_cpp_examples' returned '0': CMAKE_PREFIX_PATH=${CMAKE_PREFIX_PATH}:/home/ros2/ros2_ws/install/actions_py:/home/ros2/bookros2_ws/install/pmb2_maps:/home/ros2/bookros2_ws/install/pal_gripper_controller_configuration:/home/ros2/bookros2_ws/install/launch_pal:/home/ros2/bookros2_ws/install/br2_fsm_bumpgo_py:/opt/ros/humble /usr/bin/cmake /home/ros2/arduinobot_ws/src/arduinobot_cpp_examples -DCMAKE_INSTALL_PREFIX=/home/ros2/arduinobot_ws/install/arduinobot_cpp_examples
[1.527s] DEBUG:colcon.colcon_core.event_handler.log_command:Invoking command in '/home/ros2/arduinobot_ws/build/arduinobot_cpp_examples': CMAKE_PREFIX_PATH=${CMAKE_PREFIX_PATH}:/home/ros2/ros2_ws/install/actions_py:/home/ros2/bookros2_ws/install/pmb2_maps:/home/ros2/bookros2_ws/install/pal_gripper_controller_configuration:/home/ros2/bookros2_ws/install/launch_pal:/home/ros2/bookros2_ws/install/br2_fsm_bumpgo_py:/opt/ros/humble /usr/bin/cmake --build /home/ros2/arduinobot_ws/build/arduinobot_cpp_examples -- -j16 -l16
[1.545s] DEBUG:colcon.colcon_core.event_handler.log_command:Invoked command in '/home/ros2/arduinobot_ws/build/arduinobot_cpp_examples' returned '0': CMAKE_PREFIX_PATH=${CMAKE_PREFIX_PATH}:/home/ros2/ros2_ws/install/actions_py:/home/ros2/bookros2_ws/install/pmb2_maps:/home/ros2/bookros2_ws/install/pal_gripper_controller_configuration:/home/ros2/bookros2_ws/install/launch_pal:/home/ros2/bookros2_ws/install/br2_fsm_bumpgo_py:/opt/ros/humble /usr/bin/cmake --build /home/ros2/arduinobot_ws/build/arduinobot_cpp_examples -- -j16 -l16
[1.560s] DEBUG:colcon.colcon_core.event_handler.log_command:Invoking command in '/home/ros2/arduinobot_ws/build/arduinobot_cpp_examples': CMAKE_PREFIX_PATH=${CMAKE_PREFIX_PATH}:/home/ros2/ros2_ws/install/actions_py:/home/ros2/bookros2_ws/install/pmb2_maps:/home/ros2/bookros2_ws/install/pal_gripper_controller_configuration:/home/ros2/bookros2_ws/install/launch_pal:/home/ros2/bookros2_ws/install/br2_fsm_bumpgo_py:/opt/ros/humble /usr/bin/cmake --install /home/ros2/arduinobot_ws/build/arduinobot_cpp_examples
[1.566s] Level 1:colcon.colcon_core.environment:create_environment_scripts_only(arduinobot_cpp_examples)
[1.566s] Level 1:colcon.colcon_core.environment:checking '/home/ros2/arduinobot_ws/install/arduinobot_cpp_examples' for CMake module files
[1.567s] Level 1:colcon.colcon_core.environment:checking '/home/ros2/arduinobot_ws/install/arduinobot_cpp_examples' for CMake config files
[1.567s] DEBUG:colcon.colcon_core.event_handler.log_command:Invoked command in '/home/ros2/arduinobot_ws/build/arduinobot_cpp_examples' returned '0': CMAKE_PREFIX_PATH=${CMAKE_PREFIX_PATH}:/home/ros2/ros2_ws/install/actions_py:/home/ros2/bookros2_ws/install/pmb2_maps:/home/ros2/bookros2_ws/install/pal_gripper_controller_configuration:/home/ros2/bookros2_ws/install/launch_pal:/home/ros2/bookros2_ws/install/br2_fsm_bumpgo_py:/opt/ros/humble /usr/bin/cmake --install /home/ros2/arduinobot_ws/build/arduinobot_cpp_examples
[1.567s] Level 1:colcon.colcon_core.shell:create_environment_hook('arduinobot_cpp_examples', 'cmake_prefix_path')
[1.567s] INFO:colcon.colcon_core.shell:Creating environment hook '/home/ros2/arduinobot_ws/install/arduinobot_cpp_examples/share/arduinobot_cpp_examples/hook/cmake_prefix_path.ps1'
[1.567s] INFO:colcon.colcon_core.shell:Creating environment descriptor '/home/ros2/arduinobot_ws/install/arduinobot_cpp_examples/share/arduinobot_cpp_examples/hook/cmake_prefix_path.dsv'
[1.568s] INFO:colcon.colcon_core.shell:Creating environment hook '/home/ros2/arduinobot_ws/install/arduinobot_cpp_examples/share/arduinobot_cpp_examples/hook/cmake_prefix_path.sh'
[1.568s] Level 1:colcon.colcon_core.environment:checking '/home/ros2/arduinobot_ws/install/arduinobot_cpp_examples/bin'
[1.568s] Level 1:colcon.colcon_core.environment:checking '/home/ros2/arduinobot_ws/install/arduinobot_cpp_examples/lib/pkgconfig/arduinobot_cpp_examples.pc'
[1.568s] Level 1:colcon.colcon_core.environment:checking '/home/ros2/arduinobot_ws/install/arduinobot_cpp_examples/lib/python3.10/site-packages'
[1.568s] Level 1:colcon.colcon_core.environment:checking '/home/ros2/arduinobot_ws/install/arduinobot_cpp_examples/bin'
[1.568s] INFO:colcon.colcon_core.shell:Creating package script '/home/ros2/arduinobot_ws/install/arduinobot_cpp_examples/share/arduinobot_cpp_examples/package.ps1'
[1.569s] INFO:colcon.colcon_core.shell:Creating package descriptor '/home/ros2/arduinobot_ws/install/arduinobot_cpp_examples/share/arduinobot_cpp_examples/package.dsv'
[1.569s] INFO:colcon.colcon_core.shell:Creating package script '/home/ros2/arduinobot_ws/install/arduinobot_cpp_examples/share/arduinobot_cpp_examples/package.sh'
[1.569s] INFO:colcon.colcon_core.shell:Creating package script '/home/ros2/arduinobot_ws/install/arduinobot_cpp_examples/share/arduinobot_cpp_examples/package.bash'
[1.569s] INFO:colcon.colcon_core.shell:Creating package script '/home/ros2/arduinobot_ws/install/arduinobot_cpp_examples/share/arduinobot_cpp_examples/package.zsh'
[1.569s] Level 1:colcon.colcon_core.environment:create_file_with_runtime_dependencies(/home/ros2/arduinobot_ws/install/arduinobot_cpp_examples/share/colcon-core/packages/arduinobot_cpp_examples)
[1.583s] Level 1:colcon.colcon_core.environment:create_environment_scripts_only(arduinobot_cpp_examples)
[1.584s] Level 1:colcon.colcon_core.environment:checking '/home/ros2/arduinobot_ws/install/arduinobot_cpp_examples' for CMake module files
[1.584s] Level 1:colcon.colcon_core.environment:checking '/home/ros2/arduinobot_ws/install/arduinobot_cpp_examples' for CMake config files
[1.584s] Level 1:colcon.colcon_core.shell:create_environment_hook('arduinobot_cpp_examples', 'cmake_prefix_path')
[1.584s] INFO:colcon.colcon_core.shell:Creating environment hook '/home/ros2/arduinobot_ws/install/arduinobot_cpp_examples/share/arduinobot_cpp_examples/hook/cmake_prefix_path.ps1'
[1.584s] INFO:colcon.colcon_core.shell:Creating environment descriptor '/home/ros2/arduinobot_ws/install/arduinobot_cpp_examples/share/arduinobot_cpp_examples/hook/cmake_prefix_path.dsv'
[1.585s] INFO:colcon.colcon_core.shell:Creating environment hook '/home/ros2/arduinobot_ws/install/arduinobot_cpp_examples/share/arduinobot_cpp_examples/hook/cmake_prefix_path.sh'
[1.585s] Level 1:colcon.colcon_core.environment:checking '/home/ros2/arduinobot_ws/install/arduinobot_cpp_examples/bin'
[1.585s] Level 1:colcon.colcon_core.environment:checking '/home/ros2/arduinobot_ws/install/arduinobot_cpp_examples/lib/pkgconfig/arduinobot_cpp_examples.pc'
[1.585s] Level 1:colcon.colcon_core.environment:checking '/home/ros2/arduinobot_ws/install/arduinobot_cpp_examples/lib/python3.10/site-packages'
[1.585s] Level 1:colcon.colcon_core.environment:checking '/home/ros2/arduinobot_ws/install/arduinobot_cpp_examples/bin'
[1.585s] INFO:colcon.colcon_core.shell:Creating package script '/home/ros2/arduinobot_ws/install/arduinobot_cpp_examples/share/arduinobot_cpp_examples/package.ps1'
[1.586s] INFO:colcon.colcon_core.shell:Creating package descriptor '/home/ros2/arduinobot_ws/install/arduinobot_cpp_examples/share/arduinobot_cpp_examples/package.dsv'
[1.586s] INFO:colcon.colcon_core.shell:Creating package script '/home/ros2/arduinobot_ws/install/arduinobot_cpp_examples/share/arduinobot_cpp_examples/package.sh'
[1.586s] INFO:colcon.colcon_core.shell:Creating package script '/home/ros2/arduinobot_ws/install/arduinobot_cpp_examples/share/arduinobot_cpp_examples/package.bash'
[1.586s] INFO:colcon.colcon_core.shell:Creating package script '/home/ros2/arduinobot_ws/install/arduinobot_cpp_examples/share/arduinobot_cpp_examples/package.zsh'
[1.587s] Level 1:colcon.colcon_core.environment:create_file_with_runtime_dependencies(/home/ros2/arduinobot_ws/install/arduinobot_cpp_examples/share/colcon-core/packages/arduinobot_cpp_examples)
[1.587s] DEBUG:colcon.colcon_parallel_executor.executor.parallel:closing loop
[1.587s] DEBUG:colcon.colcon_parallel_executor.executor.parallel:loop closed
[1.587s] DEBUG:colcon.colcon_parallel_executor.executor.parallel:run_until_complete finished with '0'
[1.587s] DEBUG:colcon.colcon_core.event_reactor:joining thread
[1.625s] INFO:colcon.colcon_core.plugin_system:Skipping extension 'colcon_notification.desktop_notification.notify_send': Could not find 'notify-send'
[1.625s] INFO:colcon.colcon_core.plugin_system:Skipping extension 'colcon_notification.desktop_notification.terminal_notifier': Not used on non-Darwin systems
[1.625s] INFO:colcon.colcon_core.plugin_system:Skipping extension 'colcon_notification.desktop_notification.win32': Not used on non-Windows systems
[1.625s] INFO:colcon.colcon_notification.desktop_notification:Sending desktop notification using 'notify2'
[1.626s] DEBUG:colcon.colcon_notification.desktop_notification.notify2:Failed to initialize notify2: org.freedesktop.DBus.Error.ServiceUnknown: The name org.freedesktop.Notifications was not provided by any .service files
[1.626s] DEBUG:colcon.colcon_core.event_reactor:joined thread
[1.627s] INFO:colcon.colcon_core.shell:Creating prefix script '/home/ros2/arduinobot_ws/install/local_setup.ps1'
[1.628s] INFO:colcon.colcon_core.shell:Creating prefix util module '/home/ros2/arduinobot_ws/install/_local_setup_util_ps1.py'
[1.629s] INFO:colcon.colcon_core.shell:Creating prefix chain script '/home/ros2/arduinobot_ws/install/setup.ps1'
[1.631s] INFO:colcon.colcon_core.shell:Creating prefix script '/home/ros2/arduinobot_ws/install/local_setup.sh'
[1.632s] INFO:colcon.colcon_core.shell:Creating prefix util module '/home/ros2/arduinobot_ws/install/_local_setup_util_sh.py'
[1.632s] INFO:colcon.colcon_core.shell:Creating prefix chain script '/home/ros2/arduinobot_ws/install/setup.sh'
[1.634s] INFO:colcon.colcon_core.shell:Creating prefix script '/home/ros2/arduinobot_ws/install/local_setup.bash'
[1.635s] INFO:colcon.colcon_core.shell:Creating prefix chain script '/home/ros2/arduinobot_ws/install/setup.bash'
[1.637s] INFO:colcon.colcon_core.shell:Creating prefix script '/home/ros2/arduinobot_ws/install/local_setup.zsh'
[1.638s] INFO:colcon.colcon_core.shell:Creating prefix chain script '/home/ros2/arduinobot_ws/install/setup.zsh'
