[0.016s] Invoking command in '/home/ros2/arduinobot_ws/build/arduinobot_cpp_examples': CMAKE_PREFIX_PATH=${CMAKE_PREFIX_PATH}:/home/ros2/ros2_ws/install/actions_py:/home/ros2/bookros2_ws/install/pmb2_maps:/home/ros2/bookros2_ws/install/pal_gripper_controller_configuration:/home/ros2/bookros2_ws/install/launch_pal:/home/ros2/bookros2_ws/install/br2_fsm_bumpgo_py:/opt/ros/humble /usr/bin/cmake /home/ros2/arduinobot_ws/src/arduinobot_cpp_examples -DCMAKE_INSTALL_PREFIX=/home/ros2/arduinobot_ws/install/arduinobot_cpp_examples
[0.161s] -- The C compiler identification is GNU 11.4.0
[0.492s] -- The CXX compiler identification is GNU 11.4.0
[0.694s] -- Detecting C compiler ABI info
[0.790s] -- Detecting C compiler ABI info - done
[0.794s] -- Check for working C compiler: /usr/bin/cc - skipped
[0.795s] -- Detecting C compile features
[0.795s] -- Detecting C compile features - done
[0.798s] -- Detecting CXX compiler ABI info
[0.906s] -- Detecting CXX compiler ABI info - done
[0.911s] -- Check for working CXX compiler: /usr/bin/c++ - skipped
[0.911s] -- Detecting CXX compile features
[0.911s] -- Detecting CXX compile features - done
[0.918s] -- Found ament_cmake: 1.3.8 (/opt/ros/humble/share/ament_cmake/cmake)
[1.016s] -- Found Python3: /usr/bin/python3 (found version "3.10.12") found components: Interpreter 
[1.113s] -- Found ament_lint_auto: 0.12.10 (/opt/ros/humble/share/ament_lint_auto/cmake)
[1.178s] -- Added test 'lint_cmake' to check CMake code style
[1.180s] -- Added test 'xmllint' to check XML markup files
[1.182s] -- Configuring done
[1.183s] -- Generating done
[1.184s] -- Build files have been written to: /home/ros2/arduinobot_ws/build/arduinobot_cpp_examples
[1.188s] Invoked command in '/home/ros2/arduinobot_ws/build/arduinobot_cpp_examples' returned '0': CMAKE_PREFIX_PATH=${CMAKE_PREFIX_PATH}:/home/ros2/ros2_ws/install/actions_py:/home/ros2/bookros2_ws/install/pmb2_maps:/home/ros2/bookros2_ws/install/pal_gripper_controller_configuration:/home/ros2/bookros2_ws/install/launch_pal:/home/ros2/bookros2_ws/install/br2_fsm_bumpgo_py:/opt/ros/humble /usr/bin/cmake /home/ros2/arduinobot_ws/src/arduinobot_cpp_examples -DCMAKE_INSTALL_PREFIX=/home/ros2/arduinobot_ws/install/arduinobot_cpp_examples
[1.188s] Invoking command in '/home/ros2/arduinobot_ws/build/arduinobot_cpp_examples': CMAKE_PREFIX_PATH=${CMAKE_PREFIX_PATH}:/home/ros2/ros2_ws/install/actions_py:/home/ros2/bookros2_ws/install/pmb2_maps:/home/ros2/bookros2_ws/install/pal_gripper_controller_configuration:/home/ros2/bookros2_ws/install/launch_pal:/home/ros2/bookros2_ws/install/br2_fsm_bumpgo_py:/opt/ros/humble /usr/bin/cmake --build /home/ros2/arduinobot_ws/build/arduinobot_cpp_examples -- -j16 -l16
[1.207s] Invoked command in '/home/ros2/arduinobot_ws/build/arduinobot_cpp_examples' returned '0': CMAKE_PREFIX_PATH=${CMAKE_PREFIX_PATH}:/home/ros2/ros2_ws/install/actions_py:/home/ros2/bookros2_ws/install/pmb2_maps:/home/ros2/bookros2_ws/install/pal_gripper_controller_configuration:/home/ros2/bookros2_ws/install/launch_pal:/home/ros2/bookros2_ws/install/br2_fsm_bumpgo_py:/opt/ros/humble /usr/bin/cmake --build /home/ros2/arduinobot_ws/build/arduinobot_cpp_examples -- -j16 -l16
[1.221s] Invoking command in '/home/ros2/arduinobot_ws/build/arduinobot_cpp_examples': CMAKE_PREFIX_PATH=${CMAKE_PREFIX_PATH}:/home/ros2/ros2_ws/install/actions_py:/home/ros2/bookros2_ws/install/pmb2_maps:/home/ros2/bookros2_ws/install/pal_gripper_controller_configuration:/home/ros2/bookros2_ws/install/launch_pal:/home/ros2/bookros2_ws/install/br2_fsm_bumpgo_py:/opt/ros/humble /usr/bin/cmake --install /home/ros2/arduinobot_ws/build/arduinobot_cpp_examples
[1.224s] -- Install configuration: ""
[1.225s] -- Installing: /home/ros2/arduinobot_ws/install/arduinobot_cpp_examples/share/ament_index/resource_index/package_run_dependencies/arduinobot_cpp_examples
[1.225s] -- Installing: /home/ros2/arduinobot_ws/install/arduinobot_cpp_examples/share/ament_index/resource_index/parent_prefix_path/arduinobot_cpp_examples
[1.225s] -- Installing: /home/ros2/arduinobot_ws/install/arduinobot_cpp_examples/share/arduinobot_cpp_examples/environment/ament_prefix_path.sh
[1.225s] -- Installing: /home/ros2/arduinobot_ws/install/arduinobot_cpp_examples/share/arduinobot_cpp_examples/environment/ament_prefix_path.dsv
[1.226s] -- Installing: /home/ros2/arduinobot_ws/install/arduinobot_cpp_examples/share/arduinobot_cpp_examples/environment/path.sh
[1.226s] -- Installing: /home/ros2/arduinobot_ws/install/arduinobot_cpp_examples/share/arduinobot_cpp_examples/environment/path.dsv
[1.226s] -- Installing: /home/ros2/arduinobot_ws/install/arduinobot_cpp_examples/share/arduinobot_cpp_examples/local_setup.bash
[1.226s] -- Installing: /home/ros2/arduinobot_ws/install/arduinobot_cpp_examples/share/arduinobot_cpp_examples/local_setup.sh
[1.226s] -- Installing: /home/ros2/arduinobot_ws/install/arduinobot_cpp_examples/share/arduinobot_cpp_examples/local_setup.zsh
[1.226s] -- Installing: /home/ros2/arduinobot_ws/install/arduinobot_cpp_examples/share/arduinobot_cpp_examples/local_setup.dsv
[1.226s] -- Installing: /home/ros2/arduinobot_ws/install/arduinobot_cpp_examples/share/arduinobot_cpp_examples/package.dsv
[1.226s] -- Installing: /home/ros2/arduinobot_ws/install/arduinobot_cpp_examples/share/ament_index/resource_index/packages/arduinobot_cpp_examples
[1.227s] -- Installing: /home/ros2/arduinobot_ws/install/arduinobot_cpp_examples/share/arduinobot_cpp_examples/cmake/arduinobot_cpp_examplesConfig.cmake
[1.227s] -- Installing: /home/ros2/arduinobot_ws/install/arduinobot_cpp_examples/share/arduinobot_cpp_examples/cmake/arduinobot_cpp_examplesConfig-version.cmake
[1.227s] -- Installing: /home/ros2/arduinobot_ws/install/arduinobot_cpp_examples/share/arduinobot_cpp_examples/package.xml
[1.228s] Invoked command in '/home/ros2/arduinobot_ws/build/arduinobot_cpp_examples' returned '0': CMAKE_PREFIX_PATH=${CMAKE_PREFIX_PATH}:/home/ros2/ros2_ws/install/actions_py:/home/ros2/bookros2_ws/install/pmb2_maps:/home/ros2/bookros2_ws/install/pal_gripper_controller_configuration:/home/ros2/bookros2_ws/install/launch_pal:/home/ros2/bookros2_ws/install/br2_fsm_bumpgo_py:/opt/ros/humble /usr/bin/cmake --install /home/ros2/arduinobot_ws/build/arduinobot_cpp_examples
