[0.068s] Invoking command in '/home/ros2/arduinobot_ws/build/arduinobot_cpp_examples': CMAKE_PREFIX_PATH=${CMAKE_PREFIX_PATH}:/home/ros2/ros2_ws/install/actions_py:/home/ros2/bookros2_ws/install/pmb2_maps:/home/ros2/bookros2_ws/install/pal_gripper_controller_configuration:/home/ros2/bookros2_ws/install/launch_pal:/home/ros2/bookros2_ws/install/br2_fsm_bumpgo_py:/opt/ros/humble LD_LIBRARY_PATH=/home/ros2/arduinobot_ws/install/arduinobot_msgs/lib:/home/ros2/ros2_ws/install/my_robot_interfaces/lib:/home/ros2/bookros2_ws/install/groot/lib:/home/ros2/bookros2_ws/install/br2_vff_avoidance/lib:/home/ros2/bookros2_ws/install/br2_tracking/lib:/home/ros2/bookros2_ws/install/br2_tracking_msgs/lib:/home/ros2/bookros2_ws/install/br2_tf2_detector/lib:/home/ros2/bookros2_ws/install/br2_bt_patrolling/lib:/home/ros2/bookros2_ws/install/br2_bt_bumpgo/lib:/usr/lib/x86_64-linux-gnu/gazebo-11/plugins:/opt/ros/humble/opt/rviz_ogre_vendor/lib:/opt/ros/humble/lib/x86_64-linux-gnu:/opt/ros/humble/lib:/usr/share/gazebo/../../lib/x86_64-linux-gnu/gazebo-11/plugins /usr/bin/cmake --build /home/ros2/arduinobot_ws/build/arduinobot_cpp_examples -- -j16 -l16
[0.081s] -- Found ament_cmake: 1.3.8 (/opt/ros/humble/share/ament_cmake/cmake)
[0.162s] -- Found rclcpp: 16.0.8 (/opt/ros/humble/share/rclcpp/cmake)
[0.286s] -- Found rosidl_generator_c: 3.1.5 (/opt/ros/humble/share/rosidl_generator_c/cmake)
[0.288s] -- Found rosidl_adapter: 3.1.5 (/opt/ros/humble/share/rosidl_adapter/cmake)
[0.291s] -- Found rosidl_generator_cpp: 3.1.5 (/opt/ros/humble/share/rosidl_generator_cpp/cmake)
[0.298s] -- Using all available rosidl_typesupport_c: rosidl_typesupport_fastrtps_c;rosidl_typesupport_introspection_c
[0.308s] -- Using all available rosidl_typesupport_cpp: rosidl_typesupport_fastrtps_cpp;rosidl_typesupport_introspection_cpp
[0.342s] -- Found rmw_implementation_cmake: 6.1.1 (/opt/ros/humble/share/rmw_implementation_cmake/cmake)
[0.344s] -- Found rmw_fastrtps_cpp: 6.2.6 (/opt/ros/humble/share/rmw_fastrtps_cpp/cmake)
[4.458s] -- Using RMW implementation 'rmw_fastrtps_cpp' as default
[4.544s] -- Found arduinobot_msgs: 0.0.0 (/home/ros2/arduinobot_ws/install/arduinobot_msgs/share/arduinobot_msgs/cmake)
[4.554s] -- Found ament_lint_auto: 0.12.10 (/opt/ros/humble/share/ament_lint_auto/cmake)
[4.593s] -- Added test 'cppcheck' to perform static code analysis on C / C++ code
[4.593s] -- Configured cppcheck include dirs: 
[4.593s] -- Configured cppcheck exclude dirs and/or files: 
[4.594s] -- Added test 'lint_cmake' to check CMake code style
[4.594s] -- Added test 'uncrustify' to check C / C++ code style
[4.594s] -- Configured uncrustify additional arguments: 
[4.594s] -- Added test 'xmllint' to check XML markup files
[4.594s] -- Configuring done
[4.601s] -- Generating done
[4.602s] -- Build files have been written to: /home/ros2/arduinobot_ws/build/arduinobot_cpp_examples
[4.617s] [35m[1mConsolidate compiler generated dependencies of target simple_service_server[0m
[4.622s] [ 25%] [32mBuilding CXX object CMakeFiles/simple_service_client.dir/src/simple_service_client.cpp.o[0m
[4.625s] [ 75%] Built target simple_service_server
[6.067s] In file included from [01m[K/usr/include/c++/11/pstl/glue_algorithm_defs.h:13[m[K,
[6.068s]                  from [01m[K/usr/include/c++/11/algorithm:74[m[K,
[6.068s]                  from [01m[K/opt/ros/humble/include/rclcpp/rclcpp/executor.hpp:18[m[K,
[6.068s]                  from [01m[K/opt/ros/humble/include/rclcpp/rclcpp/executors/multi_threaded_executor.hpp:25[m[K,
[6.068s]                  from [01m[K/opt/ros/humble/include/rclcpp/rclcpp/executors.hpp:21[m[K,
[6.068s]                  from [01m[K/opt/ros/humble/include/rclcpp/rclcpp/rclcpp.hpp:155[m[K,
[6.068s]                  from [01m[K/home/ros2/arduinobot_ws/src/arduinobot_cpp_examples/src/simple_service_client.cpp:1[m[K:
[6.068s] /usr/include/c++/11/functional: In instantiation of ‘[01m[Kstruct std::_Bind_check_arity<void (SimpleServiceClient::*)(std::shared_future<std::shared_ptr<arduinobot_msgs::srv::AddTwoInts_Response_<std::allocator<void> > > >)>[m[K’:
[6.068s] [01m[K/usr/include/c++/11/functional:768:12:[m[K   required from ‘[01m[Kstruct std::_Bind_helper<false, void (SimpleServiceClient::*)(std::shared_future<std::shared_ptr<arduinobot_msgs::srv::AddTwoInts_Response_<std::allocator<void> > > >)>[m[K’
[6.068s] [01m[K/usr/include/c++/11/functional:789:5:[m[K   required by substitution of ‘[01m[Ktemplate<class _Func, class ... _BoundArgs> typename std::_Bind_helper<std::__is_socketlike<_Func>::value, _Func, _BoundArgs ...>::type std::bind(_Func&&, _BoundArgs&& ...) [with _Func = void (SimpleServiceClient::*)(std::shared_future<std::shared_ptr<arduinobot_msgs::srv::AddTwoInts_Response_<std::allocator<void> > > >); _BoundArgs = {}][m[K’
[6.068s] [01m[K/home/ros2/arduinobot_ws/src/arduinobot_cpp_examples/src/simple_service_client.cpp:26:69:[m[K   required from here
[6.068s] [01m[K/usr/include/c++/11/functional:756:21:[m[K [01;31m[Kerror: [m[Kstatic assertion failed: Wrong number of arguments for pointer-to-member
[6.069s]   755 |       static_assert(_Varargs::[01;31m[Kvalue[m[K
[6.069s]       |                               [01;31m[K~~~~~[m[K
[6.069s]   756 | [01;31m[K                    ? sizeof...(_BoundArgs) >= _Arity::value + 1[m[K
[6.069s]       |                     [01;31m[K^~~~~~~~~~~~~~~~~~~~~~~~~~~~~~~~~~~~~~~~~~~~[m[K
[6.069s]   757 | [01;31m[K                    : sizeof...(_BoundArgs) == _Arity::value + 1[m[K,
[6.069s]       |                     [01;31m[K~~~~~~~~~~~~~~~~~~~~~~~~~~~~~~~~~~~~~~~~~~~~[m[K
[6.069s] [01m[K/usr/include/c++/11/functional:756:21:[m[K [01;36m[Knote: [m[K‘[01m[K(false ? (0 >= (((long unsigned int)std::integral_constant<long unsigned int, 1>::value) + 1)) : (0 == (((long unsigned int)std::integral_constant<long unsigned int, 1>::value) + 1)))[m[K’ evaluates to false
[6.069s] /usr/include/c++/11/functional: In substitution of ‘[01m[Ktemplate<class _Functor, class ... _Bound_args> template<class _Fn, class _CallArgs, class ... _BArgs> using _Res_type_impl = typename std::result_of<_Fn&(decltype (std::_Mu<typename std::remove_cv<_BArgs>::type, std::is_bind_expression<typename std::remove_cv<_BArgs>::type>::value, (std::is_placeholder<typename std::remove_cv<_BArgs>::type>::value > 0)>()(declval<_BArgs&>(), declval<_CallArgs&>()))&& ...)>::type [with _Fn = void (SimpleServiceClient::*)(std::shared_future<std::shared_ptr<arduinobot_msgs::srv::AddTwoInts_Response_<std::allocator<void> > > >); _CallArgs = _CallArgs; _BArgs = {}; _Functor = void (SimpleServiceClient::*)(std::shared_future<std::shared_ptr<arduinobot_msgs::srv::AddTwoInts_Response_<std::allocator<void> > > >); _Bound_args = {}][m[K’:
[6.069s] [01m[K/usr/include/c++/11/functional:468:8:[m[K   required from ‘[01m[Kclass std::_Bind<void (SimpleServiceClient::*())(std::shared_future<std::shared_ptr<arduinobot_msgs::srv::AddTwoInts_Response_<std::allocator<void> > > >)>[m[K’
[6.069s] [01m[K/home/ros2/arduinobot_ws/src/arduinobot_cpp_examples/src/simple_service_client.cpp:26:69:[m[K   required from here
[6.069s] [01m[K/usr/include/c++/11/functional:464:15:[m[K [01;31m[Kerror: [m[Kno type named ‘[01m[Ktype[m[K’ in ‘[01m[Kstruct std::result_of<void (SimpleServiceClient::*&())(std::shared_future<std::shared_ptr<arduinobot_msgs::srv::AddTwoInts_Response_<std::allocator<void> > > >)>[m[K’
[6.069s]   464 |         using [01;31m[K_Res_type_impl[m[K
[6.069s]       |               [01;31m[K^~~~~~~~~~~~~~[m[K
[6.069s] /usr/include/c++/11/functional: In substitution of ‘[01m[Ktemplate<class _Functor, class ... _Bound_args> template<class _Fn, class _CallArgs, class ... _BArgs> using _Res_type_impl = typename std::result_of<_Fn&(decltype (std::_Mu<typename std::remove_cv<_BArgs>::type, std::is_bind_expression<typename std::remove_cv<_BArgs>::type>::value, (std::is_placeholder<typename std::remove_cv<_BArgs>::type>::value > 0)>()(declval<_BArgs&>(), declval<_CallArgs&>()))&& ...)>::type [with _Fn = void (SimpleServiceClient::*)(std::shared_future<std::shared_ptr<arduinobot_msgs::srv::AddTwoInts_Response_<std::allocator<void> > > >); _CallArgs = std::tuple<_Tps ...>; _BArgs = {}; _Functor = void (SimpleServiceClient::*)(std::shared_future<std::shared_ptr<arduinobot_msgs::srv::AddTwoInts_Response_<std::allocator<void> > > >); _Bound_args = {}][m[K’:
[6.069s] [01m[K/usr/include/c++/11/functional:468:8:[m[K   required by substitution of ‘[01m[Ktemplate<class _Functor, class ... _Bound_args> template<class _CallArgs> using _Res_type = std::_Bind<_Functor(_Bound_args ...)>::_Res_type_impl<_Functor, _CallArgs, _Bound_args ...> [with _CallArgs = std::tuple<_Tps ...>; _Functor = void (SimpleServiceClient::*)(std::shared_future<std::shared_ptr<arduinobot_msgs::srv::AddTwoInts_Response_<std::allocator<void> > > >); _Bound_args = {}][m[K’
[6.069s] [01m[K/usr/include/c++/11/functional:501:2:[m[K   required from ‘[01m[Kclass std::_Bind<void (SimpleServiceClient::*())(std::shared_future<std::shared_ptr<arduinobot_msgs::srv::AddTwoInts_Response_<std::allocator<void> > > >)>[m[K’
[6.069s] [01m[K/home/ros2/arduinobot_ws/src/arduinobot_cpp_examples/src/simple_service_client.cpp:26:69:[m[K   required from here
[6.069s] [01m[K/usr/include/c++/11/functional:464:15:[m[K [01;31m[Kerror: [m[Kno type named ‘[01m[Ktype[m[K’ in ‘[01m[Kstruct std::result_of<void (SimpleServiceClient::*&())(std::shared_future<std::shared_ptr<arduinobot_msgs::srv::AddTwoInts_Response_<std::allocator<void> > > >)>[m[K’
[6.069s] [01m[K/home/ros2/arduinobot_ws/src/arduinobot_cpp_examples/src/simple_service_client.cpp:[m[K In constructor ‘[01m[KSimpleServiceClient::SimpleServiceClient(int, int)[m[K’:
[6.069s] [01m[K/home/ros2/arduinobot_ws/src/arduinobot_cpp_examples/src/simple_service_client.cpp:26:50:[m[K [01;31m[Kerror: [m[Kno matching function for call to ‘[01m[Krclcpp::Client<arduinobot_msgs::srv::AddTwoInts>::async_send_request(std::shared_ptr<arduinobot_msgs::srv::AddTwoInts_Request_<std::allocator<void> > >&, std::_Bind_helper<false, void (SimpleServiceClient::*)(std::shared_future<std::shared_ptr<arduinobot_msgs::srv::AddTwoInts_Response_<std::allocator<void> > > >)>::type, SimpleServiceClient*, const std::_Placeholder<1>&)[m[K’
[6.069s]    26 |         auto result = [01;31m[Kclient_->async_send_request(request, std::bind(&SimpleServiceClient::respondeCallback), this, _1)[m[K;
[6.069s]       |                       [01;31m[K~~~~~~~~~~~~~~~~~~~~~~~~~~~^~~~~~~~~~~~~~~~~~~~~~~~~~~~~~~~~~~~~~~~~~~~~~~~~~~~~~~~~~~~~~~~~~~~~~[m[K
[6.069s] In file included from [01m[K/opt/ros/humble/include/rclcpp/rclcpp/callback_group.hpp:24[m[K,
[6.069s]                  from [01m[K/opt/ros/humble/include/rclcpp/rclcpp/any_executable.hpp:20[m[K,
[6.069s]                  from [01m[K/opt/ros/humble/include/rclcpp/rclcpp/memory_strategy.hpp:25[m[K,
[6.069s]                  from [01m[K/opt/ros/humble/include/rclcpp/rclcpp/memory_strategies.hpp:18[m[K,
[6.069s]                  from [01m[K/opt/ros/humble/include/rclcpp/rclcpp/executor_options.hpp:20[m[K,
[6.069s]                  from [01m[K/opt/ros/humble/include/rclcpp/rclcpp/executor.hpp:37[m[K,
[6.070s]                  from [01m[K/opt/ros/humble/include/rclcpp/rclcpp/executors/multi_threaded_executor.hpp:25[m[K,
[6.070s]                  from [01m[K/opt/ros/humble/include/rclcpp/rclcpp/executors.hpp:21[m[K,
[6.070s]                  from [01m[K/opt/ros/humble/include/rclcpp/rclcpp/rclcpp.hpp:155[m[K,
[6.070s]                  from [01m[K/home/ros2/arduinobot_ws/src/arduinobot_cpp_examples/src/simple_service_client.cpp:1[m[K:
[6.070s] [01m[K/opt/ros/humble/include/rclcpp/rclcpp/client.hpp:643:3:[m[K [01;36m[Knote: [m[Kcandidate: ‘[01m[Ktemplate<class CallbackT, typename std::enable_if<rclcpp::function_traits::same_arguments<CallbackT, std::function<void(std::shared_future<std::shared_ptr<arduinobot_msgs::srv::AddTwoInts_Response_<std::allocator<void> > > >)> >::value, void>::type* <anonymous> > rclcpp::Client<ServiceT>::SharedFutureAndRequestId rclcpp::Client<ServiceT>::async_send_request(rclcpp::Client<ServiceT>::SharedRequest, CallbackT&&) [with CallbackT = CallbackT; typename std::enable_if<rclcpp::function_traits::same_arguments<CallbackT, std::function<void(std::shared_future<typename ServiceT::Response::SharedPtr>)> >::value>::type* <anonymous> = <anonymous>; ServiceT = arduinobot_msgs::srv::AddTwoInts][m[K’
[6.070s]   643 |   [01;36m[Kasync_send_request[m[K(SharedRequest request, CallbackT && cb)
[6.070s]       |   [01;36m[K^~~~~~~~~~~~~~~~~~[m[K
[6.070s] [01m[K/opt/ros/humble/include/rclcpp/rclcpp/client.hpp:643:3:[m[K [01;36m[Knote: [m[K  template argument deduction/substitution failed:
[6.070s] [01m[K/home/ros2/arduinobot_ws/src/arduinobot_cpp_examples/src/simple_service_client.cpp:26:50:[m[K [01;36m[Knote: [m[K  candidate expects 2 arguments, 4 provided
[6.070s]    26 |         auto result = [01;36m[Kclient_->async_send_request(request, std::bind(&SimpleServiceClient::respondeCallback), this, _1)[m[K;
[6.070s]       |                       [01;36m[K~~~~~~~~~~~~~~~~~~~~~~~~~~~^~~~~~~~~~~~~~~~~~~~~~~~~~~~~~~~~~~~~~~~~~~~~~~~~~~~~~~~~~~~~~~~~~~~~~[m[K
[6.070s] In file included from [01m[K/opt/ros/humble/include/rclcpp/rclcpp/callback_group.hpp:24[m[K,
[6.070s]                  from [01m[K/opt/ros/humble/include/rclcpp/rclcpp/any_executable.hpp:20[m[K,
[6.070s]                  from [01m[K/opt/ros/humble/include/rclcpp/rclcpp/memory_strategy.hpp:25[m[K,
[6.070s]                  from [01m[K/opt/ros/humble/include/rclcpp/rclcpp/memory_strategies.hpp:18[m[K,
[6.070s]                  from [01m[K/opt/ros/humble/include/rclcpp/rclcpp/executor_options.hpp:20[m[K,
[6.070s]                  from [01m[K/opt/ros/humble/include/rclcpp/rclcpp/executor.hpp:37[m[K,
[6.070s]                  from [01m[K/opt/ros/humble/include/rclcpp/rclcpp/executors/multi_threaded_executor.hpp:25[m[K,
[6.070s]                  from [01m[K/opt/ros/humble/include/rclcpp/rclcpp/executors.hpp:21[m[K,
[6.070s]                  from [01m[K/opt/ros/humble/include/rclcpp/rclcpp/rclcpp.hpp:155[m[K,
[6.070s]                  from [01m[K/home/ros2/arduinobot_ws/src/arduinobot_cpp_examples/src/simple_service_client.cpp:1[m[K:
[6.070s] [01m[K/opt/ros/humble/include/rclcpp/rclcpp/client.hpp:674:3:[m[K [01;36m[Knote: [m[Kcandidate: ‘[01m[Ktemplate<class CallbackT, typename std::enable_if<rclcpp::function_traits::same_arguments<CallbackT, std::function<void(std::shared_future<std::pair<std::shared_ptr<arduinobot_msgs::srv::AddTwoInts_Request_<std::allocator<void> > >, std::shared_ptr<arduinobot_msgs::srv::AddTwoInts_Response_<std::allocator<void> > > > >)> >::value, void>::type* <anonymous> > rclcpp::Client<ServiceT>::SharedFutureWithRequestAndRequestId rclcpp::Client<ServiceT>::async_send_request(rclcpp::Client<ServiceT>::SharedRequest, CallbackT&&) [with CallbackT = CallbackT; typename std::enable_if<rclcpp::function_traits::same_arguments<CallbackT, std::function<void(std::shared_future<std::pair<typename ServiceT::Request::SharedPtr, typename ServiceT::Response::SharedPtr> >)> >::value>::type* <anonymous> = <anonymous>; ServiceT = arduinobot_msgs::srv::AddTwoInts][m[K’
[6.070s]   674 |   [01;36m[Kasync_send_request[m[K(SharedRequest request, CallbackT && cb)
[6.070s]       |   [01;36m[K^~~~~~~~~~~~~~~~~~[m[K
[6.070s] [01m[K/opt/ros/humble/include/rclcpp/rclcpp/client.hpp:674:3:[m[K [01;36m[Knote: [m[K  template argument deduction/substitution failed:
[6.070s] [01m[K/home/ros2/arduinobot_ws/src/arduinobot_cpp_examples/src/simple_service_client.cpp:26:50:[m[K [01;36m[Knote: [m[K  candidate expects 2 arguments, 4 provided
[6.070s]    26 |         auto result = [01;36m[Kclient_->async_send_request(request, std::bind(&SimpleServiceClient::respondeCallback), this, _1)[m[K;
[6.071s]       |                       [01;36m[K~~~~~~~~~~~~~~~~~~~~~~~~~~~^~~~~~~~~~~~~~~~~~~~~~~~~~~~~~~~~~~~~~~~~~~~~~~~~~~~~~~~~~~~~~~~~~~~~~[m[K
[6.071s] In file included from [01m[K/opt/ros/humble/include/rclcpp/rclcpp/callback_group.hpp:24[m[K,
[6.071s]                  from [01m[K/opt/ros/humble/include/rclcpp/rclcpp/any_executable.hpp:20[m[K,
[6.071s]                  from [01m[K/opt/ros/humble/include/rclcpp/rclcpp/memory_strategy.hpp:25[m[K,
[6.071s]                  from [01m[K/opt/ros/humble/include/rclcpp/rclcpp/memory_strategies.hpp:18[m[K,
[6.071s]                  from [01m[K/opt/ros/humble/include/rclcpp/rclcpp/executor_options.hpp:20[m[K,
[6.071s]                  from [01m[K/opt/ros/humble/include/rclcpp/rclcpp/executor.hpp:37[m[K,
[6.071s]                  from [01m[K/opt/ros/humble/include/rclcpp/rclcpp/executors/multi_threaded_executor.hpp:25[m[K,
[6.071s]                  from [01m[K/opt/ros/humble/include/rclcpp/rclcpp/executors.hpp:21[m[K,
[6.071s]                  from [01m[K/opt/ros/humble/include/rclcpp/rclcpp/rclcpp.hpp:155[m[K,
[6.071s]                  from [01m[K/home/ros2/arduinobot_ws/src/arduinobot_cpp_examples/src/simple_service_client.cpp:1[m[K:
[6.071s] [01m[K/opt/ros/humble/include/rclcpp/rclcpp/client.hpp:608:3:[m[K [01;36m[Knote: [m[Kcandidate: ‘[01m[Krclcpp::Client<ServiceT>::FutureAndRequestId rclcpp::Client<ServiceT>::async_send_request(rclcpp::Client<ServiceT>::SharedRequest) [with ServiceT = arduinobot_msgs::srv::AddTwoInts; rclcpp::Client<ServiceT>::SharedRequest = std::shared_ptr<arduinobot_msgs::srv::AddTwoInts_Request_<std::allocator<void> > >][m[K’
[6.071s]   608 |   [01;36m[Kasync_send_request[m[K(SharedRequest request)
[6.071s]       |   [01;36m[K^~~~~~~~~~~~~~~~~~[m[K
[6.071s] [01m[K/opt/ros/humble/include/rclcpp/rclcpp/client.hpp:608:3:[m[K [01;36m[Knote: [m[K  candidate expects 1 argument, 4 provided
[6.415s] gmake[2]: *** [CMakeFiles/simple_service_client.dir/build.make:76: CMakeFiles/simple_service_client.dir/src/simple_service_client.cpp.o] Error 1
[6.415s] gmake[1]: *** [CMakeFiles/Makefile2:165: CMakeFiles/simple_service_client.dir/all] Error 2
[6.415s] gmake: *** [Makefile:146: all] Error 2
[6.417s] Invoked command in '/home/ros2/arduinobot_ws/build/arduinobot_cpp_examples' returned '2': CMAKE_PREFIX_PATH=${CMAKE_PREFIX_PATH}:/home/ros2/ros2_ws/install/actions_py:/home/ros2/bookros2_ws/install/pmb2_maps:/home/ros2/bookros2_ws/install/pal_gripper_controller_configuration:/home/ros2/bookros2_ws/install/launch_pal:/home/ros2/bookros2_ws/install/br2_fsm_bumpgo_py:/opt/ros/humble LD_LIBRARY_PATH=/home/ros2/arduinobot_ws/install/arduinobot_msgs/lib:/home/ros2/ros2_ws/install/my_robot_interfaces/lib:/home/ros2/bookros2_ws/install/groot/lib:/home/ros2/bookros2_ws/install/br2_vff_avoidance/lib:/home/ros2/bookros2_ws/install/br2_tracking/lib:/home/ros2/bookros2_ws/install/br2_tracking_msgs/lib:/home/ros2/bookros2_ws/install/br2_tf2_detector/lib:/home/ros2/bookros2_ws/install/br2_bt_patrolling/lib:/home/ros2/bookros2_ws/install/br2_bt_bumpgo/lib:/usr/lib/x86_64-linux-gnu/gazebo-11/plugins:/opt/ros/humble/opt/rviz_ogre_vendor/lib:/opt/ros/humble/lib/x86_64-linux-gnu:/opt/ros/humble/lib:/usr/share/gazebo/../../lib/x86_64-linux-gnu/gazebo-11/plugins /usr/bin/cmake --build /home/ros2/arduinobot_ws/build/arduinobot_cpp_examples -- -j16 -l16
