[0.008s] Invoking command in '/home/ros2/arduinobot_ws/build/arduinobot_description': CMAKE_PREFIX_PATH=${CMAKE_PREFIX_PATH}:/home/ros2/bookros2_ws/install/pmb2_maps:/home/ros2/bookros2_ws/install/pal_gripper_controller_configuration:/home/ros2/bookros2_ws/install/launch_pal:/home/ros2/bookros2_ws/install/br2_fsm_bumpgo_py:/home/ros2/ros2_ws/install/actions_py:/opt/ros/humble /usr/bin/cmake /home/ros2/arduinobot_ws/src/arduinobot_description -DCMAKE_INSTALL_PREFIX=/home/ros2/arduinobot_ws/install/arduinobot_description
[0.236s] -- The C compiler identification is GNU 11.4.0
[0.720s] -- The CXX compiler identification is GNU 11.4.0
[1.053s] -- Detecting C compiler ABI info
[1.154s] -- Detecting C compiler ABI info - done
[1.158s] -- Check for working C compiler: /usr/bin/cc - skipped
[1.158s] -- Detecting C compile features
[1.159s] -- Detecting C compile features - done
[1.161s] -- Detecting CXX compiler ABI info
[1.279s] -- Detecting CXX compiler ABI info - done
[1.283s] -- Check for working CXX compiler: /usr/bin/c++ - skipped
[1.283s] -- Detecting CXX compile features
[1.283s] -- Detecting CXX compile features - done
[1.291s] -- Found ament_cmake: 1.3.8 (/opt/ros/humble/share/ament_cmake/cmake)
[1.388s] -- Found Python3: /usr/bin/python3 (found version "3.10.12") found components: Interpreter 
[1.490s] -- Found ament_lint_auto: 0.12.10 (/opt/ros/humble/share/ament_lint_auto/cmake)
[1.556s] -- Added test 'lint_cmake' to check CMake code style
[1.558s] -- Added test 'xmllint' to check XML markup files
[1.560s] -- Configuring done
[1.562s] -- Generating done
[1.562s] -- Build files have been written to: /home/ros2/arduinobot_ws/build/arduinobot_description
[1.565s] Invoked command in '/home/ros2/arduinobot_ws/build/arduinobot_description' returned '0': CMAKE_PREFIX_PATH=${CMAKE_PREFIX_PATH}:/home/ros2/bookros2_ws/install/pmb2_maps:/home/ros2/bookros2_ws/install/pal_gripper_controller_configuration:/home/ros2/bookros2_ws/install/launch_pal:/home/ros2/bookros2_ws/install/br2_fsm_bumpgo_py:/home/ros2/ros2_ws/install/actions_py:/opt/ros/humble /usr/bin/cmake /home/ros2/arduinobot_ws/src/arduinobot_description -DCMAKE_INSTALL_PREFIX=/home/ros2/arduinobot_ws/install/arduinobot_description
[1.566s] Invoking command in '/home/ros2/arduinobot_ws/build/arduinobot_description': CMAKE_PREFIX_PATH=${CMAKE_PREFIX_PATH}:/home/ros2/bookros2_ws/install/pmb2_maps:/home/ros2/bookros2_ws/install/pal_gripper_controller_configuration:/home/ros2/bookros2_ws/install/launch_pal:/home/ros2/bookros2_ws/install/br2_fsm_bumpgo_py:/home/ros2/ros2_ws/install/actions_py:/opt/ros/humble /usr/bin/cmake --build /home/ros2/arduinobot_ws/build/arduinobot_description -- -j16 -l16
[1.583s] Invoked command in '/home/ros2/arduinobot_ws/build/arduinobot_description' returned '0': CMAKE_PREFIX_PATH=${CMAKE_PREFIX_PATH}:/home/ros2/bookros2_ws/install/pmb2_maps:/home/ros2/bookros2_ws/install/pal_gripper_controller_configuration:/home/ros2/bookros2_ws/install/launch_pal:/home/ros2/bookros2_ws/install/br2_fsm_bumpgo_py:/home/ros2/ros2_ws/install/actions_py:/opt/ros/humble /usr/bin/cmake --build /home/ros2/arduinobot_ws/build/arduinobot_description -- -j16 -l16
[1.604s] Invoking command in '/home/ros2/arduinobot_ws/build/arduinobot_description': CMAKE_PREFIX_PATH=${CMAKE_PREFIX_PATH}:/home/ros2/bookros2_ws/install/pmb2_maps:/home/ros2/bookros2_ws/install/pal_gripper_controller_configuration:/home/ros2/bookros2_ws/install/launch_pal:/home/ros2/bookros2_ws/install/br2_fsm_bumpgo_py:/home/ros2/ros2_ws/install/actions_py:/opt/ros/humble /usr/bin/cmake --install /home/ros2/arduinobot_ws/build/arduinobot_description
[1.607s] -- Install configuration: ""
[1.608s] -- Installing: /home/ros2/arduinobot_ws/install/arduinobot_description/share/ament_index/resource_index/package_run_dependencies/arduinobot_description
[1.608s] -- Installing: /home/ros2/arduinobot_ws/install/arduinobot_description/share/ament_index/resource_index/parent_prefix_path/arduinobot_description
[1.608s] -- Installing: /home/ros2/arduinobot_ws/install/arduinobot_description/share/arduinobot_description/environment/ament_prefix_path.sh
[1.608s] -- Installing: /home/ros2/arduinobot_ws/install/arduinobot_description/share/arduinobot_description/environment/ament_prefix_path.dsv
[1.608s] -- Installing: /home/ros2/arduinobot_ws/install/arduinobot_description/share/arduinobot_description/environment/path.sh
[1.608s] -- Installing: /home/ros2/arduinobot_ws/install/arduinobot_description/share/arduinobot_description/environment/path.dsv
[1.608s] -- Installing: /home/ros2/arduinobot_ws/install/arduinobot_description/share/arduinobot_description/local_setup.bash
[1.608s] -- Installing: /home/ros2/arduinobot_ws/install/arduinobot_description/share/arduinobot_description/local_setup.sh
[1.609s] -- Installing: /home/ros2/arduinobot_ws/install/arduinobot_description/share/arduinobot_description/local_setup.zsh
[1.609s] -- Installing: /home/ros2/arduinobot_ws/install/arduinobot_description/share/arduinobot_description/local_setup.dsv
[1.609s] -- Installing: /home/ros2/arduinobot_ws/install/arduinobot_description/share/arduinobot_description/package.dsv
[1.609s] -- Installing: /home/ros2/arduinobot_ws/install/arduinobot_description/share/ament_index/resource_index/packages/arduinobot_description
[1.609s] -- Installing: /home/ros2/arduinobot_ws/install/arduinobot_description/share/arduinobot_description/cmake/arduinobot_descriptionConfig.cmake
[1.609s] -- Installing: /home/ros2/arduinobot_ws/install/arduinobot_description/share/arduinobot_description/cmake/arduinobot_descriptionConfig-version.cmake
[1.609s] -- Installing: /home/ros2/arduinobot_ws/install/arduinobot_description/share/arduinobot_description/package.xml
[1.610s] Invoked command in '/home/ros2/arduinobot_ws/build/arduinobot_description' returned '0': CMAKE_PREFIX_PATH=${CMAKE_PREFIX_PATH}:/home/ros2/bookros2_ws/install/pmb2_maps:/home/ros2/bookros2_ws/install/pal_gripper_controller_configuration:/home/ros2/bookros2_ws/install/launch_pal:/home/ros2/bookros2_ws/install/br2_fsm_bumpgo_py:/home/ros2/ros2_ws/install/actions_py:/opt/ros/humble /usr/bin/cmake --install /home/ros2/arduinobot_ws/build/arduinobot_description
