[0.150s] DEBUG:colcon:Command line arguments: ['/usr/bin/colcon', 'build']
[0.150s] DEBUG:colcon:Parsed command line arguments: Namespace(log_base=None, log_level=None, verb_name='build', build_base='build', install_base='install', merge_install=False, symlink_install=False, test_result_base=None, continue_on_error=False, executor='parallel', parallel_workers=16, event_handlers=None, ignore_user_meta=False, metas=['./colcon.meta'], base_paths=['.'], packages_ignore=None, packages_ignore_regex=None, paths=None, packages_up_to=None, packages_up_to_regex=None, packages_above=None, packages_above_and_dependencies=None, packages_above_depth=None, packages_select_by_dep=None, packages_skip_by_dep=None, packages_skip_up_to=None, packages_select_build_failed=False, packages_skip_build_finished=False, packages_select_test_failures=False, packages_skip_test_passed=False, packages_select=None, packages_skip=None, packages_select_regex=None, packages_skip_regex=None, packages_start=None, packages_end=None, allow_overriding=[], cmake_args=None, cmake_target=None, cmake_target_skip_unavailable=False, cmake_clean_cache=False, cmake_clean_first=False, cmake_force_configure=False, ament_cmake_args=None, catkin_cmake_args=None, catkin_skip_building_tests=False, verb_parser=<colcon_defaults.argument_parser.defaults.DefaultArgumentsDecorator object at 0x7f14cba78af0>, verb_extension=<colcon_core.verb.build.BuildVerb object at 0x7f14cba78310>, main=<bound method BuildVerb.main of <colcon_core.verb.build.BuildVerb object at 0x7f14cba78310>>)
[0.236s] Level 1:colcon.colcon_core.package_discovery:discover_packages(colcon_meta) check parameters
[0.236s] Level 1:colcon.colcon_core.package_discovery:discover_packages(recursive) check parameters
[0.236s] Level 1:colcon.colcon_core.package_discovery:discover_packages(ignore) check parameters
[0.236s] Level 1:colcon.colcon_core.package_discovery:discover_packages(path) check parameters
[0.236s] Level 1:colcon.colcon_core.package_discovery:discover_packages(colcon_meta) discover
[0.236s] Level 1:colcon.colcon_core.package_discovery:discover_packages(recursive) discover
[0.236s] INFO:colcon.colcon_core.package_discovery:Crawling recursively for packages in '/home/ros2/arduinobot_ws'
[0.236s] Level 1:colcon.colcon_core.package_identification:_identify(.) by extensions ['ignore', 'ignore_ament_install']
[0.236s] Level 1:colcon.colcon_core.package_identification:_identify(.) by extension 'ignore'
[0.236s] Level 1:colcon.colcon_core.package_identification:_identify(.) by extension 'ignore_ament_install'
[0.236s] Level 1:colcon.colcon_core.package_identification:_identify(.) by extensions ['colcon_pkg']
[0.236s] Level 1:colcon.colcon_core.package_identification:_identify(.) by extension 'colcon_pkg'
[0.236s] Level 1:colcon.colcon_core.package_identification:_identify(.) by extensions ['colcon_meta']
[0.236s] Level 1:colcon.colcon_core.package_identification:_identify(.) by extension 'colcon_meta'
[0.236s] Level 1:colcon.colcon_core.package_identification:_identify(.) by extensions ['ros']
[0.236s] Level 1:colcon.colcon_core.package_identification:_identify(.) by extension 'ros'
[0.242s] Level 1:colcon.colcon_core.package_identification:_identify(.) by extensions ['cmake', 'python']
[0.242s] Level 1:colcon.colcon_core.package_identification:_identify(.) by extension 'cmake'
[0.242s] Level 1:colcon.colcon_core.package_identification:_identify(.) by extension 'python'
[0.242s] Level 1:colcon.colcon_core.package_identification:_identify(.) by extensions ['python_setup_py']
[0.242s] Level 1:colcon.colcon_core.package_identification:_identify(.) by extension 'python_setup_py'
[0.242s] Level 1:colcon.colcon_core.package_identification:_identify(build) by extensions ['ignore', 'ignore_ament_install']
[0.242s] Level 1:colcon.colcon_core.package_identification:_identify(build) by extension 'ignore'
[0.242s] Level 1:colcon.colcon_core.package_identification:_identify(build) ignored
[0.242s] Level 1:colcon.colcon_core.package_identification:_identify(install) by extensions ['ignore', 'ignore_ament_install']
[0.243s] Level 1:colcon.colcon_core.package_identification:_identify(install) by extension 'ignore'
[0.243s] Level 1:colcon.colcon_core.package_identification:_identify(install) ignored
[0.243s] Level 1:colcon.colcon_core.package_identification:_identify(log) by extensions ['ignore', 'ignore_ament_install']
[0.243s] Level 1:colcon.colcon_core.package_identification:_identify(log) by extension 'ignore'
[0.243s] Level 1:colcon.colcon_core.package_identification:_identify(log) ignored
[0.243s] Level 1:colcon.colcon_core.package_identification:_identify(src) by extensions ['ignore', 'ignore_ament_install']
[0.243s] Level 1:colcon.colcon_core.package_identification:_identify(src) by extension 'ignore'
[0.243s] Level 1:colcon.colcon_core.package_identification:_identify(src) by extension 'ignore_ament_install'
[0.243s] Level 1:colcon.colcon_core.package_identification:_identify(src) by extensions ['colcon_pkg']
[0.243s] Level 1:colcon.colcon_core.package_identification:_identify(src) by extension 'colcon_pkg'
[0.243s] Level 1:colcon.colcon_core.package_identification:_identify(src) by extensions ['colcon_meta']
[0.243s] Level 1:colcon.colcon_core.package_identification:_identify(src) by extension 'colcon_meta'
[0.243s] Level 1:colcon.colcon_core.package_identification:_identify(src) by extensions ['ros']
[0.243s] Level 1:colcon.colcon_core.package_identification:_identify(src) by extension 'ros'
[0.243s] Level 1:colcon.colcon_core.package_identification:_identify(src) by extensions ['cmake', 'python']
[0.243s] Level 1:colcon.colcon_core.package_identification:_identify(src) by extension 'cmake'
[0.243s] Level 1:colcon.colcon_core.package_identification:_identify(src) by extension 'python'
[0.243s] Level 1:colcon.colcon_core.package_identification:_identify(src) by extensions ['python_setup_py']
[0.243s] Level 1:colcon.colcon_core.package_identification:_identify(src) by extension 'python_setup_py'
[0.243s] Level 1:colcon.colcon_core.package_identification:_identify(src/arduinobot_controller) by extensions ['ignore', 'ignore_ament_install']
[0.243s] Level 1:colcon.colcon_core.package_identification:_identify(src/arduinobot_controller) by extension 'ignore'
[0.243s] Level 1:colcon.colcon_core.package_identification:_identify(src/arduinobot_controller) by extension 'ignore_ament_install'
[0.243s] Level 1:colcon.colcon_core.package_identification:_identify(src/arduinobot_controller) by extensions ['colcon_pkg']
[0.243s] Level 1:colcon.colcon_core.package_identification:_identify(src/arduinobot_controller) by extension 'colcon_pkg'
[0.243s] Level 1:colcon.colcon_core.package_identification:_identify(src/arduinobot_controller) by extensions ['colcon_meta']
[0.243s] Level 1:colcon.colcon_core.package_identification:_identify(src/arduinobot_controller) by extension 'colcon_meta'
[0.243s] Level 1:colcon.colcon_core.package_identification:_identify(src/arduinobot_controller) by extensions ['ros']
[0.243s] Level 1:colcon.colcon_core.package_identification:_identify(src/arduinobot_controller) by extension 'ros'
[0.245s] DEBUG:colcon.colcon_core.package_identification:Package 'src/arduinobot_controller' with type 'ros.ament_cmake' and name 'arduinobot_controller'
[0.245s] Level 1:colcon.colcon_core.package_identification:_identify(src/arduinobot_cpp_examples) by extensions ['ignore', 'ignore_ament_install']
[0.245s] Level 1:colcon.colcon_core.package_identification:_identify(src/arduinobot_cpp_examples) by extension 'ignore'
[0.245s] Level 1:colcon.colcon_core.package_identification:_identify(src/arduinobot_cpp_examples) by extension 'ignore_ament_install'
[0.245s] Level 1:colcon.colcon_core.package_identification:_identify(src/arduinobot_cpp_examples) by extensions ['colcon_pkg']
[0.245s] Level 1:colcon.colcon_core.package_identification:_identify(src/arduinobot_cpp_examples) by extension 'colcon_pkg'
[0.245s] Level 1:colcon.colcon_core.package_identification:_identify(src/arduinobot_cpp_examples) by extensions ['colcon_meta']
[0.245s] Level 1:colcon.colcon_core.package_identification:_identify(src/arduinobot_cpp_examples) by extension 'colcon_meta'
[0.245s] Level 1:colcon.colcon_core.package_identification:_identify(src/arduinobot_cpp_examples) by extensions ['ros']
[0.245s] Level 1:colcon.colcon_core.package_identification:_identify(src/arduinobot_cpp_examples) by extension 'ros'
[0.245s] DEBUG:colcon.colcon_core.package_identification:Package 'src/arduinobot_cpp_examples' with type 'ros.ament_cmake' and name 'arduinobot_cpp_examples'
[0.245s] Level 1:colcon.colcon_core.package_identification:_identify(src/arduinobot_description) by extensions ['ignore', 'ignore_ament_install']
[0.245s] Level 1:colcon.colcon_core.package_identification:_identify(src/arduinobot_description) by extension 'ignore'
[0.245s] Level 1:colcon.colcon_core.package_identification:_identify(src/arduinobot_description) by extension 'ignore_ament_install'
[0.245s] Level 1:colcon.colcon_core.package_identification:_identify(src/arduinobot_description) by extensions ['colcon_pkg']
[0.245s] Level 1:colcon.colcon_core.package_identification:_identify(src/arduinobot_description) by extension 'colcon_pkg'
[0.245s] Level 1:colcon.colcon_core.package_identification:_identify(src/arduinobot_description) by extensions ['colcon_meta']
[0.245s] Level 1:colcon.colcon_core.package_identification:_identify(src/arduinobot_description) by extension 'colcon_meta'
[0.246s] Level 1:colcon.colcon_core.package_identification:_identify(src/arduinobot_description) by extensions ['ros']
[0.246s] Level 1:colcon.colcon_core.package_identification:_identify(src/arduinobot_description) by extension 'ros'
[0.246s] DEBUG:colcon.colcon_core.package_identification:Package 'src/arduinobot_description' with type 'ros.ament_cmake' and name 'arduinobot_description'
[0.246s] Level 1:colcon.colcon_core.package_identification:_identify(src/arduinobot_moveit) by extensions ['ignore', 'ignore_ament_install']
[0.246s] Level 1:colcon.colcon_core.package_identification:_identify(src/arduinobot_moveit) by extension 'ignore'
[0.246s] Level 1:colcon.colcon_core.package_identification:_identify(src/arduinobot_moveit) by extension 'ignore_ament_install'
[0.246s] Level 1:colcon.colcon_core.package_identification:_identify(src/arduinobot_moveit) by extensions ['colcon_pkg']
[0.246s] Level 1:colcon.colcon_core.package_identification:_identify(src/arduinobot_moveit) by extension 'colcon_pkg'
[0.246s] Level 1:colcon.colcon_core.package_identification:_identify(src/arduinobot_moveit) by extensions ['colcon_meta']
[0.246s] Level 1:colcon.colcon_core.package_identification:_identify(src/arduinobot_moveit) by extension 'colcon_meta'
[0.246s] Level 1:colcon.colcon_core.package_identification:_identify(src/arduinobot_moveit) by extensions ['ros']
[0.246s] Level 1:colcon.colcon_core.package_identification:_identify(src/arduinobot_moveit) by extension 'ros'
[0.246s] DEBUG:colcon.colcon_core.package_identification:Package 'src/arduinobot_moveit' with type 'ros.ament_cmake' and name 'arduinobot_moveit'
[0.246s] Level 1:colcon.colcon_core.package_identification:_identify(src/arduinobot_msgs) by extensions ['ignore', 'ignore_ament_install']
[0.246s] Level 1:colcon.colcon_core.package_identification:_identify(src/arduinobot_msgs) by extension 'ignore'
[0.246s] Level 1:colcon.colcon_core.package_identification:_identify(src/arduinobot_msgs) by extension 'ignore_ament_install'
[0.246s] Level 1:colcon.colcon_core.package_identification:_identify(src/arduinobot_msgs) by extensions ['colcon_pkg']
[0.246s] Level 1:colcon.colcon_core.package_identification:_identify(src/arduinobot_msgs) by extension 'colcon_pkg'
[0.246s] Level 1:colcon.colcon_core.package_identification:_identify(src/arduinobot_msgs) by extensions ['colcon_meta']
[0.247s] Level 1:colcon.colcon_core.package_identification:_identify(src/arduinobot_msgs) by extension 'colcon_meta'
[0.247s] Level 1:colcon.colcon_core.package_identification:_identify(src/arduinobot_msgs) by extensions ['ros']
[0.247s] Level 1:colcon.colcon_core.package_identification:_identify(src/arduinobot_msgs) by extension 'ros'
[0.247s] DEBUG:colcon.colcon_core.package_identification:Package 'src/arduinobot_msgs' with type 'ros.ament_cmake' and name 'arduinobot_msgs'
[0.247s] Level 1:colcon.colcon_core.package_identification:_identify(src/arduinobot_utils) by extensions ['ignore', 'ignore_ament_install']
[0.247s] Level 1:colcon.colcon_core.package_identification:_identify(src/arduinobot_utils) by extension 'ignore'
[0.247s] Level 1:colcon.colcon_core.package_identification:_identify(src/arduinobot_utils) by extension 'ignore_ament_install'
[0.247s] Level 1:colcon.colcon_core.package_identification:_identify(src/arduinobot_utils) by extensions ['colcon_pkg']
[0.247s] Level 1:colcon.colcon_core.package_identification:_identify(src/arduinobot_utils) by extension 'colcon_pkg'
[0.247s] Level 1:colcon.colcon_core.package_identification:_identify(src/arduinobot_utils) by extensions ['colcon_meta']
[0.247s] Level 1:colcon.colcon_core.package_identification:_identify(src/arduinobot_utils) by extension 'colcon_meta'
[0.247s] Level 1:colcon.colcon_core.package_identification:_identify(src/arduinobot_utils) by extensions ['ros']
[0.247s] Level 1:colcon.colcon_core.package_identification:_identify(src/arduinobot_utils) by extension 'ros'
[0.247s] DEBUG:colcon.colcon_core.package_identification:Package 'src/arduinobot_utils' with type 'ros.ament_cmake' and name 'arduinobot_utils'
[0.247s] Level 1:colcon.colcon_core.package_discovery:discover_packages(recursive) using defaults
[0.247s] Level 1:colcon.colcon_core.package_discovery:discover_packages(ignore) discover
[0.247s] Level 1:colcon.colcon_core.package_discovery:discover_packages(ignore) using defaults
[0.247s] Level 1:colcon.colcon_core.package_discovery:discover_packages(path) discover
[0.247s] Level 1:colcon.colcon_core.package_discovery:discover_packages(path) using defaults
[0.259s] Level 1:colcon.colcon_core.package_discovery:discover_packages(prefix_path) check parameters
[0.259s] Level 1:colcon.colcon_core.package_discovery:discover_packages(prefix_path) discover
[0.260s] DEBUG:colcon.colcon_installed_package_information.package_discovery:Found 5 installed packages in /home/ros2/arduinobot_ws/install
[0.260s] DEBUG:colcon.colcon_installed_package_information.package_discovery:Found 2 installed packages in /home/ros2/manipulation_ws/install
[0.261s] DEBUG:colcon.colcon_installed_package_information.package_discovery:Found 5 installed packages in /home/ros2/ros2_ws/install
[0.261s] DEBUG:colcon.colcon_installed_package_information.package_discovery:Found 38 installed packages in /home/ros2/bookros2_ws/install
[0.262s] DEBUG:colcon.colcon_installed_package_information.package_discovery:Found 417 installed packages in /opt/ros/humble
[0.268s] Level 1:colcon.colcon_core.package_discovery:discover_packages(prefix_path) using defaults
[0.296s] Level 5:colcon.colcon_core.verb:set package 'arduinobot_controller' build argument 'cmake_args' from command line to 'None'
[0.297s] Level 5:colcon.colcon_core.verb:set package 'arduinobot_controller' build argument 'cmake_target' from command line to 'None'
[0.297s] Level 5:colcon.colcon_core.verb:set package 'arduinobot_controller' build argument 'cmake_target_skip_unavailable' from command line to 'False'
[0.297s] Level 5:colcon.colcon_core.verb:set package 'arduinobot_controller' build argument 'cmake_clean_cache' from command line to 'False'
[0.297s] Level 5:colcon.colcon_core.verb:set package 'arduinobot_controller' build argument 'cmake_clean_first' from command line to 'False'
[0.297s] Level 5:colcon.colcon_core.verb:set package 'arduinobot_controller' build argument 'cmake_force_configure' from command line to 'False'
[0.297s] Level 5:colcon.colcon_core.verb:set package 'arduinobot_controller' build argument 'ament_cmake_args' from command line to 'None'
[0.297s] Level 5:colcon.colcon_core.verb:set package 'arduinobot_controller' build argument 'catkin_cmake_args' from command line to 'None'
[0.297s] Level 5:colcon.colcon_core.verb:set package 'arduinobot_controller' build argument 'catkin_skip_building_tests' from command line to 'False'
[0.297s] DEBUG:colcon.colcon_core.verb:Building package 'arduinobot_controller' with the following arguments: {'ament_cmake_args': None, 'build_base': '/home/ros2/arduinobot_ws/build/arduinobot_controller', 'catkin_cmake_args': None, 'catkin_skip_building_tests': False, 'cmake_args': None, 'cmake_clean_cache': False, 'cmake_clean_first': False, 'cmake_force_configure': False, 'cmake_target': None, 'cmake_target_skip_unavailable': False, 'install_base': '/home/ros2/arduinobot_ws/install/arduinobot_controller', 'merge_install': False, 'path': '/home/ros2/arduinobot_ws/src/arduinobot_controller', 'symlink_install': False, 'test_result_base': None}
[0.297s] Level 5:colcon.colcon_core.verb:set package 'arduinobot_description' build argument 'cmake_args' from command line to 'None'
[0.297s] Level 5:colcon.colcon_core.verb:set package 'arduinobot_description' build argument 'cmake_target' from command line to 'None'
[0.297s] Level 5:colcon.colcon_core.verb:set package 'arduinobot_description' build argument 'cmake_target_skip_unavailable' from command line to 'False'
[0.297s] Level 5:colcon.colcon_core.verb:set package 'arduinobot_description' build argument 'cmake_clean_cache' from command line to 'False'
[0.297s] Level 5:colcon.colcon_core.verb:set package 'arduinobot_description' build argument 'cmake_clean_first' from command line to 'False'
[0.297s] Level 5:colcon.colcon_core.verb:set package 'arduinobot_description' build argument 'cmake_force_configure' from command line to 'False'
[0.297s] Level 5:colcon.colcon_core.verb:set package 'arduinobot_description' build argument 'ament_cmake_args' from command line to 'None'
[0.297s] Level 5:colcon.colcon_core.verb:set package 'arduinobot_description' build argument 'catkin_cmake_args' from command line to 'None'
[0.297s] Level 5:colcon.colcon_core.verb:set package 'arduinobot_description' build argument 'catkin_skip_building_tests' from command line to 'False'
[0.297s] DEBUG:colcon.colcon_core.verb:Building package 'arduinobot_description' with the following arguments: {'ament_cmake_args': None, 'build_base': '/home/ros2/arduinobot_ws/build/arduinobot_description', 'catkin_cmake_args': None, 'catkin_skip_building_tests': False, 'cmake_args': None, 'cmake_clean_cache': False, 'cmake_clean_first': False, 'cmake_force_configure': False, 'cmake_target': None, 'cmake_target_skip_unavailable': False, 'install_base': '/home/ros2/arduinobot_ws/install/arduinobot_description', 'merge_install': False, 'path': '/home/ros2/arduinobot_ws/src/arduinobot_description', 'symlink_install': False, 'test_result_base': None}
[0.297s] Level 5:colcon.colcon_core.verb:set package 'arduinobot_moveit' build argument 'cmake_args' from command line to 'None'
[0.297s] Level 5:colcon.colcon_core.verb:set package 'arduinobot_moveit' build argument 'cmake_target' from command line to 'None'
[0.297s] Level 5:colcon.colcon_core.verb:set package 'arduinobot_moveit' build argument 'cmake_target_skip_unavailable' from command line to 'False'
[0.297s] Level 5:colcon.colcon_core.verb:set package 'arduinobot_moveit' build argument 'cmake_clean_cache' from command line to 'False'
[0.297s] Level 5:colcon.colcon_core.verb:set package 'arduinobot_moveit' build argument 'cmake_clean_first' from command line to 'False'
[0.297s] Level 5:colcon.colcon_core.verb:set package 'arduinobot_moveit' build argument 'cmake_force_configure' from command line to 'False'
[0.297s] Level 5:colcon.colcon_core.verb:set package 'arduinobot_moveit' build argument 'ament_cmake_args' from command line to 'None'
[0.297s] Level 5:colcon.colcon_core.verb:set package 'arduinobot_moveit' build argument 'catkin_cmake_args' from command line to 'None'
[0.297s] Level 5:colcon.colcon_core.verb:set package 'arduinobot_moveit' build argument 'catkin_skip_building_tests' from command line to 'False'
[0.297s] DEBUG:colcon.colcon_core.verb:Building package 'arduinobot_moveit' with the following arguments: {'ament_cmake_args': None, 'build_base': '/home/ros2/arduinobot_ws/build/arduinobot_moveit', 'catkin_cmake_args': None, 'catkin_skip_building_tests': False, 'cmake_args': None, 'cmake_clean_cache': False, 'cmake_clean_first': False, 'cmake_force_configure': False, 'cmake_target': None, 'cmake_target_skip_unavailable': False, 'install_base': '/home/ros2/arduinobot_ws/install/arduinobot_moveit', 'merge_install': False, 'path': '/home/ros2/arduinobot_ws/src/arduinobot_moveit', 'symlink_install': False, 'test_result_base': None}
[0.297s] Level 5:colcon.colcon_core.verb:set package 'arduinobot_msgs' build argument 'cmake_args' from command line to 'None'
[0.297s] Level 5:colcon.colcon_core.verb:set package 'arduinobot_msgs' build argument 'cmake_target' from command line to 'None'
[0.297s] Level 5:colcon.colcon_core.verb:set package 'arduinobot_msgs' build argument 'cmake_target_skip_unavailable' from command line to 'False'
[0.297s] Level 5:colcon.colcon_core.verb:set package 'arduinobot_msgs' build argument 'cmake_clean_cache' from command line to 'False'
[0.297s] Level 5:colcon.colcon_core.verb:set package 'arduinobot_msgs' build argument 'cmake_clean_first' from command line to 'False'
[0.297s] Level 5:colcon.colcon_core.verb:set package 'arduinobot_msgs' build argument 'cmake_force_configure' from command line to 'False'
[0.298s] Level 5:colcon.colcon_core.verb:set package 'arduinobot_msgs' build argument 'ament_cmake_args' from command line to 'None'
[0.298s] Level 5:colcon.colcon_core.verb:set package 'arduinobot_msgs' build argument 'catkin_cmake_args' from command line to 'None'
[0.298s] Level 5:colcon.colcon_core.verb:set package 'arduinobot_msgs' build argument 'catkin_skip_building_tests' from command line to 'False'
[0.298s] DEBUG:colcon.colcon_core.verb:Building package 'arduinobot_msgs' with the following arguments: {'ament_cmake_args': None, 'build_base': '/home/ros2/arduinobot_ws/build/arduinobot_msgs', 'catkin_cmake_args': None, 'catkin_skip_building_tests': False, 'cmake_args': None, 'cmake_clean_cache': False, 'cmake_clean_first': False, 'cmake_force_configure': False, 'cmake_target': None, 'cmake_target_skip_unavailable': False, 'install_base': '/home/ros2/arduinobot_ws/install/arduinobot_msgs', 'merge_install': False, 'path': '/home/ros2/arduinobot_ws/src/arduinobot_msgs', 'symlink_install': False, 'test_result_base': None}
[0.298s] Level 5:colcon.colcon_core.verb:set package 'arduinobot_cpp_examples' build argument 'cmake_args' from command line to 'None'
[0.298s] Level 5:colcon.colcon_core.verb:set package 'arduinobot_cpp_examples' build argument 'cmake_target' from command line to 'None'
[0.298s] Level 5:colcon.colcon_core.verb:set package 'arduinobot_cpp_examples' build argument 'cmake_target_skip_unavailable' from command line to 'False'
[0.298s] Level 5:colcon.colcon_core.verb:set package 'arduinobot_cpp_examples' build argument 'cmake_clean_cache' from command line to 'False'
[0.298s] Level 5:colcon.colcon_core.verb:set package 'arduinobot_cpp_examples' build argument 'cmake_clean_first' from command line to 'False'
[0.298s] Level 5:colcon.colcon_core.verb:set package 'arduinobot_cpp_examples' build argument 'cmake_force_configure' from command line to 'False'
[0.298s] Level 5:colcon.colcon_core.verb:set package 'arduinobot_cpp_examples' build argument 'ament_cmake_args' from command line to 'None'
[0.298s] Level 5:colcon.colcon_core.verb:set package 'arduinobot_cpp_examples' build argument 'catkin_cmake_args' from command line to 'None'
[0.298s] Level 5:colcon.colcon_core.verb:set package 'arduinobot_cpp_examples' build argument 'catkin_skip_building_tests' from command line to 'False'
[0.298s] DEBUG:colcon.colcon_core.verb:Building package 'arduinobot_cpp_examples' with the following arguments: {'ament_cmake_args': None, 'build_base': '/home/ros2/arduinobot_ws/build/arduinobot_cpp_examples', 'catkin_cmake_args': None, 'catkin_skip_building_tests': False, 'cmake_args': None, 'cmake_clean_cache': False, 'cmake_clean_first': False, 'cmake_force_configure': False, 'cmake_target': None, 'cmake_target_skip_unavailable': False, 'install_base': '/home/ros2/arduinobot_ws/install/arduinobot_cpp_examples', 'merge_install': False, 'path': '/home/ros2/arduinobot_ws/src/arduinobot_cpp_examples', 'symlink_install': False, 'test_result_base': None}
[0.298s] Level 5:colcon.colcon_core.verb:set package 'arduinobot_utils' build argument 'cmake_args' from command line to 'None'
[0.298s] Level 5:colcon.colcon_core.verb:set package 'arduinobot_utils' build argument 'cmake_target' from command line to 'None'
[0.298s] Level 5:colcon.colcon_core.verb:set package 'arduinobot_utils' build argument 'cmake_target_skip_unavailable' from command line to 'False'
[0.298s] Level 5:colcon.colcon_core.verb:set package 'arduinobot_utils' build argument 'cmake_clean_cache' from command line to 'False'
[0.298s] Level 5:colcon.colcon_core.verb:set package 'arduinobot_utils' build argument 'cmake_clean_first' from command line to 'False'
[0.298s] Level 5:colcon.colcon_core.verb:set package 'arduinobot_utils' build argument 'cmake_force_configure' from command line to 'False'
[0.298s] Level 5:colcon.colcon_core.verb:set package 'arduinobot_utils' build argument 'ament_cmake_args' from command line to 'None'
[0.298s] Level 5:colcon.colcon_core.verb:set package 'arduinobot_utils' build argument 'catkin_cmake_args' from command line to 'None'
[0.298s] Level 5:colcon.colcon_core.verb:set package 'arduinobot_utils' build argument 'catkin_skip_building_tests' from command line to 'False'
[0.298s] DEBUG:colcon.colcon_core.verb:Building package 'arduinobot_utils' with the following arguments: {'ament_cmake_args': None, 'build_base': '/home/ros2/arduinobot_ws/build/arduinobot_utils', 'catkin_cmake_args': None, 'catkin_skip_building_tests': False, 'cmake_args': None, 'cmake_clean_cache': False, 'cmake_clean_first': False, 'cmake_force_configure': False, 'cmake_target': None, 'cmake_target_skip_unavailable': False, 'install_base': '/home/ros2/arduinobot_ws/install/arduinobot_utils', 'merge_install': False, 'path': '/home/ros2/arduinobot_ws/src/arduinobot_utils', 'symlink_install': False, 'test_result_base': None}
[0.298s] INFO:colcon.colcon_core.executor:Executing jobs using 'parallel' executor
[0.299s] DEBUG:colcon.colcon_parallel_executor.executor.parallel:run_until_complete
[0.299s] INFO:colcon.colcon_ros.task.ament_cmake.build:Building ROS package in '/home/ros2/arduinobot_ws/src/arduinobot_msgs' with build type 'ament_cmake'
[0.299s] INFO:colcon.colcon_cmake.task.cmake.build:Building CMake package in '/home/ros2/arduinobot_ws/src/arduinobot_msgs'
[0.301s] INFO:colcon.colcon_core.plugin_system:Skipping extension 'colcon_core.shell.bat': Not used on non-Windows systems
[0.301s] INFO:colcon.colcon_core.shell:Skip shell extension 'powershell' for command environment: Not usable outside of PowerShell
[0.301s] DEBUG:colcon.colcon_core.shell:Skip shell extension 'dsv' for command environment
[0.305s] INFO:colcon.colcon_ros.task.ament_cmake.build:Building ROS package in '/home/ros2/arduinobot_ws/src/arduinobot_controller' with build type 'ament_cmake'
[0.305s] INFO:colcon.colcon_cmake.task.cmake.build:Building CMake package in '/home/ros2/arduinobot_ws/src/arduinobot_controller'
[0.305s] INFO:colcon.colcon_core.shell:Skip shell extension 'powershell' for command environment: Not usable outside of PowerShell
[0.305s] DEBUG:colcon.colcon_core.shell:Skip shell extension 'dsv' for command environment
[0.309s] INFO:colcon.colcon_ros.task.ament_cmake.build:Building ROS package in '/home/ros2/arduinobot_ws/src/arduinobot_description' with build type 'ament_cmake'
[0.309s] INFO:colcon.colcon_cmake.task.cmake.build:Building CMake package in '/home/ros2/arduinobot_ws/src/arduinobot_description'
[0.310s] INFO:colcon.colcon_core.shell:Skip shell extension 'powershell' for command environment: Not usable outside of PowerShell
[0.310s] DEBUG:colcon.colcon_core.shell:Skip shell extension 'dsv' for command environment
[0.314s] INFO:colcon.colcon_ros.task.ament_cmake.build:Building ROS package in '/home/ros2/arduinobot_ws/src/arduinobot_moveit' with build type 'ament_cmake'
[0.314s] INFO:colcon.colcon_cmake.task.cmake.build:Building CMake package in '/home/ros2/arduinobot_ws/src/arduinobot_moveit'
[0.314s] INFO:colcon.colcon_core.shell:Skip shell extension 'powershell' for command environment: Not usable outside of PowerShell
[0.314s] DEBUG:colcon.colcon_core.shell:Skip shell extension 'dsv' for command environment
[0.323s] DEBUG:colcon.colcon_core.event_handler.log_command:Invoking command in '/home/ros2/arduinobot_ws/build/arduinobot_msgs': CMAKE_PREFIX_PATH=${CMAKE_PREFIX_PATH}:/home/ros2/ros2_ws/install/actions_py:/home/ros2/bookros2_ws/install/pmb2_maps:/home/ros2/bookros2_ws/install/pal_gripper_controller_configuration:/home/ros2/bookros2_ws/install/launch_pal:/home/ros2/bookros2_ws/install/br2_fsm_bumpgo_py:/opt/ros/humble /usr/bin/cmake --build /home/ros2/arduinobot_ws/build/arduinobot_msgs -- -j16 -l16
[0.324s] DEBUG:colcon.colcon_core.event_handler.log_command:Invoking command in '/home/ros2/arduinobot_ws/build/arduinobot_controller': CMAKE_PREFIX_PATH=${CMAKE_PREFIX_PATH}:/home/ros2/ros2_ws/install/actions_py:/home/ros2/bookros2_ws/install/pmb2_maps:/home/ros2/bookros2_ws/install/pal_gripper_controller_configuration:/home/ros2/bookros2_ws/install/launch_pal:/home/ros2/bookros2_ws/install/br2_fsm_bumpgo_py:/opt/ros/humble /usr/bin/cmake --build /home/ros2/arduinobot_ws/build/arduinobot_controller -- -j16 -l16
[0.327s] DEBUG:colcon.colcon_core.event_handler.log_command:Invoking command in '/home/ros2/arduinobot_ws/build/arduinobot_description': CMAKE_PREFIX_PATH=${CMAKE_PREFIX_PATH}:/home/ros2/ros2_ws/install/actions_py:/home/ros2/bookros2_ws/install/pmb2_maps:/home/ros2/bookros2_ws/install/pal_gripper_controller_configuration:/home/ros2/bookros2_ws/install/launch_pal:/home/ros2/bookros2_ws/install/br2_fsm_bumpgo_py:/opt/ros/humble /usr/bin/cmake --build /home/ros2/arduinobot_ws/build/arduinobot_description -- -j16 -l16
[0.331s] DEBUG:colcon.colcon_core.event_handler.log_command:Invoking command in '/home/ros2/arduinobot_ws/build/arduinobot_moveit': CMAKE_PREFIX_PATH=${CMAKE_PREFIX_PATH}:/home/ros2/ros2_ws/install/actions_py:/home/ros2/bookros2_ws/install/pmb2_maps:/home/ros2/bookros2_ws/install/pal_gripper_controller_configuration:/home/ros2/bookros2_ws/install/launch_pal:/home/ros2/bookros2_ws/install/br2_fsm_bumpgo_py:/opt/ros/humble /usr/bin/cmake /home/ros2/arduinobot_ws/src/arduinobot_moveit -DCMAKE_INSTALL_PREFIX=/home/ros2/arduinobot_ws/install/arduinobot_moveit
[0.345s] DEBUG:colcon.colcon_core.event_handler.log_command:Invoked command in '/home/ros2/arduinobot_ws/build/arduinobot_controller' returned '0': CMAKE_PREFIX_PATH=${CMAKE_PREFIX_PATH}:/home/ros2/ros2_ws/install/actions_py:/home/ros2/bookros2_ws/install/pmb2_maps:/home/ros2/bookros2_ws/install/pal_gripper_controller_configuration:/home/ros2/bookros2_ws/install/launch_pal:/home/ros2/bookros2_ws/install/br2_fsm_bumpgo_py:/opt/ros/humble /usr/bin/cmake --build /home/ros2/arduinobot_ws/build/arduinobot_controller -- -j16 -l16
[0.347s] DEBUG:colcon.colcon_core.event_handler.log_command:Invoked command in '/home/ros2/arduinobot_ws/build/arduinobot_description' returned '0': CMAKE_PREFIX_PATH=${CMAKE_PREFIX_PATH}:/home/ros2/ros2_ws/install/actions_py:/home/ros2/bookros2_ws/install/pmb2_maps:/home/ros2/bookros2_ws/install/pal_gripper_controller_configuration:/home/ros2/bookros2_ws/install/launch_pal:/home/ros2/bookros2_ws/install/br2_fsm_bumpgo_py:/opt/ros/humble /usr/bin/cmake --build /home/ros2/arduinobot_ws/build/arduinobot_description -- -j16 -l16
[0.366s] DEBUG:colcon.colcon_core.event_handler.log_command:Invoking command in '/home/ros2/arduinobot_ws/build/arduinobot_controller': CMAKE_PREFIX_PATH=${CMAKE_PREFIX_PATH}:/home/ros2/ros2_ws/install/actions_py:/home/ros2/bookros2_ws/install/pmb2_maps:/home/ros2/bookros2_ws/install/pal_gripper_controller_configuration:/home/ros2/bookros2_ws/install/launch_pal:/home/ros2/bookros2_ws/install/br2_fsm_bumpgo_py:/opt/ros/humble /usr/bin/cmake --install /home/ros2/arduinobot_ws/build/arduinobot_controller
[0.368s] DEBUG:colcon.colcon_core.event_handler.log_command:Invoking command in '/home/ros2/arduinobot_ws/build/arduinobot_description': CMAKE_PREFIX_PATH=${CMAKE_PREFIX_PATH}:/home/ros2/ros2_ws/install/actions_py:/home/ros2/bookros2_ws/install/pmb2_maps:/home/ros2/bookros2_ws/install/pal_gripper_controller_configuration:/home/ros2/bookros2_ws/install/launch_pal:/home/ros2/bookros2_ws/install/br2_fsm_bumpgo_py:/opt/ros/humble /usr/bin/cmake --install /home/ros2/arduinobot_ws/build/arduinobot_description
[0.378s] Level 1:colcon.colcon_core.environment:create_environment_scripts_only(arduinobot_controller)
[0.382s] DEBUG:colcon.colcon_core.event_handler.log_command:Invoked command in '/home/ros2/arduinobot_ws/build/arduinobot_controller' returned '0': CMAKE_PREFIX_PATH=${CMAKE_PREFIX_PATH}:/home/ros2/ros2_ws/install/actions_py:/home/ros2/bookros2_ws/install/pmb2_maps:/home/ros2/bookros2_ws/install/pal_gripper_controller_configuration:/home/ros2/bookros2_ws/install/launch_pal:/home/ros2/bookros2_ws/install/br2_fsm_bumpgo_py:/opt/ros/humble /usr/bin/cmake --install /home/ros2/arduinobot_ws/build/arduinobot_controller
[0.384s] Level 1:colcon.colcon_core.environment:checking '/home/ros2/arduinobot_ws/install/arduinobot_controller' for CMake module files
[0.384s] Level 1:colcon.colcon_core.environment:checking '/home/ros2/arduinobot_ws/install/arduinobot_controller' for CMake config files
[0.384s] Level 1:colcon.colcon_core.shell:create_environment_hook('arduinobot_controller', 'cmake_prefix_path')
[0.385s] INFO:colcon.colcon_core.shell:Creating environment hook '/home/ros2/arduinobot_ws/install/arduinobot_controller/share/arduinobot_controller/hook/cmake_prefix_path.ps1'
[0.385s] INFO:colcon.colcon_core.shell:Creating environment descriptor '/home/ros2/arduinobot_ws/install/arduinobot_controller/share/arduinobot_controller/hook/cmake_prefix_path.dsv'
[0.385s] INFO:colcon.colcon_core.shell:Creating environment hook '/home/ros2/arduinobot_ws/install/arduinobot_controller/share/arduinobot_controller/hook/cmake_prefix_path.sh'
[0.386s] Level 1:colcon.colcon_core.environment:checking '/home/ros2/arduinobot_ws/install/arduinobot_controller/bin'
[0.386s] Level 1:colcon.colcon_core.environment:checking '/home/ros2/arduinobot_ws/install/arduinobot_controller/lib/pkgconfig/arduinobot_controller.pc'
[0.386s] Level 1:colcon.colcon_core.environment:checking '/home/ros2/arduinobot_ws/install/arduinobot_controller/lib/python3.10/site-packages'
[0.386s] Level 1:colcon.colcon_core.environment:checking '/home/ros2/arduinobot_ws/install/arduinobot_controller/bin'
[0.386s] INFO:colcon.colcon_core.shell:Creating package script '/home/ros2/arduinobot_ws/install/arduinobot_controller/share/arduinobot_controller/package.ps1'
[0.387s] INFO:colcon.colcon_core.shell:Creating package descriptor '/home/ros2/arduinobot_ws/install/arduinobot_controller/share/arduinobot_controller/package.dsv'
[0.387s] INFO:colcon.colcon_core.shell:Creating package script '/home/ros2/arduinobot_ws/install/arduinobot_controller/share/arduinobot_controller/package.sh'
[0.387s] INFO:colcon.colcon_core.shell:Creating package script '/home/ros2/arduinobot_ws/install/arduinobot_controller/share/arduinobot_controller/package.bash'
[0.388s] INFO:colcon.colcon_core.shell:Creating package script '/home/ros2/arduinobot_ws/install/arduinobot_controller/share/arduinobot_controller/package.zsh'
[0.388s] Level 1:colcon.colcon_core.environment:create_file_with_runtime_dependencies(/home/ros2/arduinobot_ws/install/arduinobot_controller/share/colcon-core/packages/arduinobot_controller)
[0.389s] Level 1:colcon.colcon_core.environment:create_environment_scripts_only(arduinobot_description)
[0.389s] Level 1:colcon.colcon_core.environment:checking '/home/ros2/arduinobot_ws/install/arduinobot_description' for CMake module files
[0.389s] DEBUG:colcon.colcon_core.event_handler.log_command:Invoked command in '/home/ros2/arduinobot_ws/build/arduinobot_description' returned '0': CMAKE_PREFIX_PATH=${CMAKE_PREFIX_PATH}:/home/ros2/ros2_ws/install/actions_py:/home/ros2/bookros2_ws/install/pmb2_maps:/home/ros2/bookros2_ws/install/pal_gripper_controller_configuration:/home/ros2/bookros2_ws/install/launch_pal:/home/ros2/bookros2_ws/install/br2_fsm_bumpgo_py:/opt/ros/humble /usr/bin/cmake --install /home/ros2/arduinobot_ws/build/arduinobot_description
[0.390s] Level 1:colcon.colcon_core.environment:checking '/home/ros2/arduinobot_ws/install/arduinobot_description' for CMake config files
[0.390s] Level 1:colcon.colcon_core.shell:create_environment_hook('arduinobot_description', 'cmake_prefix_path')
[0.390s] INFO:colcon.colcon_core.shell:Creating environment hook '/home/ros2/arduinobot_ws/install/arduinobot_description/share/arduinobot_description/hook/cmake_prefix_path.ps1'
[0.390s] INFO:colcon.colcon_core.shell:Creating environment descriptor '/home/ros2/arduinobot_ws/install/arduinobot_description/share/arduinobot_description/hook/cmake_prefix_path.dsv'
[0.390s] INFO:colcon.colcon_core.shell:Creating environment hook '/home/ros2/arduinobot_ws/install/arduinobot_description/share/arduinobot_description/hook/cmake_prefix_path.sh'
[0.391s] Level 1:colcon.colcon_core.environment:checking '/home/ros2/arduinobot_ws/install/arduinobot_description/bin'
[0.391s] Level 1:colcon.colcon_core.environment:checking '/home/ros2/arduinobot_ws/install/arduinobot_description/lib/pkgconfig/arduinobot_description.pc'
[0.391s] Level 1:colcon.colcon_core.environment:checking '/home/ros2/arduinobot_ws/install/arduinobot_description/lib/python3.10/site-packages'
[0.391s] Level 1:colcon.colcon_core.environment:checking '/home/ros2/arduinobot_ws/install/arduinobot_description/bin'
[0.391s] INFO:colcon.colcon_core.shell:Creating package script '/home/ros2/arduinobot_ws/install/arduinobot_description/share/arduinobot_description/package.ps1'
[0.391s] INFO:colcon.colcon_core.shell:Creating package descriptor '/home/ros2/arduinobot_ws/install/arduinobot_description/share/arduinobot_description/package.dsv'
[0.392s] INFO:colcon.colcon_core.shell:Creating package script '/home/ros2/arduinobot_ws/install/arduinobot_description/share/arduinobot_description/package.sh'
[0.392s] INFO:colcon.colcon_core.shell:Creating package script '/home/ros2/arduinobot_ws/install/arduinobot_description/share/arduinobot_description/package.bash'
[0.392s] INFO:colcon.colcon_core.shell:Creating package script '/home/ros2/arduinobot_ws/install/arduinobot_description/share/arduinobot_description/package.zsh'
[0.392s] Level 1:colcon.colcon_core.environment:create_file_with_runtime_dependencies(/home/ros2/arduinobot_ws/install/arduinobot_description/share/colcon-core/packages/arduinobot_description)
[0.402s] Level 1:colcon.colcon_core.environment:create_environment_scripts_only(arduinobot_controller)
[0.402s] Level 1:colcon.colcon_core.environment:checking '/home/ros2/arduinobot_ws/install/arduinobot_controller' for CMake module files
[0.402s] Level 1:colcon.colcon_core.environment:checking '/home/ros2/arduinobot_ws/install/arduinobot_controller' for CMake config files
[0.402s] Level 1:colcon.colcon_core.shell:create_environment_hook('arduinobot_controller', 'cmake_prefix_path')
[0.403s] INFO:colcon.colcon_core.shell:Creating environment hook '/home/ros2/arduinobot_ws/install/arduinobot_controller/share/arduinobot_controller/hook/cmake_prefix_path.ps1'
[0.403s] INFO:colcon.colcon_core.shell:Creating environment descriptor '/home/ros2/arduinobot_ws/install/arduinobot_controller/share/arduinobot_controller/hook/cmake_prefix_path.dsv'
[0.403s] INFO:colcon.colcon_core.shell:Creating environment hook '/home/ros2/arduinobot_ws/install/arduinobot_controller/share/arduinobot_controller/hook/cmake_prefix_path.sh'
[0.403s] Level 1:colcon.colcon_core.environment:checking '/home/ros2/arduinobot_ws/install/arduinobot_controller/bin'
[0.403s] Level 1:colcon.colcon_core.environment:checking '/home/ros2/arduinobot_ws/install/arduinobot_controller/lib/pkgconfig/arduinobot_controller.pc'
[0.404s] Level 1:colcon.colcon_core.environment:checking '/home/ros2/arduinobot_ws/install/arduinobot_controller/lib/python3.10/site-packages'
[0.404s] Level 1:colcon.colcon_core.environment:checking '/home/ros2/arduinobot_ws/install/arduinobot_controller/bin'
[0.404s] INFO:colcon.colcon_core.shell:Creating package script '/home/ros2/arduinobot_ws/install/arduinobot_controller/share/arduinobot_controller/package.ps1'
[0.404s] INFO:colcon.colcon_core.shell:Creating package descriptor '/home/ros2/arduinobot_ws/install/arduinobot_controller/share/arduinobot_controller/package.dsv'
[0.404s] INFO:colcon.colcon_core.shell:Creating package script '/home/ros2/arduinobot_ws/install/arduinobot_controller/share/arduinobot_controller/package.sh'
[0.405s] INFO:colcon.colcon_core.shell:Creating package script '/home/ros2/arduinobot_ws/install/arduinobot_controller/share/arduinobot_controller/package.bash'
[0.405s] INFO:colcon.colcon_core.shell:Creating package script '/home/ros2/arduinobot_ws/install/arduinobot_controller/share/arduinobot_controller/package.zsh'
[0.405s] Level 1:colcon.colcon_core.environment:create_file_with_runtime_dependencies(/home/ros2/arduinobot_ws/install/arduinobot_controller/share/colcon-core/packages/arduinobot_controller)
[0.407s] Level 1:colcon.colcon_core.environment:create_environment_scripts_only(arduinobot_description)
[0.407s] Level 1:colcon.colcon_core.environment:checking '/home/ros2/arduinobot_ws/install/arduinobot_description' for CMake module files
[0.407s] Level 1:colcon.colcon_core.environment:checking '/home/ros2/arduinobot_ws/install/arduinobot_description' for CMake config files
[0.407s] Level 1:colcon.colcon_core.shell:create_environment_hook('arduinobot_description', 'cmake_prefix_path')
[0.407s] INFO:colcon.colcon_core.shell:Creating environment hook '/home/ros2/arduinobot_ws/install/arduinobot_description/share/arduinobot_description/hook/cmake_prefix_path.ps1'
[0.408s] INFO:colcon.colcon_core.shell:Creating environment descriptor '/home/ros2/arduinobot_ws/install/arduinobot_description/share/arduinobot_description/hook/cmake_prefix_path.dsv'
[0.408s] INFO:colcon.colcon_core.shell:Creating environment hook '/home/ros2/arduinobot_ws/install/arduinobot_description/share/arduinobot_description/hook/cmake_prefix_path.sh'
[0.408s] Level 1:colcon.colcon_core.environment:checking '/home/ros2/arduinobot_ws/install/arduinobot_description/bin'
[0.408s] Level 1:colcon.colcon_core.environment:checking '/home/ros2/arduinobot_ws/install/arduinobot_description/lib/pkgconfig/arduinobot_description.pc'
[0.408s] Level 1:colcon.colcon_core.environment:checking '/home/ros2/arduinobot_ws/install/arduinobot_description/lib/python3.10/site-packages'
[0.408s] Level 1:colcon.colcon_core.environment:checking '/home/ros2/arduinobot_ws/install/arduinobot_description/bin'
[0.409s] INFO:colcon.colcon_core.shell:Creating package script '/home/ros2/arduinobot_ws/install/arduinobot_description/share/arduinobot_description/package.ps1'
[0.409s] INFO:colcon.colcon_core.shell:Creating package descriptor '/home/ros2/arduinobot_ws/install/arduinobot_description/share/arduinobot_description/package.dsv'
[0.409s] INFO:colcon.colcon_core.shell:Creating package script '/home/ros2/arduinobot_ws/install/arduinobot_description/share/arduinobot_description/package.sh'
[0.410s] INFO:colcon.colcon_core.shell:Creating package script '/home/ros2/arduinobot_ws/install/arduinobot_description/share/arduinobot_description/package.bash'
[0.410s] INFO:colcon.colcon_core.shell:Creating package script '/home/ros2/arduinobot_ws/install/arduinobot_description/share/arduinobot_description/package.zsh'
[0.410s] Level 1:colcon.colcon_core.environment:create_file_with_runtime_dependencies(/home/ros2/arduinobot_ws/install/arduinobot_description/share/colcon-core/packages/arduinobot_description)
[0.528s] DEBUG:colcon.colcon_core.event_handler.log_command:Invoked command in '/home/ros2/arduinobot_ws/build/arduinobot_msgs' returned '0': CMAKE_PREFIX_PATH=${CMAKE_PREFIX_PATH}:/home/ros2/ros2_ws/install/actions_py:/home/ros2/bookros2_ws/install/pmb2_maps:/home/ros2/bookros2_ws/install/pal_gripper_controller_configuration:/home/ros2/bookros2_ws/install/launch_pal:/home/ros2/bookros2_ws/install/br2_fsm_bumpgo_py:/opt/ros/humble /usr/bin/cmake --build /home/ros2/arduinobot_ws/build/arduinobot_msgs -- -j16 -l16
[0.596s] DEBUG:colcon.colcon_core.event_handler.log_command:Invoking command in '/home/ros2/arduinobot_ws/build/arduinobot_msgs': CMAKE_PREFIX_PATH=${CMAKE_PREFIX_PATH}:/home/ros2/ros2_ws/install/actions_py:/home/ros2/bookros2_ws/install/pmb2_maps:/home/ros2/bookros2_ws/install/pal_gripper_controller_configuration:/home/ros2/bookros2_ws/install/launch_pal:/home/ros2/bookros2_ws/install/br2_fsm_bumpgo_py:/opt/ros/humble /usr/bin/cmake --install /home/ros2/arduinobot_ws/build/arduinobot_msgs
[0.631s] Level 1:colcon.colcon_core.environment:create_environment_scripts_only(arduinobot_msgs)
[0.631s] DEBUG:colcon.colcon_core.event_handler.log_command:Invoked command in '/home/ros2/arduinobot_ws/build/arduinobot_msgs' returned '0': CMAKE_PREFIX_PATH=${CMAKE_PREFIX_PATH}:/home/ros2/ros2_ws/install/actions_py:/home/ros2/bookros2_ws/install/pmb2_maps:/home/ros2/bookros2_ws/install/pal_gripper_controller_configuration:/home/ros2/bookros2_ws/install/launch_pal:/home/ros2/bookros2_ws/install/br2_fsm_bumpgo_py:/opt/ros/humble /usr/bin/cmake --install /home/ros2/arduinobot_ws/build/arduinobot_msgs
[0.631s] Level 1:colcon.colcon_core.environment:checking '/home/ros2/arduinobot_ws/install/arduinobot_msgs' for CMake module files
[0.632s] Level 1:colcon.colcon_core.environment:checking '/home/ros2/arduinobot_ws/install/arduinobot_msgs' for CMake config files
[0.632s] Level 1:colcon.colcon_core.shell:create_environment_hook('arduinobot_msgs', 'cmake_prefix_path')
[0.632s] INFO:colcon.colcon_core.shell:Creating environment hook '/home/ros2/arduinobot_ws/install/arduinobot_msgs/share/arduinobot_msgs/hook/cmake_prefix_path.ps1'
[0.632s] INFO:colcon.colcon_core.shell:Creating environment descriptor '/home/ros2/arduinobot_ws/install/arduinobot_msgs/share/arduinobot_msgs/hook/cmake_prefix_path.dsv'
[0.632s] INFO:colcon.colcon_core.shell:Creating environment hook '/home/ros2/arduinobot_ws/install/arduinobot_msgs/share/arduinobot_msgs/hook/cmake_prefix_path.sh'
[0.633s] Level 1:colcon.colcon_core.environment:checking '/home/ros2/arduinobot_ws/install/arduinobot_msgs/lib'
[0.633s] Level 1:colcon.colcon_core.shell:create_environment_hook('arduinobot_msgs', 'ld_library_path_lib')
[0.633s] INFO:colcon.colcon_core.shell:Creating environment hook '/home/ros2/arduinobot_ws/install/arduinobot_msgs/share/arduinobot_msgs/hook/ld_library_path_lib.ps1'
[0.633s] INFO:colcon.colcon_core.shell:Creating environment descriptor '/home/ros2/arduinobot_ws/install/arduinobot_msgs/share/arduinobot_msgs/hook/ld_library_path_lib.dsv'
[0.633s] INFO:colcon.colcon_core.shell:Creating environment hook '/home/ros2/arduinobot_ws/install/arduinobot_msgs/share/arduinobot_msgs/hook/ld_library_path_lib.sh'
[0.634s] Level 1:colcon.colcon_core.environment:checking '/home/ros2/arduinobot_ws/install/arduinobot_msgs/bin'
[0.634s] Level 1:colcon.colcon_core.environment:checking '/home/ros2/arduinobot_ws/install/arduinobot_msgs/lib/pkgconfig/arduinobot_msgs.pc'
[0.634s] Level 1:colcon.colcon_core.environment:checking '/home/ros2/arduinobot_ws/install/arduinobot_msgs/lib/python3.10/site-packages'
[0.634s] Level 1:colcon.colcon_core.environment:checking '/home/ros2/arduinobot_ws/install/arduinobot_msgs/bin'
[0.634s] INFO:colcon.colcon_core.shell:Creating package script '/home/ros2/arduinobot_ws/install/arduinobot_msgs/share/arduinobot_msgs/package.ps1'
[0.634s] INFO:colcon.colcon_core.shell:Creating package descriptor '/home/ros2/arduinobot_ws/install/arduinobot_msgs/share/arduinobot_msgs/package.dsv'
[0.634s] INFO:colcon.colcon_core.shell:Creating package script '/home/ros2/arduinobot_ws/install/arduinobot_msgs/share/arduinobot_msgs/package.sh'
[0.635s] INFO:colcon.colcon_core.shell:Creating package script '/home/ros2/arduinobot_ws/install/arduinobot_msgs/share/arduinobot_msgs/package.bash'
[0.635s] INFO:colcon.colcon_core.shell:Creating package script '/home/ros2/arduinobot_ws/install/arduinobot_msgs/share/arduinobot_msgs/package.zsh'
[0.635s] Level 1:colcon.colcon_core.environment:create_file_with_runtime_dependencies(/home/ros2/arduinobot_ws/install/arduinobot_msgs/share/colcon-core/packages/arduinobot_msgs)
[0.702s] Level 1:colcon.colcon_core.environment:create_environment_scripts_only(arduinobot_msgs)
[0.702s] Level 1:colcon.colcon_core.environment:checking '/home/ros2/arduinobot_ws/install/arduinobot_msgs' for CMake module files
[0.702s] Level 1:colcon.colcon_core.environment:checking '/home/ros2/arduinobot_ws/install/arduinobot_msgs' for CMake config files
[0.703s] Level 1:colcon.colcon_core.shell:create_environment_hook('arduinobot_msgs', 'cmake_prefix_path')
[0.703s] INFO:colcon.colcon_core.shell:Creating environment hook '/home/ros2/arduinobot_ws/install/arduinobot_msgs/share/arduinobot_msgs/hook/cmake_prefix_path.ps1'
[0.703s] INFO:colcon.colcon_core.shell:Creating environment descriptor '/home/ros2/arduinobot_ws/install/arduinobot_msgs/share/arduinobot_msgs/hook/cmake_prefix_path.dsv'
[0.703s] INFO:colcon.colcon_core.shell:Creating environment hook '/home/ros2/arduinobot_ws/install/arduinobot_msgs/share/arduinobot_msgs/hook/cmake_prefix_path.sh'
[0.703s] Level 1:colcon.colcon_core.environment:checking '/home/ros2/arduinobot_ws/install/arduinobot_msgs/lib'
[0.703s] Level 1:colcon.colcon_core.shell:create_environment_hook('arduinobot_msgs', 'ld_library_path_lib')
[0.703s] INFO:colcon.colcon_core.shell:Creating environment hook '/home/ros2/arduinobot_ws/install/arduinobot_msgs/share/arduinobot_msgs/hook/ld_library_path_lib.ps1'
[0.704s] INFO:colcon.colcon_core.shell:Creating environment descriptor '/home/ros2/arduinobot_ws/install/arduinobot_msgs/share/arduinobot_msgs/hook/ld_library_path_lib.dsv'
[0.704s] INFO:colcon.colcon_core.shell:Creating environment hook '/home/ros2/arduinobot_ws/install/arduinobot_msgs/share/arduinobot_msgs/hook/ld_library_path_lib.sh'
[0.704s] Level 1:colcon.colcon_core.environment:checking '/home/ros2/arduinobot_ws/install/arduinobot_msgs/bin'
[0.704s] Level 1:colcon.colcon_core.environment:checking '/home/ros2/arduinobot_ws/install/arduinobot_msgs/lib/pkgconfig/arduinobot_msgs.pc'
[0.704s] Level 1:colcon.colcon_core.environment:checking '/home/ros2/arduinobot_ws/install/arduinobot_msgs/lib/python3.10/site-packages'
[0.704s] Level 1:colcon.colcon_core.environment:checking '/home/ros2/arduinobot_ws/install/arduinobot_msgs/bin'
[0.704s] INFO:colcon.colcon_core.shell:Creating package script '/home/ros2/arduinobot_ws/install/arduinobot_msgs/share/arduinobot_msgs/package.ps1'
[0.705s] INFO:colcon.colcon_core.shell:Creating package descriptor '/home/ros2/arduinobot_ws/install/arduinobot_msgs/share/arduinobot_msgs/package.dsv'
[0.705s] INFO:colcon.colcon_core.shell:Creating package script '/home/ros2/arduinobot_ws/install/arduinobot_msgs/share/arduinobot_msgs/package.sh'
[0.705s] INFO:colcon.colcon_core.shell:Creating package script '/home/ros2/arduinobot_ws/install/arduinobot_msgs/share/arduinobot_msgs/package.bash'
[0.705s] INFO:colcon.colcon_core.shell:Creating package script '/home/ros2/arduinobot_ws/install/arduinobot_msgs/share/arduinobot_msgs/package.zsh'
[0.705s] Level 1:colcon.colcon_core.environment:create_file_with_runtime_dependencies(/home/ros2/arduinobot_ws/install/arduinobot_msgs/share/colcon-core/packages/arduinobot_msgs)
[0.706s] INFO:colcon.colcon_ros.task.ament_cmake.build:Building ROS package in '/home/ros2/arduinobot_ws/src/arduinobot_cpp_examples' with build type 'ament_cmake'
[0.706s] INFO:colcon.colcon_cmake.task.cmake.build:Building CMake package in '/home/ros2/arduinobot_ws/src/arduinobot_cpp_examples'
[0.706s] INFO:colcon.colcon_core.shell:Skip shell extension 'powershell' for command environment: Not usable outside of PowerShell
[0.706s] DEBUG:colcon.colcon_core.shell:Skip shell extension 'dsv' for command environment
[0.711s] INFO:colcon.colcon_ros.task.ament_cmake.build:Building ROS package in '/home/ros2/arduinobot_ws/src/arduinobot_utils' with build type 'ament_cmake'
[0.711s] INFO:colcon.colcon_cmake.task.cmake.build:Building CMake package in '/home/ros2/arduinobot_ws/src/arduinobot_utils'
[0.711s] INFO:colcon.colcon_core.shell:Skip shell extension 'powershell' for command environment: Not usable outside of PowerShell
[0.711s] DEBUG:colcon.colcon_core.shell:Skip shell extension 'dsv' for command environment
[0.781s] DEBUG:colcon.colcon_core.event_handler.log_command:Invoking command in '/home/ros2/arduinobot_ws/build/arduinobot_utils': CMAKE_PREFIX_PATH=/home/ros2/arduinobot_ws/install/arduinobot_msgs:/home/ros2/arduinobot_ws/install/arduinobot_utils:/home/ros2/arduinobot_ws/install/arduinobot_cpp_examples:/home/ros2/arduinobot_ws/install/arduinobot_description:/home/ros2/arduinobot_ws/install/arduinobot_controller:/home/ros2/manipulation_ws/install/manipulation_bringup:/home/ros2/manipulation_ws/install/manipulation_description:/home/ros2/ros2_ws/install/my_robot_interfaces:/home/ros2/ros2_ws/install/my_robot_bringup:/home/ros2/ros2_ws/install/my_robot_description:/home/ros2/ros2_ws/install/my_cpp_pkg:/home/ros2/bookros2_ws/install/urdf_test:/home/ros2/bookros2_ws/install/tiago_simulation:/home/ros2/bookros2_ws/install/tiago_robot:/home/ros2/bookros2_ws/install/tiago_navigation:/home/ros2/bookros2_ws/install/tiago_gazebo:/home/ros2/bookros2_ws/install/tiago_moveit_config:/home/ros2/bookros2_ws/install/tiago_laser_sensors:/home/ros2/bookros2_ws/install/tiago_bringup:/home/ros2/bookros2_ws/install/tiago_description:/home/ros2/bookros2_ws/install/tiago_controller_configuration:/home/ros2/bookros2_ws/install/tiago_2dnav:/home/ros2/bookros2_ws/install/pmb2_robot:/home/ros2/bookros2_ws/install/pmb2_navigation:/home/ros2/bookros2_ws/install/pmb2_2dnav:/home/ros2/bookros2_ws/install/pmb2_laser_sensors:/home/ros2/bookros2_ws/install/pmb2_bringup:/home/ros2/bookros2_ws/install/pmb2_description:/home/ros2/bookros2_ws/install/pmb2_controller_configuration:/home/ros2/bookros2_ws/install/pal_gripper:/home/ros2/bookros2_ws/install/pal_gripper_description:/home/ros2/bookros2_ws/install/pal_gazebo_worlds:/home/ros2/bookros2_ws/install/my_package:/home/ros2/bookros2_ws/install/hey5_description:/home/ros2/bookros2_ws/install/groot:/home/ros2/bookros2_ws/install/br2_vff_avoidance:/home/ros2/bookros2_ws/install/br2_tracking:/home/ros2/bookros2_ws/install/br2_tracking_msgs:/home/ros2/bookros2_ws/install/br2_tiago:/home/ros2/bookros2_ws/install/br2_tf2_detector:/home/ros2/bookros2_ws/install/br2_navigation:/home/ros2/bookros2_ws/install/br2_fsm_bumpgo_cpp:/home/ros2/bookros2_ws/install/br2_bt_patrolling:/home/ros2/bookros2_ws/install/br2_bt_bumpgo:/home/ros2/bookros2_ws/install/br2_basics:/home/ros2/ros2_ws/install/actions_py:/home/ros2/bookros2_ws/install/pmb2_maps:/home/ros2/bookros2_ws/install/pal_gripper_controller_configuration:/home/ros2/bookros2_ws/install/launch_pal:/home/ros2/bookros2_ws/install/br2_fsm_bumpgo_py:/opt/ros/humble LD_LIBRARY_PATH=/home/ros2/arduinobot_ws/install/arduinobot_msgs/lib:/home/ros2/ros2_ws/install/my_robot_interfaces/lib:/home/ros2/bookros2_ws/install/groot/lib:/home/ros2/bookros2_ws/install/br2_vff_avoidance/lib:/home/ros2/bookros2_ws/install/br2_tracking/lib:/home/ros2/bookros2_ws/install/br2_tracking_msgs/lib:/home/ros2/bookros2_ws/install/br2_tf2_detector/lib:/home/ros2/bookros2_ws/install/br2_bt_patrolling/lib:/home/ros2/bookros2_ws/install/br2_bt_bumpgo/lib:/usr/lib/x86_64-linux-gnu/gazebo-11/plugins:/opt/ros/humble/opt/rviz_ogre_vendor/lib:/opt/ros/humble/lib/x86_64-linux-gnu:/opt/ros/humble/lib:/usr/share/gazebo/../../lib/x86_64-linux-gnu/gazebo-11/plugins /usr/bin/cmake --build /home/ros2/arduinobot_ws/build/arduinobot_utils -- -j16 -l16
[0.783s] DEBUG:colcon.colcon_core.event_handler.log_command:Invoking command in '/home/ros2/arduinobot_ws/build/arduinobot_cpp_examples': CMAKE_PREFIX_PATH=/home/ros2/arduinobot_ws/install/arduinobot_msgs:/home/ros2/arduinobot_ws/install/arduinobot_utils:/home/ros2/arduinobot_ws/install/arduinobot_cpp_examples:/home/ros2/arduinobot_ws/install/arduinobot_description:/home/ros2/arduinobot_ws/install/arduinobot_controller:/home/ros2/manipulation_ws/install/manipulation_bringup:/home/ros2/manipulation_ws/install/manipulation_description:/home/ros2/ros2_ws/install/my_robot_interfaces:/home/ros2/ros2_ws/install/my_robot_bringup:/home/ros2/ros2_ws/install/my_robot_description:/home/ros2/ros2_ws/install/my_cpp_pkg:/home/ros2/bookros2_ws/install/urdf_test:/home/ros2/bookros2_ws/install/tiago_simulation:/home/ros2/bookros2_ws/install/tiago_robot:/home/ros2/bookros2_ws/install/tiago_navigation:/home/ros2/bookros2_ws/install/tiago_gazebo:/home/ros2/bookros2_ws/install/tiago_moveit_config:/home/ros2/bookros2_ws/install/tiago_laser_sensors:/home/ros2/bookros2_ws/install/tiago_bringup:/home/ros2/bookros2_ws/install/tiago_description:/home/ros2/bookros2_ws/install/tiago_controller_configuration:/home/ros2/bookros2_ws/install/tiago_2dnav:/home/ros2/bookros2_ws/install/pmb2_robot:/home/ros2/bookros2_ws/install/pmb2_navigation:/home/ros2/bookros2_ws/install/pmb2_2dnav:/home/ros2/bookros2_ws/install/pmb2_laser_sensors:/home/ros2/bookros2_ws/install/pmb2_bringup:/home/ros2/bookros2_ws/install/pmb2_description:/home/ros2/bookros2_ws/install/pmb2_controller_configuration:/home/ros2/bookros2_ws/install/pal_gripper:/home/ros2/bookros2_ws/install/pal_gripper_description:/home/ros2/bookros2_ws/install/pal_gazebo_worlds:/home/ros2/bookros2_ws/install/my_package:/home/ros2/bookros2_ws/install/hey5_description:/home/ros2/bookros2_ws/install/groot:/home/ros2/bookros2_ws/install/br2_vff_avoidance:/home/ros2/bookros2_ws/install/br2_tracking:/home/ros2/bookros2_ws/install/br2_tracking_msgs:/home/ros2/bookros2_ws/install/br2_tiago:/home/ros2/bookros2_ws/install/br2_tf2_detector:/home/ros2/bookros2_ws/install/br2_navigation:/home/ros2/bookros2_ws/install/br2_fsm_bumpgo_cpp:/home/ros2/bookros2_ws/install/br2_bt_patrolling:/home/ros2/bookros2_ws/install/br2_bt_bumpgo:/home/ros2/bookros2_ws/install/br2_basics:/home/ros2/ros2_ws/install/actions_py:/home/ros2/bookros2_ws/install/pmb2_maps:/home/ros2/bookros2_ws/install/pal_gripper_controller_configuration:/home/ros2/bookros2_ws/install/launch_pal:/home/ros2/bookros2_ws/install/br2_fsm_bumpgo_py:/opt/ros/humble LD_LIBRARY_PATH=/home/ros2/arduinobot_ws/install/arduinobot_msgs/lib:/home/ros2/ros2_ws/install/my_robot_interfaces/lib:/home/ros2/bookros2_ws/install/groot/lib:/home/ros2/bookros2_ws/install/br2_vff_avoidance/lib:/home/ros2/bookros2_ws/install/br2_tracking/lib:/home/ros2/bookros2_ws/install/br2_tracking_msgs/lib:/home/ros2/bookros2_ws/install/br2_tf2_detector/lib:/home/ros2/bookros2_ws/install/br2_bt_patrolling/lib:/home/ros2/bookros2_ws/install/br2_bt_bumpgo/lib:/usr/lib/x86_64-linux-gnu/gazebo-11/plugins:/opt/ros/humble/opt/rviz_ogre_vendor/lib:/opt/ros/humble/lib/x86_64-linux-gnu:/opt/ros/humble/lib:/usr/share/gazebo/../../lib/x86_64-linux-gnu/gazebo-11/plugins /usr/bin/cmake --build /home/ros2/arduinobot_ws/build/arduinobot_cpp_examples -- -j16 -l16
[0.816s] DEBUG:colcon.colcon_core.event_handler.log_command:Invoked command in '/home/ros2/arduinobot_ws/build/arduinobot_cpp_examples' returned '0': CMAKE_PREFIX_PATH=/home/ros2/arduinobot_ws/install/arduinobot_msgs:/home/ros2/arduinobot_ws/install/arduinobot_utils:/home/ros2/arduinobot_ws/install/arduinobot_cpp_examples:/home/ros2/arduinobot_ws/install/arduinobot_description:/home/ros2/arduinobot_ws/install/arduinobot_controller:/home/ros2/manipulation_ws/install/manipulation_bringup:/home/ros2/manipulation_ws/install/manipulation_description:/home/ros2/ros2_ws/install/my_robot_interfaces:/home/ros2/ros2_ws/install/my_robot_bringup:/home/ros2/ros2_ws/install/my_robot_description:/home/ros2/ros2_ws/install/my_cpp_pkg:/home/ros2/bookros2_ws/install/urdf_test:/home/ros2/bookros2_ws/install/tiago_simulation:/home/ros2/bookros2_ws/install/tiago_robot:/home/ros2/bookros2_ws/install/tiago_navigation:/home/ros2/bookros2_ws/install/tiago_gazebo:/home/ros2/bookros2_ws/install/tiago_moveit_config:/home/ros2/bookros2_ws/install/tiago_laser_sensors:/home/ros2/bookros2_ws/install/tiago_bringup:/home/ros2/bookros2_ws/install/tiago_description:/home/ros2/bookros2_ws/install/tiago_controller_configuration:/home/ros2/bookros2_ws/install/tiago_2dnav:/home/ros2/bookros2_ws/install/pmb2_robot:/home/ros2/bookros2_ws/install/pmb2_navigation:/home/ros2/bookros2_ws/install/pmb2_2dnav:/home/ros2/bookros2_ws/install/pmb2_laser_sensors:/home/ros2/bookros2_ws/install/pmb2_bringup:/home/ros2/bookros2_ws/install/pmb2_description:/home/ros2/bookros2_ws/install/pmb2_controller_configuration:/home/ros2/bookros2_ws/install/pal_gripper:/home/ros2/bookros2_ws/install/pal_gripper_description:/home/ros2/bookros2_ws/install/pal_gazebo_worlds:/home/ros2/bookros2_ws/install/my_package:/home/ros2/bookros2_ws/install/hey5_description:/home/ros2/bookros2_ws/install/groot:/home/ros2/bookros2_ws/install/br2_vff_avoidance:/home/ros2/bookros2_ws/install/br2_tracking:/home/ros2/bookros2_ws/install/br2_tracking_msgs:/home/ros2/bookros2_ws/install/br2_tiago:/home/ros2/bookros2_ws/install/br2_tf2_detector:/home/ros2/bookros2_ws/install/br2_navigation:/home/ros2/bookros2_ws/install/br2_fsm_bumpgo_cpp:/home/ros2/bookros2_ws/install/br2_bt_patrolling:/home/ros2/bookros2_ws/install/br2_bt_bumpgo:/home/ros2/bookros2_ws/install/br2_basics:/home/ros2/ros2_ws/install/actions_py:/home/ros2/bookros2_ws/install/pmb2_maps:/home/ros2/bookros2_ws/install/pal_gripper_controller_configuration:/home/ros2/bookros2_ws/install/launch_pal:/home/ros2/bookros2_ws/install/br2_fsm_bumpgo_py:/opt/ros/humble LD_LIBRARY_PATH=/home/ros2/arduinobot_ws/install/arduinobot_msgs/lib:/home/ros2/ros2_ws/install/my_robot_interfaces/lib:/home/ros2/bookros2_ws/install/groot/lib:/home/ros2/bookros2_ws/install/br2_vff_avoidance/lib:/home/ros2/bookros2_ws/install/br2_tracking/lib:/home/ros2/bookros2_ws/install/br2_tracking_msgs/lib:/home/ros2/bookros2_ws/install/br2_tf2_detector/lib:/home/ros2/bookros2_ws/install/br2_bt_patrolling/lib:/home/ros2/bookros2_ws/install/br2_bt_bumpgo/lib:/usr/lib/x86_64-linux-gnu/gazebo-11/plugins:/opt/ros/humble/opt/rviz_ogre_vendor/lib:/opt/ros/humble/lib/x86_64-linux-gnu:/opt/ros/humble/lib:/usr/share/gazebo/../../lib/x86_64-linux-gnu/gazebo-11/plugins /usr/bin/cmake --build /home/ros2/arduinobot_ws/build/arduinobot_cpp_examples -- -j16 -l16
[0.817s] DEBUG:colcon.colcon_core.event_handler.log_command:Invoked command in '/home/ros2/arduinobot_ws/build/arduinobot_utils' returned '0': CMAKE_PREFIX_PATH=/home/ros2/arduinobot_ws/install/arduinobot_msgs:/home/ros2/arduinobot_ws/install/arduinobot_utils:/home/ros2/arduinobot_ws/install/arduinobot_cpp_examples:/home/ros2/arduinobot_ws/install/arduinobot_description:/home/ros2/arduinobot_ws/install/arduinobot_controller:/home/ros2/manipulation_ws/install/manipulation_bringup:/home/ros2/manipulation_ws/install/manipulation_description:/home/ros2/ros2_ws/install/my_robot_interfaces:/home/ros2/ros2_ws/install/my_robot_bringup:/home/ros2/ros2_ws/install/my_robot_description:/home/ros2/ros2_ws/install/my_cpp_pkg:/home/ros2/bookros2_ws/install/urdf_test:/home/ros2/bookros2_ws/install/tiago_simulation:/home/ros2/bookros2_ws/install/tiago_robot:/home/ros2/bookros2_ws/install/tiago_navigation:/home/ros2/bookros2_ws/install/tiago_gazebo:/home/ros2/bookros2_ws/install/tiago_moveit_config:/home/ros2/bookros2_ws/install/tiago_laser_sensors:/home/ros2/bookros2_ws/install/tiago_bringup:/home/ros2/bookros2_ws/install/tiago_description:/home/ros2/bookros2_ws/install/tiago_controller_configuration:/home/ros2/bookros2_ws/install/tiago_2dnav:/home/ros2/bookros2_ws/install/pmb2_robot:/home/ros2/bookros2_ws/install/pmb2_navigation:/home/ros2/bookros2_ws/install/pmb2_2dnav:/home/ros2/bookros2_ws/install/pmb2_laser_sensors:/home/ros2/bookros2_ws/install/pmb2_bringup:/home/ros2/bookros2_ws/install/pmb2_description:/home/ros2/bookros2_ws/install/pmb2_controller_configuration:/home/ros2/bookros2_ws/install/pal_gripper:/home/ros2/bookros2_ws/install/pal_gripper_description:/home/ros2/bookros2_ws/install/pal_gazebo_worlds:/home/ros2/bookros2_ws/install/my_package:/home/ros2/bookros2_ws/install/hey5_description:/home/ros2/bookros2_ws/install/groot:/home/ros2/bookros2_ws/install/br2_vff_avoidance:/home/ros2/bookros2_ws/install/br2_tracking:/home/ros2/bookros2_ws/install/br2_tracking_msgs:/home/ros2/bookros2_ws/install/br2_tiago:/home/ros2/bookros2_ws/install/br2_tf2_detector:/home/ros2/bookros2_ws/install/br2_navigation:/home/ros2/bookros2_ws/install/br2_fsm_bumpgo_cpp:/home/ros2/bookros2_ws/install/br2_bt_patrolling:/home/ros2/bookros2_ws/install/br2_bt_bumpgo:/home/ros2/bookros2_ws/install/br2_basics:/home/ros2/ros2_ws/install/actions_py:/home/ros2/bookros2_ws/install/pmb2_maps:/home/ros2/bookros2_ws/install/pal_gripper_controller_configuration:/home/ros2/bookros2_ws/install/launch_pal:/home/ros2/bookros2_ws/install/br2_fsm_bumpgo_py:/opt/ros/humble LD_LIBRARY_PATH=/home/ros2/arduinobot_ws/install/arduinobot_msgs/lib:/home/ros2/ros2_ws/install/my_robot_interfaces/lib:/home/ros2/bookros2_ws/install/groot/lib:/home/ros2/bookros2_ws/install/br2_vff_avoidance/lib:/home/ros2/bookros2_ws/install/br2_tracking/lib:/home/ros2/bookros2_ws/install/br2_tracking_msgs/lib:/home/ros2/bookros2_ws/install/br2_tf2_detector/lib:/home/ros2/bookros2_ws/install/br2_bt_patrolling/lib:/home/ros2/bookros2_ws/install/br2_bt_bumpgo/lib:/usr/lib/x86_64-linux-gnu/gazebo-11/plugins:/opt/ros/humble/opt/rviz_ogre_vendor/lib:/opt/ros/humble/lib/x86_64-linux-gnu:/opt/ros/humble/lib:/usr/share/gazebo/../../lib/x86_64-linux-gnu/gazebo-11/plugins /usr/bin/cmake --build /home/ros2/arduinobot_ws/build/arduinobot_utils -- -j16 -l16
[0.834s] DEBUG:colcon.colcon_core.event_handler.log_command:Invoking command in '/home/ros2/arduinobot_ws/build/arduinobot_utils': CMAKE_PREFIX_PATH=/home/ros2/arduinobot_ws/install/arduinobot_msgs:/home/ros2/arduinobot_ws/install/arduinobot_utils:/home/ros2/arduinobot_ws/install/arduinobot_cpp_examples:/home/ros2/arduinobot_ws/install/arduinobot_description:/home/ros2/arduinobot_ws/install/arduinobot_controller:/home/ros2/manipulation_ws/install/manipulation_bringup:/home/ros2/manipulation_ws/install/manipulation_description:/home/ros2/ros2_ws/install/my_robot_interfaces:/home/ros2/ros2_ws/install/my_robot_bringup:/home/ros2/ros2_ws/install/my_robot_description:/home/ros2/ros2_ws/install/my_cpp_pkg:/home/ros2/bookros2_ws/install/urdf_test:/home/ros2/bookros2_ws/install/tiago_simulation:/home/ros2/bookros2_ws/install/tiago_robot:/home/ros2/bookros2_ws/install/tiago_navigation:/home/ros2/bookros2_ws/install/tiago_gazebo:/home/ros2/bookros2_ws/install/tiago_moveit_config:/home/ros2/bookros2_ws/install/tiago_laser_sensors:/home/ros2/bookros2_ws/install/tiago_bringup:/home/ros2/bookros2_ws/install/tiago_description:/home/ros2/bookros2_ws/install/tiago_controller_configuration:/home/ros2/bookros2_ws/install/tiago_2dnav:/home/ros2/bookros2_ws/install/pmb2_robot:/home/ros2/bookros2_ws/install/pmb2_navigation:/home/ros2/bookros2_ws/install/pmb2_2dnav:/home/ros2/bookros2_ws/install/pmb2_laser_sensors:/home/ros2/bookros2_ws/install/pmb2_bringup:/home/ros2/bookros2_ws/install/pmb2_description:/home/ros2/bookros2_ws/install/pmb2_controller_configuration:/home/ros2/bookros2_ws/install/pal_gripper:/home/ros2/bookros2_ws/install/pal_gripper_description:/home/ros2/bookros2_ws/install/pal_gazebo_worlds:/home/ros2/bookros2_ws/install/my_package:/home/ros2/bookros2_ws/install/hey5_description:/home/ros2/bookros2_ws/install/groot:/home/ros2/bookros2_ws/install/br2_vff_avoidance:/home/ros2/bookros2_ws/install/br2_tracking:/home/ros2/bookros2_ws/install/br2_tracking_msgs:/home/ros2/bookros2_ws/install/br2_tiago:/home/ros2/bookros2_ws/install/br2_tf2_detector:/home/ros2/bookros2_ws/install/br2_navigation:/home/ros2/bookros2_ws/install/br2_fsm_bumpgo_cpp:/home/ros2/bookros2_ws/install/br2_bt_patrolling:/home/ros2/bookros2_ws/install/br2_bt_bumpgo:/home/ros2/bookros2_ws/install/br2_basics:/home/ros2/ros2_ws/install/actions_py:/home/ros2/bookros2_ws/install/pmb2_maps:/home/ros2/bookros2_ws/install/pal_gripper_controller_configuration:/home/ros2/bookros2_ws/install/launch_pal:/home/ros2/bookros2_ws/install/br2_fsm_bumpgo_py:/opt/ros/humble LD_LIBRARY_PATH=/home/ros2/arduinobot_ws/install/arduinobot_msgs/lib:/home/ros2/ros2_ws/install/my_robot_interfaces/lib:/home/ros2/bookros2_ws/install/groot/lib:/home/ros2/bookros2_ws/install/br2_vff_avoidance/lib:/home/ros2/bookros2_ws/install/br2_tracking/lib:/home/ros2/bookros2_ws/install/br2_tracking_msgs/lib:/home/ros2/bookros2_ws/install/br2_tf2_detector/lib:/home/ros2/bookros2_ws/install/br2_bt_patrolling/lib:/home/ros2/bookros2_ws/install/br2_bt_bumpgo/lib:/usr/lib/x86_64-linux-gnu/gazebo-11/plugins:/opt/ros/humble/opt/rviz_ogre_vendor/lib:/opt/ros/humble/lib/x86_64-linux-gnu:/opt/ros/humble/lib:/usr/share/gazebo/../../lib/x86_64-linux-gnu/gazebo-11/plugins /usr/bin/cmake --install /home/ros2/arduinobot_ws/build/arduinobot_utils
[0.836s] DEBUG:colcon.colcon_core.event_handler.log_command:Invoking command in '/home/ros2/arduinobot_ws/build/arduinobot_cpp_examples': CMAKE_PREFIX_PATH=/home/ros2/arduinobot_ws/install/arduinobot_msgs:/home/ros2/arduinobot_ws/install/arduinobot_utils:/home/ros2/arduinobot_ws/install/arduinobot_cpp_examples:/home/ros2/arduinobot_ws/install/arduinobot_description:/home/ros2/arduinobot_ws/install/arduinobot_controller:/home/ros2/manipulation_ws/install/manipulation_bringup:/home/ros2/manipulation_ws/install/manipulation_description:/home/ros2/ros2_ws/install/my_robot_interfaces:/home/ros2/ros2_ws/install/my_robot_bringup:/home/ros2/ros2_ws/install/my_robot_description:/home/ros2/ros2_ws/install/my_cpp_pkg:/home/ros2/bookros2_ws/install/urdf_test:/home/ros2/bookros2_ws/install/tiago_simulation:/home/ros2/bookros2_ws/install/tiago_robot:/home/ros2/bookros2_ws/install/tiago_navigation:/home/ros2/bookros2_ws/install/tiago_gazebo:/home/ros2/bookros2_ws/install/tiago_moveit_config:/home/ros2/bookros2_ws/install/tiago_laser_sensors:/home/ros2/bookros2_ws/install/tiago_bringup:/home/ros2/bookros2_ws/install/tiago_description:/home/ros2/bookros2_ws/install/tiago_controller_configuration:/home/ros2/bookros2_ws/install/tiago_2dnav:/home/ros2/bookros2_ws/install/pmb2_robot:/home/ros2/bookros2_ws/install/pmb2_navigation:/home/ros2/bookros2_ws/install/pmb2_2dnav:/home/ros2/bookros2_ws/install/pmb2_laser_sensors:/home/ros2/bookros2_ws/install/pmb2_bringup:/home/ros2/bookros2_ws/install/pmb2_description:/home/ros2/bookros2_ws/install/pmb2_controller_configuration:/home/ros2/bookros2_ws/install/pal_gripper:/home/ros2/bookros2_ws/install/pal_gripper_description:/home/ros2/bookros2_ws/install/pal_gazebo_worlds:/home/ros2/bookros2_ws/install/my_package:/home/ros2/bookros2_ws/install/hey5_description:/home/ros2/bookros2_ws/install/groot:/home/ros2/bookros2_ws/install/br2_vff_avoidance:/home/ros2/bookros2_ws/install/br2_tracking:/home/ros2/bookros2_ws/install/br2_tracking_msgs:/home/ros2/bookros2_ws/install/br2_tiago:/home/ros2/bookros2_ws/install/br2_tf2_detector:/home/ros2/bookros2_ws/install/br2_navigation:/home/ros2/bookros2_ws/install/br2_fsm_bumpgo_cpp:/home/ros2/bookros2_ws/install/br2_bt_patrolling:/home/ros2/bookros2_ws/install/br2_bt_bumpgo:/home/ros2/bookros2_ws/install/br2_basics:/home/ros2/ros2_ws/install/actions_py:/home/ros2/bookros2_ws/install/pmb2_maps:/home/ros2/bookros2_ws/install/pal_gripper_controller_configuration:/home/ros2/bookros2_ws/install/launch_pal:/home/ros2/bookros2_ws/install/br2_fsm_bumpgo_py:/opt/ros/humble LD_LIBRARY_PATH=/home/ros2/arduinobot_ws/install/arduinobot_msgs/lib:/home/ros2/ros2_ws/install/my_robot_interfaces/lib:/home/ros2/bookros2_ws/install/groot/lib:/home/ros2/bookros2_ws/install/br2_vff_avoidance/lib:/home/ros2/bookros2_ws/install/br2_tracking/lib:/home/ros2/bookros2_ws/install/br2_tracking_msgs/lib:/home/ros2/bookros2_ws/install/br2_tf2_detector/lib:/home/ros2/bookros2_ws/install/br2_bt_patrolling/lib:/home/ros2/bookros2_ws/install/br2_bt_bumpgo/lib:/usr/lib/x86_64-linux-gnu/gazebo-11/plugins:/opt/ros/humble/opt/rviz_ogre_vendor/lib:/opt/ros/humble/lib/x86_64-linux-gnu:/opt/ros/humble/lib:/usr/share/gazebo/../../lib/x86_64-linux-gnu/gazebo-11/plugins /usr/bin/cmake --install /home/ros2/arduinobot_ws/build/arduinobot_cpp_examples
[0.840s] Level 1:colcon.colcon_core.environment:create_environment_scripts_only(arduinobot_utils)
[0.840s] Level 1:colcon.colcon_core.environment:checking '/home/ros2/arduinobot_ws/install/arduinobot_utils' for CMake module files
[0.841s] DEBUG:colcon.colcon_core.event_handler.log_command:Invoked command in '/home/ros2/arduinobot_ws/build/arduinobot_utils' returned '0': CMAKE_PREFIX_PATH=/home/ros2/arduinobot_ws/install/arduinobot_msgs:/home/ros2/arduinobot_ws/install/arduinobot_utils:/home/ros2/arduinobot_ws/install/arduinobot_cpp_examples:/home/ros2/arduinobot_ws/install/arduinobot_description:/home/ros2/arduinobot_ws/install/arduinobot_controller:/home/ros2/manipulation_ws/install/manipulation_bringup:/home/ros2/manipulation_ws/install/manipulation_description:/home/ros2/ros2_ws/install/my_robot_interfaces:/home/ros2/ros2_ws/install/my_robot_bringup:/home/ros2/ros2_ws/install/my_robot_description:/home/ros2/ros2_ws/install/my_cpp_pkg:/home/ros2/bookros2_ws/install/urdf_test:/home/ros2/bookros2_ws/install/tiago_simulation:/home/ros2/bookros2_ws/install/tiago_robot:/home/ros2/bookros2_ws/install/tiago_navigation:/home/ros2/bookros2_ws/install/tiago_gazebo:/home/ros2/bookros2_ws/install/tiago_moveit_config:/home/ros2/bookros2_ws/install/tiago_laser_sensors:/home/ros2/bookros2_ws/install/tiago_bringup:/home/ros2/bookros2_ws/install/tiago_description:/home/ros2/bookros2_ws/install/tiago_controller_configuration:/home/ros2/bookros2_ws/install/tiago_2dnav:/home/ros2/bookros2_ws/install/pmb2_robot:/home/ros2/bookros2_ws/install/pmb2_navigation:/home/ros2/bookros2_ws/install/pmb2_2dnav:/home/ros2/bookros2_ws/install/pmb2_laser_sensors:/home/ros2/bookros2_ws/install/pmb2_bringup:/home/ros2/bookros2_ws/install/pmb2_description:/home/ros2/bookros2_ws/install/pmb2_controller_configuration:/home/ros2/bookros2_ws/install/pal_gripper:/home/ros2/bookros2_ws/install/pal_gripper_description:/home/ros2/bookros2_ws/install/pal_gazebo_worlds:/home/ros2/bookros2_ws/install/my_package:/home/ros2/bookros2_ws/install/hey5_description:/home/ros2/bookros2_ws/install/groot:/home/ros2/bookros2_ws/install/br2_vff_avoidance:/home/ros2/bookros2_ws/install/br2_tracking:/home/ros2/bookros2_ws/install/br2_tracking_msgs:/home/ros2/bookros2_ws/install/br2_tiago:/home/ros2/bookros2_ws/install/br2_tf2_detector:/home/ros2/bookros2_ws/install/br2_navigation:/home/ros2/bookros2_ws/install/br2_fsm_bumpgo_cpp:/home/ros2/bookros2_ws/install/br2_bt_patrolling:/home/ros2/bookros2_ws/install/br2_bt_bumpgo:/home/ros2/bookros2_ws/install/br2_basics:/home/ros2/ros2_ws/install/actions_py:/home/ros2/bookros2_ws/install/pmb2_maps:/home/ros2/bookros2_ws/install/pal_gripper_controller_configuration:/home/ros2/bookros2_ws/install/launch_pal:/home/ros2/bookros2_ws/install/br2_fsm_bumpgo_py:/opt/ros/humble LD_LIBRARY_PATH=/home/ros2/arduinobot_ws/install/arduinobot_msgs/lib:/home/ros2/ros2_ws/install/my_robot_interfaces/lib:/home/ros2/bookros2_ws/install/groot/lib:/home/ros2/bookros2_ws/install/br2_vff_avoidance/lib:/home/ros2/bookros2_ws/install/br2_tracking/lib:/home/ros2/bookros2_ws/install/br2_tracking_msgs/lib:/home/ros2/bookros2_ws/install/br2_tf2_detector/lib:/home/ros2/bookros2_ws/install/br2_bt_patrolling/lib:/home/ros2/bookros2_ws/install/br2_bt_bumpgo/lib:/usr/lib/x86_64-linux-gnu/gazebo-11/plugins:/opt/ros/humble/opt/rviz_ogre_vendor/lib:/opt/ros/humble/lib/x86_64-linux-gnu:/opt/ros/humble/lib:/usr/share/gazebo/../../lib/x86_64-linux-gnu/gazebo-11/plugins /usr/bin/cmake --install /home/ros2/arduinobot_ws/build/arduinobot_utils
[0.843s] Level 1:colcon.colcon_core.environment:checking '/home/ros2/arduinobot_ws/install/arduinobot_utils' for CMake config files
[0.843s] Level 1:colcon.colcon_core.shell:create_environment_hook('arduinobot_utils', 'cmake_prefix_path')
[0.843s] INFO:colcon.colcon_core.shell:Creating environment hook '/home/ros2/arduinobot_ws/install/arduinobot_utils/share/arduinobot_utils/hook/cmake_prefix_path.ps1'
[0.843s] INFO:colcon.colcon_core.shell:Creating environment descriptor '/home/ros2/arduinobot_ws/install/arduinobot_utils/share/arduinobot_utils/hook/cmake_prefix_path.dsv'
[0.843s] INFO:colcon.colcon_core.shell:Creating environment hook '/home/ros2/arduinobot_ws/install/arduinobot_utils/share/arduinobot_utils/hook/cmake_prefix_path.sh'
[0.844s] Level 1:colcon.colcon_core.environment:checking '/home/ros2/arduinobot_ws/install/arduinobot_utils/lib'
[0.844s] Level 1:colcon.colcon_core.environment:checking '/home/ros2/arduinobot_ws/install/arduinobot_utils/bin'
[0.844s] Level 1:colcon.colcon_core.environment:checking '/home/ros2/arduinobot_ws/install/arduinobot_utils/lib/pkgconfig/arduinobot_utils.pc'
[0.844s] Level 1:colcon.colcon_core.environment:checking '/home/ros2/arduinobot_ws/install/arduinobot_utils/lib/python3.10/site-packages'
[0.844s] Level 1:colcon.colcon_core.environment:checking '/home/ros2/arduinobot_ws/install/arduinobot_utils/bin'
[0.844s] INFO:colcon.colcon_core.shell:Creating package script '/home/ros2/arduinobot_ws/install/arduinobot_utils/share/arduinobot_utils/package.ps1'
[0.844s] INFO:colcon.colcon_core.shell:Creating package descriptor '/home/ros2/arduinobot_ws/install/arduinobot_utils/share/arduinobot_utils/package.dsv'
[0.845s] INFO:colcon.colcon_core.shell:Creating package script '/home/ros2/arduinobot_ws/install/arduinobot_utils/share/arduinobot_utils/package.sh'
[0.845s] INFO:colcon.colcon_core.shell:Creating package script '/home/ros2/arduinobot_ws/install/arduinobot_utils/share/arduinobot_utils/package.bash'
[0.845s] INFO:colcon.colcon_core.shell:Creating package script '/home/ros2/arduinobot_ws/install/arduinobot_utils/share/arduinobot_utils/package.zsh'
[0.845s] Level 1:colcon.colcon_core.environment:create_file_with_runtime_dependencies(/home/ros2/arduinobot_ws/install/arduinobot_utils/share/colcon-core/packages/arduinobot_utils)
[0.846s] Level 1:colcon.colcon_core.environment:create_environment_scripts_only(arduinobot_cpp_examples)
[0.847s] Level 1:colcon.colcon_core.environment:checking '/home/ros2/arduinobot_ws/install/arduinobot_cpp_examples' for CMake module files
[0.847s] DEBUG:colcon.colcon_core.event_handler.log_command:Invoked command in '/home/ros2/arduinobot_ws/build/arduinobot_cpp_examples' returned '0': CMAKE_PREFIX_PATH=/home/ros2/arduinobot_ws/install/arduinobot_msgs:/home/ros2/arduinobot_ws/install/arduinobot_utils:/home/ros2/arduinobot_ws/install/arduinobot_cpp_examples:/home/ros2/arduinobot_ws/install/arduinobot_description:/home/ros2/arduinobot_ws/install/arduinobot_controller:/home/ros2/manipulation_ws/install/manipulation_bringup:/home/ros2/manipulation_ws/install/manipulation_description:/home/ros2/ros2_ws/install/my_robot_interfaces:/home/ros2/ros2_ws/install/my_robot_bringup:/home/ros2/ros2_ws/install/my_robot_description:/home/ros2/ros2_ws/install/my_cpp_pkg:/home/ros2/bookros2_ws/install/urdf_test:/home/ros2/bookros2_ws/install/tiago_simulation:/home/ros2/bookros2_ws/install/tiago_robot:/home/ros2/bookros2_ws/install/tiago_navigation:/home/ros2/bookros2_ws/install/tiago_gazebo:/home/ros2/bookros2_ws/install/tiago_moveit_config:/home/ros2/bookros2_ws/install/tiago_laser_sensors:/home/ros2/bookros2_ws/install/tiago_bringup:/home/ros2/bookros2_ws/install/tiago_description:/home/ros2/bookros2_ws/install/tiago_controller_configuration:/home/ros2/bookros2_ws/install/tiago_2dnav:/home/ros2/bookros2_ws/install/pmb2_robot:/home/ros2/bookros2_ws/install/pmb2_navigation:/home/ros2/bookros2_ws/install/pmb2_2dnav:/home/ros2/bookros2_ws/install/pmb2_laser_sensors:/home/ros2/bookros2_ws/install/pmb2_bringup:/home/ros2/bookros2_ws/install/pmb2_description:/home/ros2/bookros2_ws/install/pmb2_controller_configuration:/home/ros2/bookros2_ws/install/pal_gripper:/home/ros2/bookros2_ws/install/pal_gripper_description:/home/ros2/bookros2_ws/install/pal_gazebo_worlds:/home/ros2/bookros2_ws/install/my_package:/home/ros2/bookros2_ws/install/hey5_description:/home/ros2/bookros2_ws/install/groot:/home/ros2/bookros2_ws/install/br2_vff_avoidance:/home/ros2/bookros2_ws/install/br2_tracking:/home/ros2/bookros2_ws/install/br2_tracking_msgs:/home/ros2/bookros2_ws/install/br2_tiago:/home/ros2/bookros2_ws/install/br2_tf2_detector:/home/ros2/bookros2_ws/install/br2_navigation:/home/ros2/bookros2_ws/install/br2_fsm_bumpgo_cpp:/home/ros2/bookros2_ws/install/br2_bt_patrolling:/home/ros2/bookros2_ws/install/br2_bt_bumpgo:/home/ros2/bookros2_ws/install/br2_basics:/home/ros2/ros2_ws/install/actions_py:/home/ros2/bookros2_ws/install/pmb2_maps:/home/ros2/bookros2_ws/install/pal_gripper_controller_configuration:/home/ros2/bookros2_ws/install/launch_pal:/home/ros2/bookros2_ws/install/br2_fsm_bumpgo_py:/opt/ros/humble LD_LIBRARY_PATH=/home/ros2/arduinobot_ws/install/arduinobot_msgs/lib:/home/ros2/ros2_ws/install/my_robot_interfaces/lib:/home/ros2/bookros2_ws/install/groot/lib:/home/ros2/bookros2_ws/install/br2_vff_avoidance/lib:/home/ros2/bookros2_ws/install/br2_tracking/lib:/home/ros2/bookros2_ws/install/br2_tracking_msgs/lib:/home/ros2/bookros2_ws/install/br2_tf2_detector/lib:/home/ros2/bookros2_ws/install/br2_bt_patrolling/lib:/home/ros2/bookros2_ws/install/br2_bt_bumpgo/lib:/usr/lib/x86_64-linux-gnu/gazebo-11/plugins:/opt/ros/humble/opt/rviz_ogre_vendor/lib:/opt/ros/humble/lib/x86_64-linux-gnu:/opt/ros/humble/lib:/usr/share/gazebo/../../lib/x86_64-linux-gnu/gazebo-11/plugins /usr/bin/cmake --install /home/ros2/arduinobot_ws/build/arduinobot_cpp_examples
[0.847s] Level 1:colcon.colcon_core.environment:checking '/home/ros2/arduinobot_ws/install/arduinobot_cpp_examples' for CMake config files
[0.847s] Level 1:colcon.colcon_core.shell:create_environment_hook('arduinobot_cpp_examples', 'cmake_prefix_path')
[0.847s] INFO:colcon.colcon_core.shell:Creating environment hook '/home/ros2/arduinobot_ws/install/arduinobot_cpp_examples/share/arduinobot_cpp_examples/hook/cmake_prefix_path.ps1'
[0.848s] INFO:colcon.colcon_core.shell:Creating environment descriptor '/home/ros2/arduinobot_ws/install/arduinobot_cpp_examples/share/arduinobot_cpp_examples/hook/cmake_prefix_path.dsv'
[0.848s] INFO:colcon.colcon_core.shell:Creating environment hook '/home/ros2/arduinobot_ws/install/arduinobot_cpp_examples/share/arduinobot_cpp_examples/hook/cmake_prefix_path.sh'
[0.848s] Level 1:colcon.colcon_core.environment:checking '/home/ros2/arduinobot_ws/install/arduinobot_cpp_examples/lib'
[0.848s] Level 1:colcon.colcon_core.environment:checking '/home/ros2/arduinobot_ws/install/arduinobot_cpp_examples/bin'
[0.848s] Level 1:colcon.colcon_core.environment:checking '/home/ros2/arduinobot_ws/install/arduinobot_cpp_examples/lib/pkgconfig/arduinobot_cpp_examples.pc'
[0.848s] Level 1:colcon.colcon_core.environment:checking '/home/ros2/arduinobot_ws/install/arduinobot_cpp_examples/lib/python3.10/site-packages'
[0.848s] Level 1:colcon.colcon_core.environment:checking '/home/ros2/arduinobot_ws/install/arduinobot_cpp_examples/bin'
[0.849s] INFO:colcon.colcon_core.shell:Creating package script '/home/ros2/arduinobot_ws/install/arduinobot_cpp_examples/share/arduinobot_cpp_examples/package.ps1'
[0.849s] INFO:colcon.colcon_core.shell:Creating package descriptor '/home/ros2/arduinobot_ws/install/arduinobot_cpp_examples/share/arduinobot_cpp_examples/package.dsv'
[0.849s] INFO:colcon.colcon_core.shell:Creating package script '/home/ros2/arduinobot_ws/install/arduinobot_cpp_examples/share/arduinobot_cpp_examples/package.sh'
[0.849s] INFO:colcon.colcon_core.shell:Creating package script '/home/ros2/arduinobot_ws/install/arduinobot_cpp_examples/share/arduinobot_cpp_examples/package.bash'
[0.849s] INFO:colcon.colcon_core.shell:Creating package script '/home/ros2/arduinobot_ws/install/arduinobot_cpp_examples/share/arduinobot_cpp_examples/package.zsh'
[0.849s] Level 1:colcon.colcon_core.environment:create_file_with_runtime_dependencies(/home/ros2/arduinobot_ws/install/arduinobot_cpp_examples/share/colcon-core/packages/arduinobot_cpp_examples)
[0.860s] Level 1:colcon.colcon_core.environment:create_environment_scripts_only(arduinobot_utils)
[0.861s] Level 1:colcon.colcon_core.environment:checking '/home/ros2/arduinobot_ws/install/arduinobot_utils' for CMake module files
[0.861s] Level 1:colcon.colcon_core.environment:checking '/home/ros2/arduinobot_ws/install/arduinobot_utils' for CMake config files
[0.861s] Level 1:colcon.colcon_core.shell:create_environment_hook('arduinobot_utils', 'cmake_prefix_path')
[0.861s] INFO:colcon.colcon_core.shell:Creating environment hook '/home/ros2/arduinobot_ws/install/arduinobot_utils/share/arduinobot_utils/hook/cmake_prefix_path.ps1'
[0.861s] INFO:colcon.colcon_core.shell:Creating environment descriptor '/home/ros2/arduinobot_ws/install/arduinobot_utils/share/arduinobot_utils/hook/cmake_prefix_path.dsv'
[0.862s] INFO:colcon.colcon_core.shell:Creating environment hook '/home/ros2/arduinobot_ws/install/arduinobot_utils/share/arduinobot_utils/hook/cmake_prefix_path.sh'
[0.862s] Level 1:colcon.colcon_core.environment:checking '/home/ros2/arduinobot_ws/install/arduinobot_utils/lib'
[0.862s] Level 1:colcon.colcon_core.environment:checking '/home/ros2/arduinobot_ws/install/arduinobot_utils/bin'
[0.862s] Level 1:colcon.colcon_core.environment:checking '/home/ros2/arduinobot_ws/install/arduinobot_utils/lib/pkgconfig/arduinobot_utils.pc'
[0.862s] Level 1:colcon.colcon_core.environment:checking '/home/ros2/arduinobot_ws/install/arduinobot_utils/lib/python3.10/site-packages'
[0.862s] Level 1:colcon.colcon_core.environment:checking '/home/ros2/arduinobot_ws/install/arduinobot_utils/bin'
[0.863s] INFO:colcon.colcon_core.shell:Creating package script '/home/ros2/arduinobot_ws/install/arduinobot_utils/share/arduinobot_utils/package.ps1'
[0.863s] INFO:colcon.colcon_core.shell:Creating package descriptor '/home/ros2/arduinobot_ws/install/arduinobot_utils/share/arduinobot_utils/package.dsv'
[0.863s] INFO:colcon.colcon_core.shell:Creating package script '/home/ros2/arduinobot_ws/install/arduinobot_utils/share/arduinobot_utils/package.sh'
[0.863s] INFO:colcon.colcon_core.shell:Creating package script '/home/ros2/arduinobot_ws/install/arduinobot_utils/share/arduinobot_utils/package.bash'
[0.864s] INFO:colcon.colcon_core.shell:Creating package script '/home/ros2/arduinobot_ws/install/arduinobot_utils/share/arduinobot_utils/package.zsh'
[0.864s] Level 1:colcon.colcon_core.environment:create_file_with_runtime_dependencies(/home/ros2/arduinobot_ws/install/arduinobot_utils/share/colcon-core/packages/arduinobot_utils)
[0.868s] Level 1:colcon.colcon_core.environment:create_environment_scripts_only(arduinobot_cpp_examples)
[0.868s] Level 1:colcon.colcon_core.environment:checking '/home/ros2/arduinobot_ws/install/arduinobot_cpp_examples' for CMake module files
[0.869s] Level 1:colcon.colcon_core.environment:checking '/home/ros2/arduinobot_ws/install/arduinobot_cpp_examples' for CMake config files
[0.869s] Level 1:colcon.colcon_core.shell:create_environment_hook('arduinobot_cpp_examples', 'cmake_prefix_path')
[0.869s] INFO:colcon.colcon_core.shell:Creating environment hook '/home/ros2/arduinobot_ws/install/arduinobot_cpp_examples/share/arduinobot_cpp_examples/hook/cmake_prefix_path.ps1'
[0.869s] INFO:colcon.colcon_core.shell:Creating environment descriptor '/home/ros2/arduinobot_ws/install/arduinobot_cpp_examples/share/arduinobot_cpp_examples/hook/cmake_prefix_path.dsv'
[0.869s] INFO:colcon.colcon_core.shell:Creating environment hook '/home/ros2/arduinobot_ws/install/arduinobot_cpp_examples/share/arduinobot_cpp_examples/hook/cmake_prefix_path.sh'
[0.870s] Level 1:colcon.colcon_core.environment:checking '/home/ros2/arduinobot_ws/install/arduinobot_cpp_examples/lib'
[0.870s] Level 1:colcon.colcon_core.environment:checking '/home/ros2/arduinobot_ws/install/arduinobot_cpp_examples/bin'
[0.870s] Level 1:colcon.colcon_core.environment:checking '/home/ros2/arduinobot_ws/install/arduinobot_cpp_examples/lib/pkgconfig/arduinobot_cpp_examples.pc'
[0.870s] Level 1:colcon.colcon_core.environment:checking '/home/ros2/arduinobot_ws/install/arduinobot_cpp_examples/lib/python3.10/site-packages'
[0.870s] Level 1:colcon.colcon_core.environment:checking '/home/ros2/arduinobot_ws/install/arduinobot_cpp_examples/bin'
[0.870s] INFO:colcon.colcon_core.shell:Creating package script '/home/ros2/arduinobot_ws/install/arduinobot_cpp_examples/share/arduinobot_cpp_examples/package.ps1'
[0.871s] INFO:colcon.colcon_core.shell:Creating package descriptor '/home/ros2/arduinobot_ws/install/arduinobot_cpp_examples/share/arduinobot_cpp_examples/package.dsv'
[0.871s] INFO:colcon.colcon_core.shell:Creating package script '/home/ros2/arduinobot_ws/install/arduinobot_cpp_examples/share/arduinobot_cpp_examples/package.sh'
[0.871s] INFO:colcon.colcon_core.shell:Creating package script '/home/ros2/arduinobot_ws/install/arduinobot_cpp_examples/share/arduinobot_cpp_examples/package.bash'
[0.871s] INFO:colcon.colcon_core.shell:Creating package script '/home/ros2/arduinobot_ws/install/arduinobot_cpp_examples/share/arduinobot_cpp_examples/package.zsh'
[0.872s] Level 1:colcon.colcon_core.environment:create_file_with_runtime_dependencies(/home/ros2/arduinobot_ws/install/arduinobot_cpp_examples/share/colcon-core/packages/arduinobot_cpp_examples)
[1.756s] DEBUG:colcon.colcon_core.event_handler.log_command:Invoked command in '/home/ros2/arduinobot_ws/build/arduinobot_moveit' returned '0': CMAKE_PREFIX_PATH=${CMAKE_PREFIX_PATH}:/home/ros2/ros2_ws/install/actions_py:/home/ros2/bookros2_ws/install/pmb2_maps:/home/ros2/bookros2_ws/install/pal_gripper_controller_configuration:/home/ros2/bookros2_ws/install/launch_pal:/home/ros2/bookros2_ws/install/br2_fsm_bumpgo_py:/opt/ros/humble /usr/bin/cmake /home/ros2/arduinobot_ws/src/arduinobot_moveit -DCMAKE_INSTALL_PREFIX=/home/ros2/arduinobot_ws/install/arduinobot_moveit
[1.757s] DEBUG:colcon.colcon_core.event_handler.log_command:Invoking command in '/home/ros2/arduinobot_ws/build/arduinobot_moveit': CMAKE_PREFIX_PATH=${CMAKE_PREFIX_PATH}:/home/ros2/ros2_ws/install/actions_py:/home/ros2/bookros2_ws/install/pmb2_maps:/home/ros2/bookros2_ws/install/pal_gripper_controller_configuration:/home/ros2/bookros2_ws/install/launch_pal:/home/ros2/bookros2_ws/install/br2_fsm_bumpgo_py:/opt/ros/humble /usr/bin/cmake --build /home/ros2/arduinobot_ws/build/arduinobot_moveit -- -j16 -l16
[1.779s] DEBUG:colcon.colcon_core.event_handler.log_command:Invoked command in '/home/ros2/arduinobot_ws/build/arduinobot_moveit' returned '0': CMAKE_PREFIX_PATH=${CMAKE_PREFIX_PATH}:/home/ros2/ros2_ws/install/actions_py:/home/ros2/bookros2_ws/install/pmb2_maps:/home/ros2/bookros2_ws/install/pal_gripper_controller_configuration:/home/ros2/bookros2_ws/install/launch_pal:/home/ros2/bookros2_ws/install/br2_fsm_bumpgo_py:/opt/ros/humble /usr/bin/cmake --build /home/ros2/arduinobot_ws/build/arduinobot_moveit -- -j16 -l16
[1.795s] DEBUG:colcon.colcon_core.event_handler.log_command:Invoking command in '/home/ros2/arduinobot_ws/build/arduinobot_moveit': CMAKE_PREFIX_PATH=${CMAKE_PREFIX_PATH}:/home/ros2/ros2_ws/install/actions_py:/home/ros2/bookros2_ws/install/pmb2_maps:/home/ros2/bookros2_ws/install/pal_gripper_controller_configuration:/home/ros2/bookros2_ws/install/launch_pal:/home/ros2/bookros2_ws/install/br2_fsm_bumpgo_py:/opt/ros/humble /usr/bin/cmake --install /home/ros2/arduinobot_ws/build/arduinobot_moveit
[1.801s] Level 1:colcon.colcon_core.environment:create_environment_scripts_only(arduinobot_moveit)
[1.802s] DEBUG:colcon.colcon_core.event_handler.log_command:Invoked command in '/home/ros2/arduinobot_ws/build/arduinobot_moveit' returned '0': CMAKE_PREFIX_PATH=${CMAKE_PREFIX_PATH}:/home/ros2/ros2_ws/install/actions_py:/home/ros2/bookros2_ws/install/pmb2_maps:/home/ros2/bookros2_ws/install/pal_gripper_controller_configuration:/home/ros2/bookros2_ws/install/launch_pal:/home/ros2/bookros2_ws/install/br2_fsm_bumpgo_py:/opt/ros/humble /usr/bin/cmake --install /home/ros2/arduinobot_ws/build/arduinobot_moveit
[1.802s] Level 1:colcon.colcon_core.environment:checking '/home/ros2/arduinobot_ws/install/arduinobot_moveit' for CMake module files
[1.802s] Level 1:colcon.colcon_core.environment:checking '/home/ros2/arduinobot_ws/install/arduinobot_moveit' for CMake config files
[1.802s] Level 1:colcon.colcon_core.shell:create_environment_hook('arduinobot_moveit', 'cmake_prefix_path')
[1.802s] INFO:colcon.colcon_core.shell:Creating environment hook '/home/ros2/arduinobot_ws/install/arduinobot_moveit/share/arduinobot_moveit/hook/cmake_prefix_path.ps1'
[1.803s] INFO:colcon.colcon_core.shell:Creating environment descriptor '/home/ros2/arduinobot_ws/install/arduinobot_moveit/share/arduinobot_moveit/hook/cmake_prefix_path.dsv'
[1.803s] INFO:colcon.colcon_core.shell:Creating environment hook '/home/ros2/arduinobot_ws/install/arduinobot_moveit/share/arduinobot_moveit/hook/cmake_prefix_path.sh'
[1.803s] Level 1:colcon.colcon_core.environment:checking '/home/ros2/arduinobot_ws/install/arduinobot_moveit/bin'
[1.803s] Level 1:colcon.colcon_core.environment:checking '/home/ros2/arduinobot_ws/install/arduinobot_moveit/lib/pkgconfig/arduinobot_moveit.pc'
[1.803s] Level 1:colcon.colcon_core.environment:checking '/home/ros2/arduinobot_ws/install/arduinobot_moveit/lib/python3.10/site-packages'
[1.804s] Level 1:colcon.colcon_core.environment:checking '/home/ros2/arduinobot_ws/install/arduinobot_moveit/bin'
[1.804s] INFO:colcon.colcon_core.shell:Creating package script '/home/ros2/arduinobot_ws/install/arduinobot_moveit/share/arduinobot_moveit/package.ps1'
[1.804s] INFO:colcon.colcon_core.shell:Creating package descriptor '/home/ros2/arduinobot_ws/install/arduinobot_moveit/share/arduinobot_moveit/package.dsv'
[1.804s] INFO:colcon.colcon_core.shell:Creating package script '/home/ros2/arduinobot_ws/install/arduinobot_moveit/share/arduinobot_moveit/package.sh'
[1.804s] INFO:colcon.colcon_core.shell:Creating package script '/home/ros2/arduinobot_ws/install/arduinobot_moveit/share/arduinobot_moveit/package.bash'
[1.804s] INFO:colcon.colcon_core.shell:Creating package script '/home/ros2/arduinobot_ws/install/arduinobot_moveit/share/arduinobot_moveit/package.zsh'
[1.805s] Level 1:colcon.colcon_core.environment:create_file_with_runtime_dependencies(/home/ros2/arduinobot_ws/install/arduinobot_moveit/share/colcon-core/packages/arduinobot_moveit)
[1.820s] Level 1:colcon.colcon_core.environment:create_environment_scripts_only(arduinobot_moveit)
[1.820s] Level 1:colcon.colcon_core.environment:checking '/home/ros2/arduinobot_ws/install/arduinobot_moveit' for CMake module files
[1.821s] Level 1:colcon.colcon_core.environment:checking '/home/ros2/arduinobot_ws/install/arduinobot_moveit' for CMake config files
[1.821s] Level 1:colcon.colcon_core.shell:create_environment_hook('arduinobot_moveit', 'cmake_prefix_path')
[1.821s] INFO:colcon.colcon_core.shell:Creating environment hook '/home/ros2/arduinobot_ws/install/arduinobot_moveit/share/arduinobot_moveit/hook/cmake_prefix_path.ps1'
[1.821s] INFO:colcon.colcon_core.shell:Creating environment descriptor '/home/ros2/arduinobot_ws/install/arduinobot_moveit/share/arduinobot_moveit/hook/cmake_prefix_path.dsv'
[1.821s] INFO:colcon.colcon_core.shell:Creating environment hook '/home/ros2/arduinobot_ws/install/arduinobot_moveit/share/arduinobot_moveit/hook/cmake_prefix_path.sh'
[1.822s] Level 1:colcon.colcon_core.environment:checking '/home/ros2/arduinobot_ws/install/arduinobot_moveit/bin'
[1.822s] Level 1:colcon.colcon_core.environment:checking '/home/ros2/arduinobot_ws/install/arduinobot_moveit/lib/pkgconfig/arduinobot_moveit.pc'
[1.822s] Level 1:colcon.colcon_core.environment:checking '/home/ros2/arduinobot_ws/install/arduinobot_moveit/lib/python3.10/site-packages'
[1.822s] Level 1:colcon.colcon_core.environment:checking '/home/ros2/arduinobot_ws/install/arduinobot_moveit/bin'
[1.822s] INFO:colcon.colcon_core.shell:Creating package script '/home/ros2/arduinobot_ws/install/arduinobot_moveit/share/arduinobot_moveit/package.ps1'
[1.823s] INFO:colcon.colcon_core.shell:Creating package descriptor '/home/ros2/arduinobot_ws/install/arduinobot_moveit/share/arduinobot_moveit/package.dsv'
[1.823s] INFO:colcon.colcon_core.shell:Creating package script '/home/ros2/arduinobot_ws/install/arduinobot_moveit/share/arduinobot_moveit/package.sh'
[1.823s] INFO:colcon.colcon_core.shell:Creating package script '/home/ros2/arduinobot_ws/install/arduinobot_moveit/share/arduinobot_moveit/package.bash'
[1.823s] INFO:colcon.colcon_core.shell:Creating package script '/home/ros2/arduinobot_ws/install/arduinobot_moveit/share/arduinobot_moveit/package.zsh'
[1.824s] Level 1:colcon.colcon_core.environment:create_file_with_runtime_dependencies(/home/ros2/arduinobot_ws/install/arduinobot_moveit/share/colcon-core/packages/arduinobot_moveit)
[1.824s] DEBUG:colcon.colcon_parallel_executor.executor.parallel:closing loop
[1.824s] DEBUG:colcon.colcon_parallel_executor.executor.parallel:loop closed
[1.825s] DEBUG:colcon.colcon_parallel_executor.executor.parallel:run_until_complete finished with '0'
[1.825s] DEBUG:colcon.colcon_core.event_reactor:joining thread
[1.862s] INFO:colcon.colcon_core.plugin_system:Skipping extension 'colcon_notification.desktop_notification.notify_send': Could not find 'notify-send'
[1.862s] INFO:colcon.colcon_core.plugin_system:Skipping extension 'colcon_notification.desktop_notification.terminal_notifier': Not used on non-Darwin systems
[1.863s] INFO:colcon.colcon_core.plugin_system:Skipping extension 'colcon_notification.desktop_notification.win32': Not used on non-Windows systems
[1.863s] INFO:colcon.colcon_notification.desktop_notification:Sending desktop notification using 'notify2'
[1.863s] DEBUG:colcon.colcon_notification.desktop_notification.notify2:Failed to initialize notify2: org.freedesktop.DBus.Error.ServiceUnknown: The name org.freedesktop.Notifications was not provided by any .service files
[1.864s] DEBUG:colcon.colcon_core.event_reactor:joined thread
[1.864s] INFO:colcon.colcon_core.shell:Creating prefix script '/home/ros2/arduinobot_ws/install/local_setup.ps1'
[1.865s] INFO:colcon.colcon_core.shell:Creating prefix util module '/home/ros2/arduinobot_ws/install/_local_setup_util_ps1.py'
[1.865s] INFO:colcon.colcon_core.shell:Creating prefix chain script '/home/ros2/arduinobot_ws/install/setup.ps1'
[1.867s] INFO:colcon.colcon_core.shell:Creating prefix script '/home/ros2/arduinobot_ws/install/local_setup.sh'
[1.867s] INFO:colcon.colcon_core.shell:Creating prefix util module '/home/ros2/arduinobot_ws/install/_local_setup_util_sh.py'
[1.867s] INFO:colcon.colcon_core.shell:Creating prefix chain script '/home/ros2/arduinobot_ws/install/setup.sh'
[1.868s] INFO:colcon.colcon_core.shell:Creating prefix script '/home/ros2/arduinobot_ws/install/local_setup.bash'
[1.869s] INFO:colcon.colcon_core.shell:Creating prefix chain script '/home/ros2/arduinobot_ws/install/setup.bash'
[1.870s] INFO:colcon.colcon_core.shell:Creating prefix script '/home/ros2/arduinobot_ws/install/local_setup.zsh'
[1.870s] INFO:colcon.colcon_core.shell:Creating prefix chain script '/home/ros2/arduinobot_ws/install/setup.zsh'
